23:05:48.827 [main                     ] DEBUG Logger               - Configured Logger
23:05:48.852 [main                     ] DEBUG GameApplication      - Logging settings
Title: BOMBER 
 MAN
Version: 2.0
Width: 1280
Height: 720
Fullscreen: false
Intro: false
Profiling: false
Single step:false
App Mode: DEVELOPER
Menu Key: ESCAPE
Stage Style: DECORATED
Scene Factory: class Bomberman.BombermanApp$1

23:05:49.142 [JavaFX Application Thread] DEBUG FXGLApplication      - Initializing FXGL
23:05:49.145 [JavaFX Application Thread] INFO  Engine               - FXGL-17.1 (24.03.2022 17.34) on MAC (J:18.0.2-ea FX:18)
23:05:49.145 [JavaFX Application Thread] DEBUG Engine               - JRE Vendor Name: IBM Corporation
23:05:49.145 [JavaFX Application Thread] DEBUG Engine               - Running on OS: Mac OS X version 12.5.1
23:05:49.145 [JavaFX Application Thread] DEBUG Engine               - Architecture: aarch64
23:05:49.145 [JavaFX Application Thread] INFO  Engine               - Source code and latest versions at: https://github.com/AlmasB/FXGL
23:05:49.145 [JavaFX Application Thread] INFO  Engine               -       Ask questions and discuss at: https://github.com/AlmasB/FXGL/discussions
23:05:49.145 [JavaFX Application Thread] INFO  Engine               -              Join the FXGL chat at: https://gitter.im/AlmasB/FXGL
23:05:49.223 [JavaFX Application Thread] DEBUG PrimaryStageWindow   - Creating a JavaFX scene
23:05:49.257 [JavaFX Application Thread] DEBUG PrimaryStageWindow   - Target settings size: 1280.0 x 720.0
23:05:49.257 [JavaFX Application Thread] DEBUG PrimaryStageWindow   - Scaled scene size:    1280.0 x 720.0
23:05:49.258 [JavaFX Application Thread] DEBUG PrimaryStageWindow   - Scaled ratio: (1.0, 1.0)
23:05:49.258 [JavaFX Application Thread] DEBUG PrimaryStageWindow   - Set initial scene to FXGLStartupScene
23:05:49.263 [JavaFX Application Thread] DEBUG PrimaryStageWindow   - Opening main window
23:05:49.302 [JavaFX Application Thread] DEBUG PrimaryStageWindow   - Window border size: (0.0, 28.0)
23:05:49.302 [JavaFX Application Thread] DEBUG PrimaryStageWindow   - Scaled size: 1280.0 x 720.0
23:05:49.303 [JavaFX Application Thread] DEBUG PrimaryStageWindow   - Scaled ratio: (1.0, 1.0)
23:05:49.303 [JavaFX Application Thread] DEBUG PrimaryStageWindow   - Scene size: 1280.0 x 720.0
23:05:49.303 [JavaFX Application Thread] DEBUG PrimaryStageWindow   - Stage size: 1280.0 x 748.0
23:05:49.306 [FXGL Background Thread 1 ] DEBUG Engine               - Initializing environment variables
23:05:49.333 [FXGL Background Thread 1 ] DEBUG FXGLAssetLoaderServi - User app class for loading assets: class Bomberman.BombermanApp
23:05:49.333 [FXGL Background Thread 1 ] DEBUG GameApplicationServi - Applying CSS: fxgl_dark.css
23:05:49.334 [FXGL Background Thread 1 ] DEBUG FXGLAssetLoaderServi - Loading from file system: jar:file:/Users/minhtong/.m2/repository/com/github/almasb/fxgl/17.1/fxgl-17.1.jar!/fxglassets/ui/css/fxgl_dark.css
23:05:49.367 [FXGL Background Thread 1 ] DEBUG GameApplicationServi - Initializing application scenes
23:05:49.462 [FXGL Background Thread 1 ] DEBUG GameWorld            - Game world initialized
23:05:49.504 [FXGL Background Thread 1 ] DEBUG PhysicsWorld         - Physics world initialized: appHeight=720, physics.ppm=50.0
23:05:49.504 [FXGL Background Thread 1 ] DEBUG PhysicsWorld         - Using strategy: BRUTE_FORCE
23:05:49.506 [FXGL Background Thread 1 ] DEBUG GameScene            - Game scene initialized: 1280x720
23:05:49.685 [FXGL Background Thread 1 ] DEBUG GameApplicationServi - Application scenes initialized
23:05:49.690 [FXGL Background Thread 1 ] DEBUG SystemBundleService  - Loading FXGL system data
23:05:49.692 [FXGL Background Thread 1 ] DEBUG FileSystemAccess     - Reading from: /Users/minhtong/Desktop/OOP/bomman/system/fxgl.bundle
23:05:49.696 [FXGL Background Thread 1 ] DEBUG SystemBundleService  - Bundle FXGL: {}
23:05:49.696 [FXGL Background Thread 1 ] DEBUG UpdaterService       - Checking for updates
23:05:49.698 [FXGL Background Thread 4 ] DEBUG FXGLApplication      - Loading fonts
23:05:49.699 [FXGL Background Thread 1 ] DEBUG FXGLApplication      - Loading default localization
23:05:49.699 [FXGL Background Thread 4 ] WARN  FXGLAssetLoaderServi - Asset "/assets/ui/fonts/game_font.ttf" was not found!
23:05:49.700 [FXGL Background Thread 4 ] WARN  FXGLAssetLoaderServi - Failed to load FONT
23:05:49.700 [FXGL Background Thread 1 ] DEBUG FXGLAssetLoaderServi - Loading from file system: jar:file:/Users/minhtong/.m2/repository/com/github/almasb/fxgl/17.1/fxgl-17.1.jar!/fxglassets/languages/english.lang
23:05:49.700 [FXGL Background Thread 4 ] DEBUG FXGLAssetLoaderServi - Loading from file system: jar:file:/Users/minhtong/.m2/repository/com/github/almasb/fxgl/17.1/fxgl-17.1.jar!/fxglassets/ui/fonts/Abel-Regular.ttf
23:05:49.709 [FXGL Background Thread 4 ] DEBUG FXGLAssetLoaderServi - Loading from file system: jar:file:/Users/minhtong/.m2/repository/com/github/almasb/fxgl/17.1/fxgl-17.1.jar!/fxglassets/ui/fonts/TerminalLandMono-Regular.otf
23:05:49.710 [FXGL Background Thread 1 ] INFO  FXGLApplication      - FXGL initialization took: 0.403 sec
23:05:49.712 [FXGL Background Thread 4 ] DEBUG FXGLAssetLoaderServi - Loading from file system: jar:file:/Users/minhtong/.m2/repository/com/github/almasb/fxgl/17.1/fxgl-17.1.jar!/fxglassets/ui/fonts/Courier-Prime.ttf
23:05:49.714 [JavaFX Application Thread] DEBUG Input                - Registered new binding: Move Up - W
23:05:49.714 [JavaFX Application Thread] DEBUG Input                - Registered new binding: Arrow up - Up
23:05:49.714 [JavaFX Application Thread] DEBUG Input                - Registered new binding: Move Down - S
23:05:49.714 [JavaFX Application Thread] DEBUG Input                - Registered new binding: Arrow down - Down
23:05:49.714 [JavaFX Application Thread] DEBUG Input                - Registered new binding: Move Left - A
23:05:49.714 [JavaFX Application Thread] DEBUG Input                - Registered new binding: Arrow Left - Left
23:05:49.714 [JavaFX Application Thread] DEBUG Input                - Registered new binding: Move Right - D
23:05:49.714 [JavaFX Application Thread] DEBUG Input                - Registered new binding: Arrow right - Right
23:05:49.714 [JavaFX Application Thread] DEBUG Input                - Registered new binding: Place Bomb - Space
23:05:49.714 [JavaFX Application Thread] DEBUG FXGLAssetLoaderServi - Loading from file system: file:/Users/minhtong/Desktop/OOP/bomman/target/classes/assets/music/stage_theme.mp3
23:05:50.058 [JavaFX Application Thread] DEBUG AudioPlayer          - Playing music com.almasb.fxgl.audio.Music@25a10d18
23:05:50.058 [JavaFX Application Thread] DEBUG FXGLAssetLoaderServi - Loading from file system: jar:file:/Users/minhtong/.m2/repository/com/github/almasb/fxgl/17.1/fxgl-17.1.jar!/fxglassets/textures/fxgl_icon.png
23:05:50.096 [JavaFX Application Thread] DEBUG FXGLAssetLoaderServi - Loading from file system: jar:file:/Users/minhtong/.m2/repository/com/github/almasb/fxgl/17.1/fxgl-17.1.jar!/fxglassets/textures/fxgl_default_cursor.png
23:05:50.097 [JavaFX Application Thread] DEBUG Input                - Registered new binding: Screenshot - CTRL+8
23:05:50.097 [JavaFX Application Thread] DEBUG Input                - Registered new binding: System info dump - CTRL+9
23:05:50.098 [JavaFX Application Thread] DEBUG Input                - Registered new binding: Restart - CTRL+R
23:05:50.098 [JavaFX Application Thread] DEBUG Input                - Registered new binding: Toggle Debug Camera - CTRL+7
23:05:50.099 [JavaFX Application Thread] DEBUG LoopRunner           - Starting loop
23:05:50.099 [JavaFX Application Thread] DEBUG LoopRunner           - Initializing JavaFX AnimationTimerLoop
23:05:50.100 [JavaFX Application Thread] DEBUG Input                - Clearing active input actions
23:05:50.107 [JavaFX Application Thread] DEBUG GameApplicationServi - Removing overlay from FXGLStartupScene and adding to FXGLMainMenuDummyScene
23:05:50.107 [JavaFX Application Thread] DEBUG PrimaryStageWindow   - FXGLStartupScene -> FXGLMainMenuDummyScene
23:05:50.107 [JavaFX Application Thread] DEBUG PrimaryStageWindow   - Push state: MainMenu
23:05:50.107 [JavaFX Application Thread] DEBUG Input                - Clearing active input actions
23:05:50.109 [JavaFX Application Thread] DEBUG GameApplicationServi - Removing overlay from FXGLMainMenuDummyScene and adding to MainMenu
23:05:50.109 [JavaFX Application Thread] DEBUG PrimaryStageWindow   - FXGLMainMenuDummyScene -> MainMenu
23:05:50.120 [JavaFX Application Thread] DEBUG FXGLApplication      - Registering font factories with UI factory
23:05:50.293 [FXGL Background Thread 2 ] INFO  UpdaterService       - Your current version:  17.1
23:05:50.293 [FXGL Background Thread 2 ] INFO  UpdaterService       - Latest stable version: 17.2
23:05:52.699 [FXGL Background Thread 3 ] DEBUG Engine               - Logging environment variables
23:05:52.700 [FXGL Background Thread 3 ] DEBUG Engine               - achievements: []
23:05:52.701 [FXGL Background Thread 3 ] DEBUG Engine               - actualHeight: 720.0
23:05:52.701 [FXGL Background Thread 3 ] DEBUG Engine               - actualHeightProperty: ReadOnlyDoubleProperty [value: 720.0]
23:05:52.701 [FXGL Background Thread 3 ] DEBUG Engine               - actualWidth: 1280.0
23:05:52.701 [FXGL Background Thread 3 ] DEBUG Engine               - actualWidthProperty: ReadOnlyDoubleProperty [value: 1280.0]
23:05:52.701 [FXGL Background Thread 3 ] DEBUG Engine               - appIcon: fxgl_icon.png
23:05:52.701 [FXGL Background Thread 3 ] DEBUG Engine               - applicationMode: DEVELOPER
23:05:52.701 [FXGL Background Thread 3 ] DEBUG Engine               - cSSList: [fxgl_dark.css]
23:05:52.701 [FXGL Background Thread 3 ] DEBUG Engine               - collisionDetectionStrategy: BRUTE_FORCE
23:05:52.701 [FXGL Background Thread 3 ] DEBUG Engine               - configClass: Optional.empty
23:05:52.701 [FXGL Background Thread 3 ] DEBUG Engine               - credits: []
23:05:52.703 [FXGL Background Thread 3 ] DEBUG Engine               - defaultCursor: CursorInfo(imageName=fxgl_default_cursor.png, hotspotX=7.0, hotspotY=6.0)
23:05:52.703 [FXGL Background Thread 3 ] DEBUG Engine               - devBBoxColorProperty: ObjectProperty [value: 0xff0000ff]
23:05:52.703 [FXGL Background Thread 3 ] DEBUG Engine               - devEnableDebugCameraProperty: BooleanProperty [value: false]
23:05:52.703 [FXGL Background Thread 3 ] DEBUG Engine               - devSensorColorProperty: ObjectProperty [value: 0xffff00ff]
23:05:52.703 [FXGL Background Thread 3 ] DEBUG Engine               - devShowBBoxProperty: BooleanProperty [value: false]
23:05:52.703 [FXGL Background Thread 3 ] DEBUG Engine               - devShowPositionProperty: BooleanProperty [value: false]
23:05:52.703 [FXGL Background Thread 3 ] DEBUG Engine               - enabledMenuItems: []
23:05:52.703 [FXGL Background Thread 3 ] DEBUG Engine               - engineServices: [class com.almasb.fxgl.app.services.FXGLAssetLoaderService, class com.almasb.fxgl.app.FXGLApplication$GameApplicationService, class com.almasb.fxgl.app.services.FXGLDialogService, class com.almasb.fxgl.app.services.IOTaskExecutorService, class com.almasb.fxgl.io.FileSystemService, class com.almasb.fxgl.localization.LocalizationService, class com.almasb.fxgl.app.services.SystemBundleService, class com.almasb.fxgl.profile.SaveLoadService, class com.almasb.fxgl.ui.FXGLUIFactoryServiceProvider, class com.almasb.fxgl.ui.FXGLDialogFactoryServiceProvider, class com.almasb.fxgl.audio.AudioPlayer, class com.almasb.fxgl.notification.impl.NotificationServiceProvider, class com.almasb.fxgl.achievement.AchievementService, class com.almasb.fxgl.cutscene.CutsceneService, class com.almasb.fxgl.minigames.MiniGameService, class com.almasb.fxgl.net.NetService, class com.almasb.fxgl.app.services.UpdaterService, class com.almasb.fxgl.dev.DevService]
23:05:52.704 [FXGL Background Thread 3 ] DEBUG Engine               - fontGame: Abel-Regular.ttf
23:05:52.704 [FXGL Background Thread 3 ] DEBUG Engine               - fontMono: TerminalLandMono-Regular.otf
23:05:52.704 [FXGL Background Thread 3 ] DEBUG Engine               - fontText: Courier-Prime.ttf
23:05:52.704 [FXGL Background Thread 3 ] DEBUG Engine               - fontUI: game_font.ttf
23:05:52.704 [FXGL Background Thread 3 ] DEBUG Engine               - fullScreen: BooleanProperty [value: false]
23:05:52.704 [FXGL Background Thread 3 ] DEBUG Engine               - gameDifficulty: MEDIUM
23:05:52.704 [FXGL Background Thread 3 ] DEBUG Engine               - gameDifficultyProperty: ObjectProperty [value: MEDIUM]
23:05:52.704 [FXGL Background Thread 3 ] DEBUG Engine               - globalMusicVolume: 0.5
23:05:52.704 [FXGL Background Thread 3 ] DEBUG Engine               - globalMusicVolumeProperty: DoubleProperty [value: 0.5]
23:05:52.704 [FXGL Background Thread 3 ] DEBUG Engine               - globalSoundVolume: 0.5
23:05:52.704 [FXGL Background Thread 3 ] DEBUG Engine               - globalSoundVolumeProperty: DoubleProperty [value: 0.5]
23:05:52.704 [FXGL Background Thread 3 ] DEBUG Engine               - height: 720
23:05:52.704 [FXGL Background Thread 3 ] DEBUG Engine               - is3D: false
23:05:52.704 [FXGL Background Thread 3 ] DEBUG Engine               - isAndroid: false
23:05:52.704 [FXGL Background Thread 3 ] DEBUG Engine               - isBrowser: false
23:05:52.704 [FXGL Background Thread 3 ] DEBUG Engine               - isClickFeedbackEnabled: false
23:05:52.705 [FXGL Background Thread 3 ] DEBUG Engine               - isCloseConfirmation: false
23:05:52.705 [FXGL Background Thread 3 ] DEBUG Engine               - isDesktop: true
23:05:52.705 [FXGL Background Thread 3 ] DEBUG Engine               - isDeveloperMenuEnabled: false
23:05:52.705 [FXGL Background Thread 3 ] DEBUG Engine               - isEmbedded: false
23:05:52.705 [FXGL Background Thread 3 ] DEBUG Engine               - isEntityPreloadEnabled: true
23:05:52.705 [FXGL Background Thread 3 ] DEBUG Engine               - isExperimentalTiledLargeMap: false
23:05:52.705 [FXGL Background Thread 3 ] DEBUG Engine               - isFileSystemWriteAllowed: true
23:05:52.705 [FXGL Background Thread 3 ] DEBUG Engine               - isFullScreenAllowed: false
23:05:52.705 [FXGL Background Thread 3 ] DEBUG Engine               - isFullScreenFromStart: false
23:05:52.705 [FXGL Background Thread 3 ] DEBUG Engine               - isGameMenuEnabled: true
23:05:52.705 [FXGL Background Thread 3 ] DEBUG Engine               - isIOS: false
23:05:52.705 [FXGL Background Thread 3 ] DEBUG Engine               - isIntroEnabled: false
23:05:52.705 [FXGL Background Thread 3 ] DEBUG Engine               - isLinux: false
23:05:52.705 [FXGL Background Thread 3 ] DEBUG Engine               - isMac: true
23:05:52.705 [FXGL Background Thread 3 ] DEBUG Engine               - isMainMenuEnabled: true
23:05:52.705 [FXGL Background Thread 3 ] DEBUG Engine               - isManualResizeEnabled: false
23:05:52.705 [FXGL Background Thread 3 ] DEBUG Engine               - isMobile: false
23:05:52.705 [FXGL Background Thread 3 ] DEBUG Engine               - isNative: false
23:05:52.705 [FXGL Background Thread 3 ] DEBUG Engine               - isPauseMusicWhenMinimized: true
23:05:52.705 [FXGL Background Thread 3 ] DEBUG Engine               - isPreserveResizeRatio: false
23:05:52.705 [FXGL Background Thread 3 ] DEBUG Engine               - isProfilingEnabled: false
23:05:52.705 [FXGL Background Thread 3 ] DEBUG Engine               - isScaleAffectedOnResize: true
23:05:52.705 [FXGL Background Thread 3 ] DEBUG Engine               - isSingleStep: false
23:05:52.705 [FXGL Background Thread 3 ] DEBUG Engine               - isUserProfileEnabled: false
23:05:52.705 [FXGL Background Thread 3 ] DEBUG Engine               - isWindows: false
23:05:52.705 [FXGL Background Thread 3 ] DEBUG Engine               - language: ObjectProperty [value: ENGLISH]
23:05:52.705 [FXGL Background Thread 3 ] DEBUG Engine               - menuKey: ESCAPE
23:05:52.705 [FXGL Background Thread 3 ] DEBUG Engine               - mouseSensitivity: 0.2
23:05:52.705 [FXGL Background Thread 3 ] DEBUG Engine               - notificationViewClass: class com.almasb.fxgl.notification.view.XboxNotificationView
23:05:52.706 [FXGL Background Thread 3 ] DEBUG Engine               - pixelsPerMeter: 50.0
23:05:52.706 [FXGL Background Thread 3 ] DEBUG Engine               - platform: MAC
23:05:52.706 [FXGL Background Thread 3 ] DEBUG Engine               - prefHeightProperty: ReadOnlyDoubleProperty [value: 720.0]
23:05:52.706 [FXGL Background Thread 3 ] DEBUG Engine               - prefWidthProperty: ReadOnlyDoubleProperty [value: 1280.0]
23:05:52.706 [FXGL Background Thread 3 ] DEBUG Engine               - profileDir: profiles/
23:05:52.706 [FXGL Background Thread 3 ] DEBUG Engine               - profileName: StringProperty [value: DEFAULT]
23:05:52.706 [FXGL Background Thread 3 ] DEBUG Engine               - randomSeed: -1
23:05:52.707 [FXGL Background Thread 3 ] DEBUG Engine               - runtimeInfo: RuntimeInfo(platform=MAC, version=17.1, build=24.03.2022 17.34)
23:05:52.707 [FXGL Background Thread 3 ] DEBUG Engine               - saveFileExt: sav
23:05:52.707 [FXGL Background Thread 3 ] DEBUG Engine               - scaledHeightProp$fxgl: DoubleProperty [bound, value: 720.0]
23:05:52.707 [FXGL Background Thread 3 ] DEBUG Engine               - scaledWidthProp$fxgl: DoubleProperty [bound, value: 1280.0]
23:05:52.707 [FXGL Background Thread 3 ] DEBUG Engine               - sceneFactory: Bomberman.BombermanApp$1@6afa004c
23:05:52.707 [FXGL Background Thread 3 ] DEBUG Engine               - secondsIn24h: 60
23:05:52.707 [FXGL Background Thread 3 ] DEBUG Engine               - soundMenuBack: menu/back.wav
23:05:52.707 [FXGL Background Thread 3 ] DEBUG Engine               - soundMenuPress: menu/press.wav
23:05:52.707 [FXGL Background Thread 3 ] DEBUG Engine               - soundMenuSelect: menu/select.wav
23:05:52.707 [FXGL Background Thread 3 ] DEBUG Engine               - soundNotification: core/notification.wav
23:05:52.707 [FXGL Background Thread 3 ] DEBUG Engine               - stageStyle: DECORATED
23:05:52.707 [FXGL Background Thread 3 ] DEBUG Engine               - supportedLanguages: [ENGLISH, FRENCH, GERMAN, HUNGARIAN, RUSSIAN]
23:05:52.707 [FXGL Background Thread 3 ] DEBUG Engine               - ticksPerSecond: -1
23:05:52.707 [FXGL Background Thread 3 ] DEBUG Engine               - title: BOMBER 
 MAN
23:05:52.707 [FXGL Background Thread 3 ] DEBUG Engine               - urlGithub: https://github.com/AlmasB/FXGL
23:05:52.707 [FXGL Background Thread 3 ] DEBUG Engine               - urlLeaderboard: http://fxgl-top.herokuapp.com/
23:05:52.707 [FXGL Background Thread 3 ] DEBUG Engine               - urlPOM: https://raw.githubusercontent.com/AlmasB/FXGL/release/README.md
23:05:52.708 [FXGL Background Thread 3 ] DEBUG Engine               - userAppClass: class Bomberman.BombermanApp
23:05:52.708 [FXGL Background Thread 3 ] DEBUG Engine               - version: 2.0
23:05:52.708 [FXGL Background Thread 3 ] DEBUG Engine               - versionCheckDays: 7
23:05:52.708 [FXGL Background Thread 3 ] DEBUG Engine               - width: 1280
23:05:52.708 [FXGL Background Thread 3 ] DEBUG Engine               - Logging services
23:05:52.708 [FXGL Background Thread 3 ] DEBUG Engine               - class com.almasb.fxgl.app.services.FXGLAssetLoaderService
23:05:52.708 [FXGL Background Thread 3 ] DEBUG Engine               - class com.almasb.fxgl.app.FXGLApplication$GameApplicationService
23:05:52.708 [FXGL Background Thread 3 ] DEBUG Engine               - class com.almasb.fxgl.app.services.FXGLDialogService
23:05:52.708 [FXGL Background Thread 3 ] DEBUG Engine               - class com.almasb.fxgl.app.services.IOTaskExecutorService
23:05:52.708 [FXGL Background Thread 3 ] DEBUG Engine               - class com.almasb.fxgl.io.FileSystemService
23:05:52.708 [FXGL Background Thread 3 ] DEBUG Engine               - class com.almasb.fxgl.localization.LocalizationService
23:05:52.708 [FXGL Background Thread 3 ] DEBUG Engine               - class com.almasb.fxgl.app.services.SystemBundleService
23:05:52.708 [FXGL Background Thread 3 ] DEBUG Engine               - class com.almasb.fxgl.profile.SaveLoadService
23:05:52.708 [FXGL Background Thread 3 ] DEBUG Engine               - class com.almasb.fxgl.ui.FXGLUIFactoryServiceProvider
23:05:52.708 [FXGL Background Thread 3 ] DEBUG Engine               - class com.almasb.fxgl.ui.FXGLDialogFactoryServiceProvider
23:05:52.708 [FXGL Background Thread 3 ] DEBUG Engine               - class com.almasb.fxgl.audio.AudioPlayer
23:05:52.708 [FXGL Background Thread 3 ] DEBUG Engine               - class com.almasb.fxgl.notification.impl.NotificationServiceProvider
23:05:52.708 [FXGL Background Thread 3 ] DEBUG Engine               - class com.almasb.fxgl.achievement.AchievementService
23:05:52.708 [FXGL Background Thread 3 ] DEBUG Engine               - class com.almasb.fxgl.cutscene.CutsceneService
23:05:52.708 [FXGL Background Thread 3 ] DEBUG Engine               - class com.almasb.fxgl.minigames.MiniGameService
23:05:52.708 [FXGL Background Thread 3 ] DEBUG Engine               - class com.almasb.fxgl.net.NetService
23:05:52.708 [FXGL Background Thread 3 ] DEBUG Engine               - class com.almasb.fxgl.app.services.UpdaterService
23:05:52.708 [FXGL Background Thread 3 ] DEBUG Engine               - class com.almasb.fxgl.dev.DevService
23:05:55.979 [JavaFX Application Thread] DEBUG PrimaryStageWindow   - Push state: DialogSubScene
23:05:55.979 [JavaFX Application Thread] DEBUG Input                - Clearing active input actions
23:05:55.985 [JavaFX Application Thread] DEBUG GameApplicationServi - Removing overlay from MainMenu and adding to DialogSubScene
23:05:55.985 [JavaFX Application Thread] DEBUG PrimaryStageWindow   - MainMenu -> DialogSubScene
23:05:56.871 [JavaFX Application Thread] DEBUG PrimaryStageWindow   - Pop state: DialogSubScene
23:05:56.871 [JavaFX Application Thread] DEBUG Input                - Clearing active input actions
23:05:56.872 [JavaFX Application Thread] DEBUG GameApplicationServi - Removing overlay from DialogSubScene and adding to MainMenu
23:05:56.873 [JavaFX Application Thread] DEBUG PrimaryStageWindow   - MainMenu <- DialogSubScene
23:05:57.519 [JavaFX Application Thread] DEBUG Menu                 - fireNewGame()
23:05:57.519 [JavaFX Application Thread] DEBUG GameApplicationServi - Starting new game
23:05:57.519 [JavaFX Application Thread] DEBUG PrimaryStageWindow   - Pop state: MainMenu
23:05:57.519 [JavaFX Application Thread] DEBUG Input                - Clearing active input actions
23:05:57.520 [JavaFX Application Thread] DEBUG GameApplicationServi - Removing overlay from MainMenu and adding to FXGLMainMenuDummyScene
23:05:57.520 [JavaFX Application Thread] DEBUG PrimaryStageWindow   - FXGLMainMenuDummyScene <- MainMenu
23:05:57.520 [JavaFX Application Thread] DEBUG Input                - Clearing active input actions
23:05:57.534 [JavaFX Application Thread] DEBUG GameApplicationServi - Removing overlay from FXGLMainMenuDummyScene and adding to FXGLLoadingScene
23:05:57.534 [JavaFX Application Thread] DEBUG PrimaryStageWindow   - FXGLMainMenuDummyScene -> FXGLLoadingScene
23:05:57.534 [JavaFX Application Thread] DEBUG GameApplicationServi - Clearing previous game
23:05:57.534 [JavaFX Application Thread] DEBUG GameScene            - Clearing game scene
23:05:57.534 [JavaFX Application Thread] DEBUG GameWorld            - Clearing game world
23:05:57.534 [JavaFX Application Thread] DEBUG PhysicsWorld         - Clearing physics world
23:05:57.536 [FXGL Background Thread 2 ] DEBUG FXGLApplication      - Initializing game
23:05:57.566 [FXGL Background Thread 2 ] WARN  TMXLevelLoader       - TiledMap generated from 1.7.2. Supported version: 1.4.2. Some features may not be parsed fully.
23:05:57.581 [FXGL Background Thread 2 ] DEBUG TMXLevelLoader       - Parsed TiledMap: file:/Users/minhtong/Desktop/OOP/bomman/target/classes/assets/levels/level1.tmx
23:05:57.582 [FXGL Background Thread 2 ] DEBUG TMXLevelLoader       - Creating tile layer entities
23:05:57.584 [FXGL Background Thread 2 ] DEBUG TilesetLoader        - Loading view for layer Tile Layer 1
23:05:57.591 [FXGL Background Thread 2 ] DEBUG TilesetLoader        - Created buffer with size 1488.0x720.0
23:05:57.622 [FXGL Background Thread 2 ] DEBUG TMXLevelLoader       - Creating object layer entities
23:05:57.634 [FXGL Background Thread 2 ] DEBUG FXGLAssetLoaderServi - Loading from file system: file:/Users/minhtong/Desktop/OOP/bomman/target/classes/assets/textures/player_die.png
23:05:57.635 [FXGL Background Thread 2 ] DEBUG FXGLAssetLoaderServi - Loading from file system: file:/Users/minhtong/Desktop/OOP/bomman/target/classes/assets/textures/player_down.png
23:05:57.636 [FXGL Background Thread 2 ] DEBUG FXGLAssetLoaderServi - Loading from file system: file:/Users/minhtong/Desktop/OOP/bomman/target/classes/assets/textures/player_right.png
23:05:57.639 [FXGL Background Thread 2 ] DEBUG FXGLAssetLoaderServi - Loading from file system: file:/Users/minhtong/Desktop/OOP/bomman/target/classes/assets/textures/player_up.png
23:05:57.639 [FXGL Background Thread 2 ] DEBUG FXGLAssetLoaderServi - Loading from file system: file:/Users/minhtong/Desktop/OOP/bomman/target/classes/assets/textures/player_left.png
23:05:57.645 [FXGL Background Thread 2 ] DEBUG FXGLAssetLoaderServi - Loading from file system: file:/Users/minhtong/Desktop/OOP/bomman/target/classes/assets/textures/enemy1.png
23:05:57.674 [FXGL Background Thread 2 ] DEBUG FXGLAssetLoaderServi - Loading from file system: file:/Users/minhtong/Desktop/OOP/bomman/target/classes/assets/textures/enemy2.png
23:05:57.681 [FXGL Background Thread 2 ] DEBUG FXGLAssetLoaderServi - Loading from file system: file:/Users/minhtong/Desktop/OOP/bomman/target/classes/assets/textures/brick.png
23:05:57.687 [FXGL Background Thread 2 ] DEBUG FXGLAssetLoaderServi - Loading from file system: file:/Users/minhtong/Desktop/OOP/bomman/target/classes/assets/textures/powerup_speed.png
23:05:57.688 [FXGL Background Thread 2 ] DEBUG FXGLAssetLoaderServi - Loading from file system: file:/Users/minhtong/Desktop/OOP/bomman/target/classes/assets/textures/powerup_bombs.png
23:05:57.708 [FXGL Background Thread 2 ] DEBUG GameWorld            - Clearing removable entities
23:05:57.709 [FXGL Background Thread 2 ] DEBUG GameWorld            - Setting level: com.almasb.fxgl.entity.level.Level@116f388d
23:05:57.733 [FXGL Background Thread 2 ] INFO  FXGLApplication      - Game initialization took: 0.197 sec
23:05:57.733 [JavaFX Application Thread] DEBUG Input                - Clearing active input actions
23:05:57.742 [JavaFX Application Thread] DEBUG GameApplicationServi - Removing overlay from FXGLLoadingScene and adding to GameScene
23:05:57.742 [JavaFX Application Thread] DEBUG PrimaryStageWindow   - FXGLLoadingScene -> GameScene
23:05:57.746 [JavaFX Application Thread] DEBUG FXGLAssetLoaderServi - Loading from file system: file:/Users/minhtong/Desktop/OOP/bomman/target/classes/assets/sounds/stage_start.wav
23:05:57.754 [JavaFX Application Thread] DEBUG PrimaryStageWindow   - Push state: StageStartScene
23:05:57.754 [JavaFX Application Thread] DEBUG Input                - Clearing active input actions
23:05:57.754 [JavaFX Application Thread] DEBUG GameApplicationServi - Removing overlay from GameScene and adding to StageStartScene
23:05:57.755 [JavaFX Application Thread] DEBUG PrimaryStageWindow   - GameScene -> StageStartScene
23:06:01.723 [JavaFX Application Thread] DEBUG PrimaryStageWindow   - Pop state: StageStartScene
23:06:01.723 [JavaFX Application Thread] DEBUG Input                - Clearing active input actions
23:06:01.724 [JavaFX Application Thread] DEBUG GameApplicationServi - Removing overlay from StageStartScene and adding to GameScene
23:06:01.724 [JavaFX Application Thread] DEBUG PrimaryStageWindow   - GameScene <- StageStartScene
23:06:02.159 [JavaFX Application Thread] DEBUG PrimaryStageWindow   - Push state: GameMenu
23:06:02.159 [JavaFX Application Thread] DEBUG Input                - Clearing active input actions
23:06:02.159 [JavaFX Application Thread] DEBUG GameApplicationServi - Removing overlay from GameScene and adding to GameMenu
23:06:02.159 [JavaFX Application Thread] DEBUG PrimaryStageWindow   - GameScene -> GameMenu
23:06:03.589 [JavaFX Application Thread] DEBUG Menu                 - fireExit()
23:06:03.593 [JavaFX Application Thread] DEBUG PrimaryStageWindow   - Push state: DialogSubScene
23:06:03.593 [JavaFX Application Thread] DEBUG Input                - Clearing active input actions
23:06:03.596 [JavaFX Application Thread] DEBUG GameApplicationServi - Removing overlay from GameMenu and adding to DialogSubScene
23:06:03.597 [JavaFX Application Thread] DEBUG PrimaryStageWindow   - GameMenu -> DialogSubScene
23:06:04.704 [JavaFX Application Thread] DEBUG PrimaryStageWindow   - Pop state: DialogSubScene
23:06:04.704 [JavaFX Application Thread] DEBUG Input                - Clearing active input actions
23:06:04.705 [JavaFX Application Thread] DEBUG GameApplicationServi - Removing overlay from DialogSubScene and adding to GameMenu
23:06:04.706 [JavaFX Application Thread] DEBUG PrimaryStageWindow   - GameMenu <- DialogSubScene
23:06:04.706 [JavaFX Application Thread] DEBUG FXGLApplication      - Exiting FXGL
23:06:04.706 [JavaFX Application Thread] DEBUG LoopRunner           - Stopping loop
23:06:04.706 [JavaFX Application Thread] DEBUG SystemBundleService  - Saving FXGL system data
23:06:04.712 [JavaFX Application Thread] DEBUG FileSystemAccess     - Writing to: /Users/minhtong/Desktop/OOP/bomman/system/fxgl.bundle
23:06:04.715 [JavaFX Application Thread] DEBUG Async                - Shutting down background threads
23:06:04.715 [JavaFX Application Thread] DEBUG PrimaryStageWindow   - Closing main window
23:06:04.729 [JavaFX Application Thread] DEBUG Logger               - Closing Logger
