13:58:13.634 [main                     ] DEBUG Logger               - Configured Logger
13:58:13.637 [main                     ] DEBUG GameApplication      - Logging settings
Title: BOMBER 
 MAN
Version: 2.0
Width: 1280
Height: 720
Fullscreen: true
Intro: false
Profiling: false
Single step:false
App Mode: DEVELOPER
Menu Key: ESCAPE
Stage Style: DECORATED
Scene Factory: class Bomberman.BombermanApp$1

13:58:14.249 [JavaFX Application Thread] DEBUG FXGLApplication      - Initializing FXGL
13:58:14.251 [JavaFX Application Thread] INFO  Engine               - FXGL-11.17 (16.07.2021 15.46) on WINDOWS (J:18.0.2 FX:16)
13:58:14.251 [JavaFX Application Thread] DEBUG Engine               - JRE Vendor Name: IBM Corporation
13:58:14.251 [JavaFX Application Thread] DEBUG Engine               - Running on OS: Windows 10 version 10.0
13:58:14.251 [JavaFX Application Thread] DEBUG Engine               - Architecture: amd64
13:58:14.252 [JavaFX Application Thread] INFO  Engine               - Source code and latest versions at: https://github.com/AlmasB/FXGL
13:58:14.252 [JavaFX Application Thread] INFO  Engine               -              Join the FXGL chat at: https://gitter.im/AlmasB/FXGL
13:58:14.398 [JavaFX Application Thread] DEBUG PrimaryStageWindow   - Creating a JavaFX scene
13:58:14.452 [JavaFX Application Thread] DEBUG PrimaryStageWindow   - Target settings size: 1280.0 x 720.0
13:58:14.452 [JavaFX Application Thread] DEBUG PrimaryStageWindow   - Scaled scene size:    1280.0 x 720.0
13:58:14.452 [JavaFX Application Thread] DEBUG PrimaryStageWindow   - Scaled ratio: (1.0, 1.0)
13:58:14.453 [JavaFX Application Thread] DEBUG PrimaryStageWindow   - Set initial scene to FXGLStartupScene
13:58:14.464 [JavaFX Application Thread] DEBUG PrimaryStageWindow   - Opening main window
13:58:14.538 [JavaFX Application Thread] DEBUG PrimaryStageWindow   - Window border size: (14.4000244140625, 37.5999755859375)
13:58:14.538 [JavaFX Application Thread] DEBUG PrimaryStageWindow   - Scaled size: 1280.0 x 720.0
13:58:14.538 [JavaFX Application Thread] DEBUG PrimaryStageWindow   - Scaled ratio: (1.0, 1.0)
13:58:14.539 [JavaFX Application Thread] DEBUG PrimaryStageWindow   - Scene size: 1280.0 x 720.0
13:58:14.539 [JavaFX Application Thread] DEBUG PrimaryStageWindow   - Stage size: 1294.4000244140625 x 757.5999755859375
13:58:14.631 [JavaFX Application Thread] DEBUG PrimaryStageWindow   - Going fullscreen
13:58:14.657 [FXGL Background Thread 1 ] DEBUG Engine               - Initializing environment variables
13:58:14.775 [FXGL Background Thread 1 ] DEBUG FXGLAssetLoaderServi - User app class for loading assets: class Bomberman.BombermanApp
13:58:14.775 [FXGL Background Thread 1 ] DEBUG GameApplicationServi - Applying CSS: fxgl_dark.css
13:58:14.776 [FXGL Background Thread 1 ] DEBUG FXGLAssetLoaderServi - Loading from file system: jar:file:/C:/Users/V/.m2/repository/com/github/almasb/fxgl/11.17/fxgl-11.17.jar!/fxglassets/ui/css/fxgl_dark.css
13:58:14.836 [FXGL Background Thread 1 ] DEBUG GameApplicationServi - Initializing application scenes
13:58:14.895 [FXGL Background Thread 1 ] DEBUG GameWorld            - Game world initialized
13:58:14.980 [FXGL Background Thread 1 ] DEBUG PhysicsWorld         - Physics world initialized: appHeight=720, physics.ppm=50.0
13:58:14.980 [FXGL Background Thread 1 ] DEBUG PhysicsWorld         - Using strategy: BRUTE_FORCE
13:58:14.982 [FXGL Background Thread 1 ] DEBUG GameScene            - Game scene initialized: 1280x720
13:58:15.220 [FXGL Background Thread 1 ] DEBUG GameApplicationServi - Application scenes initialized
13:58:15.239 [FXGL Background Thread 1 ] DEBUG SystemBundleService  - Loading FXGL system data
13:58:15.247 [FXGL Background Thread 1 ] DEBUG FileSystemAccess     - Reading from: C:\Users\V\Desktop\DemoBomberman\DemoBomberman\system\fxgl.bundle
13:58:15.256 [FXGL Background Thread 1 ] DEBUG SystemBundleService  - Bundle FXGL: {}
13:58:15.257 [FXGL Background Thread 1 ] DEBUG UpdaterService       - Checking for updates
13:58:15.278 [FXGL Background Thread 4 ] DEBUG FXGLApplication      - Loading fonts
13:58:15.279 [FXGL Background Thread 4 ] WARN  FXGLAssetLoaderServi - Asset "/assets/ui/fonts/game_font.ttf" was not found!
13:58:15.279 [FXGL Background Thread 4 ] WARN  FXGLAssetLoaderServi - Failed to load FONT
13:58:15.280 [FXGL Background Thread 4 ] DEBUG FXGLAssetLoaderServi - Loading from file system: jar:file:/C:/Users/V/.m2/repository/com/github/almasb/fxgl/11.17/fxgl-11.17.jar!/fxglassets/ui/fonts/Abel-Regular.ttf
13:58:15.280 [FXGL Background Thread 1 ] DEBUG FXGLApplication      - Loading default localization
13:58:15.282 [FXGL Background Thread 1 ] DEBUG FXGLAssetLoaderServi - Loading from file system: jar:file:/C:/Users/V/.m2/repository/com/github/almasb/fxgl/11.17/fxgl-11.17.jar!/fxglassets/languages/english.lang
13:58:15.454 [FXGL Background Thread 1 ] INFO  FXGLApplication      - FXGL initialization took: 0.797 sec
13:58:15.468 [JavaFX Application Thread] DEBUG Input                - Registered new binding: Move Up - W
13:58:15.469 [JavaFX Application Thread] DEBUG Input                - Registered new binding: Arrow up - Up
13:58:15.469 [JavaFX Application Thread] DEBUG Input                - Registered new binding: Move Down - S
13:58:15.469 [JavaFX Application Thread] DEBUG Input                - Registered new binding: Arrow down - Down
13:58:15.469 [JavaFX Application Thread] DEBUG Input                - Registered new binding: Move Left - A
13:58:15.469 [JavaFX Application Thread] DEBUG Input                - Registered new binding: Arrow Left - Left
13:58:15.469 [JavaFX Application Thread] DEBUG Input                - Registered new binding: Move Right - D
13:58:15.469 [JavaFX Application Thread] DEBUG Input                - Registered new binding: Arrow right - Right
13:58:15.469 [JavaFX Application Thread] DEBUG Input                - Registered new binding: Place Bomb - Space
13:58:15.470 [JavaFX Application Thread] DEBUG FXGLAssetLoaderServi - Loading from file system: file:/C:/Users/V/Desktop/DemoBomberman/DemoBomberman/target/classes/assets/music/stage_theme.mp3
13:58:15.501 [FXGL Background Thread 4 ] DEBUG FXGLAssetLoaderServi - Loading from file system: jar:file:/C:/Users/V/.m2/repository/com/github/almasb/fxgl/11.17/fxgl-11.17.jar!/fxglassets/ui/fonts/lucida_console.ttf
13:58:15.512 [FXGL Background Thread 4 ] DEBUG FXGLAssetLoaderServi - Loading from file system: jar:file:/C:/Users/V/.m2/repository/com/github/almasb/fxgl/11.17/fxgl-11.17.jar!/fxglassets/ui/fonts/Courier-Prime.ttf
13:58:15.751 [JavaFX Application Thread] DEBUG AudioPlayer          - Playing music com.almasb.fxgl.audio.Music@46e9e4b5
13:58:15.751 [JavaFX Application Thread] DEBUG FXGLAssetLoaderServi - Loading from file system: jar:file:/C:/Users/V/.m2/repository/com/github/almasb/fxgl/11.17/fxgl-11.17.jar!/fxglassets/textures/fxgl_icon.png
13:58:15.784 [JavaFX Application Thread] DEBUG FXGLAssetLoaderServi - Loading from file system: jar:file:/C:/Users/V/.m2/repository/com/github/almasb/fxgl/11.17/fxgl-11.17.jar!/fxglassets/textures/fxgl_default_cursor.png
13:58:15.786 [JavaFX Application Thread] DEBUG Input                - Registered new binding: Screenshot - CTRL+8
13:58:15.786 [JavaFX Application Thread] DEBUG Input                - Registered new binding: System info dump - CTRL+9
13:58:15.787 [JavaFX Application Thread] DEBUG Input                - Registered new binding: Restart - CTRL+R
13:58:15.787 [JavaFX Application Thread] DEBUG Input                - Registered new binding: Toggle Debug Camera - CTRL+C
13:58:15.790 [JavaFX Application Thread] DEBUG LoopRunner           - Starting loop
13:58:15.790 [JavaFX Application Thread] DEBUG LoopRunner           - Initializing JavaFX AnimationTimerLoop
13:58:15.792 [JavaFX Application Thread] DEBUG Input                - Clearing active input actions
13:58:15.839 [JavaFX Application Thread] DEBUG GameApplicationServi - Removing overlay from FXGLStartupScene and adding to FXGLMainMenuDummyScene
13:58:15.839 [JavaFX Application Thread] DEBUG PrimaryStageWindow   - FXGLStartupScene -> FXGLMainMenuDummyScene
13:58:15.839 [JavaFX Application Thread] DEBUG PrimaryStageWindow   - Push state: MainMenu
13:58:15.839 [JavaFX Application Thread] DEBUG Input                - Clearing active input actions
13:58:15.843 [JavaFX Application Thread] DEBUG GameApplicationServi - Removing overlay from FXGLMainMenuDummyScene and adding to MainMenu
13:58:15.843 [JavaFX Application Thread] DEBUG PrimaryStageWindow   - FXGLMainMenuDummyScene -> MainMenu
13:58:15.843 [JavaFX Application Thread] DEBUG FXGLApplication      - Registering font factories with UI factory
13:58:16.305 [FXGL Background Thread 2 ] INFO  UpdaterService       - Your current version:  11.17
13:58:16.306 [FXGL Background Thread 2 ] INFO  UpdaterService       - Latest stable version: 17.2
13:58:18.263 [FXGL Background Thread 3 ] DEBUG Engine               - Logging environment variables
13:58:18.263 [FXGL Background Thread 3 ] DEBUG Engine               - achievements: []
13:58:18.263 [FXGL Background Thread 3 ] DEBUG Engine               - actualHeight: 864.0
13:58:18.263 [FXGL Background Thread 3 ] DEBUG Engine               - actualHeightProperty: ReadOnlyDoubleProperty [value: 864.0]
13:58:18.264 [FXGL Background Thread 3 ] DEBUG Engine               - actualWidth: 1536.0
13:58:18.264 [FXGL Background Thread 3 ] DEBUG Engine               - actualWidthProperty: ReadOnlyDoubleProperty [value: 1536.0]
13:58:18.264 [FXGL Background Thread 3 ] DEBUG Engine               - appIcon: fxgl_icon.png
13:58:18.264 [FXGL Background Thread 3 ] DEBUG Engine               - applicationMode: DEVELOPER
13:58:18.264 [FXGL Background Thread 3 ] DEBUG Engine               - cSSList: [fxgl_dark.css]
13:58:18.264 [FXGL Background Thread 3 ] DEBUG Engine               - collisionDetectionStrategy: BRUTE_FORCE
13:58:18.264 [FXGL Background Thread 3 ] DEBUG Engine               - configClass: Optional.empty
13:58:18.264 [FXGL Background Thread 3 ] DEBUG Engine               - credits: []
13:58:18.264 [FXGL Background Thread 3 ] DEBUG Engine               - defaultCursor: CursorInfo(imageName=fxgl_default_cursor.png, hotspotX=7.0, hotspotY=6.0)
13:58:18.264 [FXGL Background Thread 3 ] DEBUG Engine               - devBBoxColorProperty: ObjectProperty [value: 0xff0000ff]
13:58:18.264 [FXGL Background Thread 3 ] DEBUG Engine               - devEnableDebugCameraProperty: BooleanProperty [value: false]
13:58:18.264 [FXGL Background Thread 3 ] DEBUG Engine               - devSensorColorProperty: ObjectProperty [value: 0xffff00ff]
13:58:18.265 [FXGL Background Thread 3 ] DEBUG Engine               - devShowBBoxProperty: BooleanProperty [value: false]
13:58:18.265 [FXGL Background Thread 3 ] DEBUG Engine               - devShowPositionProperty: BooleanProperty [value: false]
13:58:18.265 [FXGL Background Thread 3 ] DEBUG Engine               - enabledMenuItems: []
13:58:18.265 [FXGL Background Thread 3 ] DEBUG Engine               - engineServices: [class com.almasb.fxgl.app.services.FXGLAssetLoaderService, class com.almasb.fxgl.app.FXGLApplication$GameApplicationService, class com.almasb.fxgl.app.services.FXGLDialogService, class com.almasb.fxgl.app.services.IOTaskExecutorService, class com.almasb.fxgl.io.FileSystemService, class com.almasb.fxgl.localization.LocalizationService, class com.almasb.fxgl.app.services.SystemBundleService, class com.almasb.fxgl.profile.SaveLoadService, class com.almasb.fxgl.ui.FXGLUIFactoryServiceProvider, class com.almasb.fxgl.ui.FXGLDialogFactoryServiceProvider, class com.almasb.fxgl.audio.AudioPlayer, class com.almasb.fxgl.notification.impl.NotificationServiceProvider, class com.almasb.fxgl.achievement.AchievementService, class com.almasb.fxgl.cutscene.CutsceneService, class com.almasb.fxgl.minigames.MiniGameService, class com.almasb.fxgl.net.NetService, class com.almasb.fxgl.app.services.UpdaterService, class com.almasb.fxgl.dev.DevService]
13:58:18.265 [FXGL Background Thread 3 ] DEBUG Engine               - fontGame: Abel-Regular.ttf
13:58:18.265 [FXGL Background Thread 3 ] DEBUG Engine               - fontMono: lucida_console.ttf
13:58:18.265 [FXGL Background Thread 3 ] DEBUG Engine               - fontText: Courier-Prime.ttf
13:58:18.265 [FXGL Background Thread 3 ] DEBUG Engine               - fontUI: game_font.ttf
13:58:18.265 [FXGL Background Thread 3 ] DEBUG Engine               - fullScreen: BooleanProperty [value: true]
13:58:18.265 [FXGL Background Thread 3 ] DEBUG Engine               - gameDifficulty: MEDIUM
13:58:18.265 [FXGL Background Thread 3 ] DEBUG Engine               - gameDifficultyProperty: ObjectProperty [value: MEDIUM]
13:58:18.265 [FXGL Background Thread 3 ] DEBUG Engine               - globalMusicVolume: 0.5
13:58:18.265 [FXGL Background Thread 3 ] DEBUG Engine               - globalMusicVolumeProperty: DoubleProperty [value: 0.5]
13:58:18.265 [FXGL Background Thread 3 ] DEBUG Engine               - globalSoundVolume: 0.5
13:58:18.265 [FXGL Background Thread 3 ] DEBUG Engine               - globalSoundVolumeProperty: DoubleProperty [value: 0.5]
13:58:18.265 [FXGL Background Thread 3 ] DEBUG Engine               - height: 720
13:58:18.265 [FXGL Background Thread 3 ] DEBUG Engine               - is3D: false
13:58:18.265 [FXGL Background Thread 3 ] DEBUG Engine               - isAndroid: false
13:58:18.265 [FXGL Background Thread 3 ] DEBUG Engine               - isBrowser: false
13:58:18.265 [FXGL Background Thread 3 ] DEBUG Engine               - isClickFeedbackEnabled: false
13:58:18.265 [FXGL Background Thread 3 ] DEBUG Engine               - isCloseConfirmation: false
13:58:18.265 [FXGL Background Thread 3 ] DEBUG Engine               - isDesktop: true
13:58:18.266 [FXGL Background Thread 3 ] DEBUG Engine               - isDeveloperMenuEnabled: false
13:58:18.266 [FXGL Background Thread 3 ] DEBUG Engine               - isEntityPreloadEnabled: true
13:58:18.266 [FXGL Background Thread 3 ] DEBUG Engine               - isExperimentalTiledLargeMap: false
13:58:18.266 [FXGL Background Thread 3 ] DEBUG Engine               - isFileSystemWriteAllowed: true
13:58:18.266 [FXGL Background Thread 3 ] DEBUG Engine               - isFullScreenAllowed: true
13:58:18.266 [FXGL Background Thread 3 ] DEBUG Engine               - isFullScreenFromStart: true
13:58:18.266 [FXGL Background Thread 3 ] DEBUG Engine               - isGameMenuEnabled: true
13:58:18.266 [FXGL Background Thread 3 ] DEBUG Engine               - isIOS: false
13:58:18.266 [FXGL Background Thread 3 ] DEBUG Engine               - isIntroEnabled: false
13:58:18.266 [FXGL Background Thread 3 ] DEBUG Engine               - isLinux: false
13:58:18.266 [FXGL Background Thread 3 ] DEBUG Engine               - isMac: false
13:58:18.266 [FXGL Background Thread 3 ] DEBUG Engine               - isMainMenuEnabled: true
13:58:18.266 [FXGL Background Thread 3 ] DEBUG Engine               - isManualResizeEnabled: false
13:58:18.266 [FXGL Background Thread 3 ] DEBUG Engine               - isMobile: false
13:58:18.266 [FXGL Background Thread 3 ] DEBUG Engine               - isNative: false
13:58:18.266 [FXGL Background Thread 3 ] DEBUG Engine               - isPauseMusicWhenMinimized: true
13:58:18.266 [FXGL Background Thread 3 ] DEBUG Engine               - isPreserveResizeRatio: false
13:58:18.266 [FXGL Background Thread 3 ] DEBUG Engine               - isProfilingEnabled: false
13:58:18.266 [FXGL Background Thread 3 ] DEBUG Engine               - isScaleAffectedOnResize: true
13:58:18.266 [FXGL Background Thread 3 ] DEBUG Engine               - isSingleStep: false
13:58:18.266 [FXGL Background Thread 3 ] DEBUG Engine               - isUserProfileEnabled: false
13:58:18.266 [FXGL Background Thread 3 ] DEBUG Engine               - isWindows: true
13:58:18.266 [FXGL Background Thread 3 ] DEBUG Engine               - language: ObjectProperty [value: ENGLISH]
13:58:18.267 [FXGL Background Thread 3 ] DEBUG Engine               - menuKey: ESCAPE
13:58:18.267 [FXGL Background Thread 3 ] DEBUG Engine               - mouseSensitivity: 0.2
13:58:18.267 [FXGL Background Thread 3 ] DEBUG Engine               - notificationViewClass: class com.almasb.fxgl.notification.view.XboxNotificationView
13:58:18.267 [FXGL Background Thread 3 ] DEBUG Engine               - pixelsPerMeter: 50.0
13:58:18.267 [FXGL Background Thread 3 ] DEBUG Engine               - platform: WINDOWS
13:58:18.267 [FXGL Background Thread 3 ] DEBUG Engine               - prefHeightProperty: ReadOnlyDoubleProperty [value: 720.0]
13:58:18.267 [FXGL Background Thread 3 ] DEBUG Engine               - prefWidthProperty: ReadOnlyDoubleProperty [value: 1280.0]
13:58:18.267 [FXGL Background Thread 3 ] DEBUG Engine               - profileDir: profiles/
13:58:18.267 [FXGL Background Thread 3 ] DEBUG Engine               - profileName: StringProperty [value: DEFAULT]
13:58:18.267 [FXGL Background Thread 3 ] DEBUG Engine               - randomSeed: -1
13:58:18.267 [FXGL Background Thread 3 ] DEBUG Engine               - runtimeInfo: RuntimeInfo(platform=WINDOWS, version=11.17, build=16.07.2021 15.46)
13:58:18.267 [FXGL Background Thread 3 ] DEBUG Engine               - saveFileExt: sav
13:58:18.267 [FXGL Background Thread 3 ] DEBUG Engine               - scaledHeightProp$fxgl: DoubleProperty [bound, value: 864.0]
13:58:18.267 [FXGL Background Thread 3 ] DEBUG Engine               - scaledWidthProp$fxgl: DoubleProperty [bound, value: 1536.0]
13:58:18.267 [FXGL Background Thread 3 ] DEBUG Engine               - sceneFactory: Bomberman.BombermanApp$1@163660f1
13:58:18.267 [FXGL Background Thread 3 ] DEBUG Engine               - secondsIn24h: 60
13:58:18.267 [FXGL Background Thread 3 ] DEBUG Engine               - soundMenuBack: menu/back.wav
13:58:18.267 [FXGL Background Thread 3 ] DEBUG Engine               - soundMenuPress: menu/press.wav
13:58:18.267 [FXGL Background Thread 3 ] DEBUG Engine               - soundMenuSelect: menu/select.wav
13:58:18.267 [FXGL Background Thread 3 ] DEBUG Engine               - soundNotification: core/notification.wav
13:58:18.267 [FXGL Background Thread 3 ] DEBUG Engine               - stageStyle: DECORATED
13:58:18.267 [FXGL Background Thread 3 ] DEBUG Engine               - supportedLanguages: [ENGLISH, FRENCH, GERMAN, HUNGARIAN, RUSSIAN]
13:58:18.267 [FXGL Background Thread 3 ] DEBUG Engine               - ticksPerSecond: -1
13:58:18.267 [FXGL Background Thread 3 ] DEBUG Engine               - title: BOMBER 
 MAN
13:58:18.268 [FXGL Background Thread 3 ] DEBUG Engine               - urlGithub: https://github.com/AlmasB/FXGL
13:58:18.268 [FXGL Background Thread 3 ] DEBUG Engine               - urlLeaderboard: http://fxgl-top.herokuapp.com/
13:58:18.268 [FXGL Background Thread 3 ] DEBUG Engine               - urlPOM: https://raw.githubusercontent.com/AlmasB/FXGL/release/README.md
13:58:18.268 [FXGL Background Thread 3 ] DEBUG Engine               - userAppClass: class Bomberman.BombermanApp
13:58:18.268 [FXGL Background Thread 3 ] DEBUG Engine               - version: 2.0
13:58:18.268 [FXGL Background Thread 3 ] DEBUG Engine               - versionCheckDays: 7
13:58:18.268 [FXGL Background Thread 3 ] DEBUG Engine               - width: 1280
13:58:18.268 [FXGL Background Thread 3 ] DEBUG Engine               - Logging services
13:58:18.269 [FXGL Background Thread 3 ] DEBUG Engine               - class com.almasb.fxgl.app.services.FXGLAssetLoaderService
13:58:18.269 [FXGL Background Thread 3 ] DEBUG Engine               - class com.almasb.fxgl.app.FXGLApplication$GameApplicationService
13:58:18.269 [FXGL Background Thread 3 ] DEBUG Engine               - class com.almasb.fxgl.app.services.FXGLDialogService
13:58:18.269 [FXGL Background Thread 3 ] DEBUG Engine               - class com.almasb.fxgl.app.services.IOTaskExecutorService
13:58:18.269 [FXGL Background Thread 3 ] DEBUG Engine               - class com.almasb.fxgl.io.FileSystemService
13:58:18.269 [FXGL Background Thread 3 ] DEBUG Engine               - class com.almasb.fxgl.localization.LocalizationService
13:58:18.269 [FXGL Background Thread 3 ] DEBUG Engine               - class com.almasb.fxgl.app.services.SystemBundleService
13:58:18.269 [FXGL Background Thread 3 ] DEBUG Engine               - class com.almasb.fxgl.profile.SaveLoadService
13:58:18.269 [FXGL Background Thread 3 ] DEBUG Engine               - class com.almasb.fxgl.ui.FXGLUIFactoryServiceProvider
13:58:18.269 [FXGL Background Thread 3 ] DEBUG Engine               - class com.almasb.fxgl.ui.FXGLDialogFactoryServiceProvider
13:58:18.269 [FXGL Background Thread 3 ] DEBUG Engine               - class com.almasb.fxgl.audio.AudioPlayer
13:58:18.269 [FXGL Background Thread 3 ] DEBUG Engine               - class com.almasb.fxgl.notification.impl.NotificationServiceProvider
13:58:18.269 [FXGL Background Thread 3 ] DEBUG Engine               - class com.almasb.fxgl.achievement.AchievementService
13:58:18.269 [FXGL Background Thread 3 ] DEBUG Engine               - class com.almasb.fxgl.cutscene.CutsceneService
13:58:18.269 [FXGL Background Thread 3 ] DEBUG Engine               - class com.almasb.fxgl.minigames.MiniGameService
13:58:18.269 [FXGL Background Thread 3 ] DEBUG Engine               - class com.almasb.fxgl.net.NetService
13:58:18.269 [FXGL Background Thread 3 ] DEBUG Engine               - class com.almasb.fxgl.app.services.UpdaterService
13:58:18.269 [FXGL Background Thread 3 ] DEBUG Engine               - class com.almasb.fxgl.dev.DevService
13:58:21.600 [JavaFX Application Thread] DEBUG Menu                 - fireNewGame()
13:58:21.600 [JavaFX Application Thread] DEBUG GameApplicationServi - Starting new game
13:58:21.600 [JavaFX Application Thread] DEBUG PrimaryStageWindow   - Pop state: MainMenu
13:58:21.600 [JavaFX Application Thread] DEBUG Input                - Clearing active input actions
13:58:21.602 [JavaFX Application Thread] DEBUG GameApplicationServi - Removing overlay from MainMenu and adding to FXGLMainMenuDummyScene
13:58:21.602 [JavaFX Application Thread] DEBUG PrimaryStageWindow   - FXGLMainMenuDummyScene <- MainMenu
13:58:21.602 [JavaFX Application Thread] DEBUG Input                - Clearing active input actions
13:58:21.610 [JavaFX Application Thread] DEBUG GameApplicationServi - Removing overlay from FXGLMainMenuDummyScene and adding to FXGLLoadingScene
13:58:21.610 [JavaFX Application Thread] DEBUG PrimaryStageWindow   - FXGLMainMenuDummyScene -> FXGLLoadingScene
13:58:21.610 [JavaFX Application Thread] DEBUG GameApplicationServi - Clearing previous game
13:58:21.610 [JavaFX Application Thread] DEBUG GameScene            - Clearing game scene
13:58:21.610 [JavaFX Application Thread] DEBUG GameWorld            - Clearing game world
13:58:21.610 [JavaFX Application Thread] DEBUG PhysicsWorld         - Clearing physics world
13:58:21.612 [FXGL Background Thread 2 ] DEBUG FXGLApplication      - Initializing game
13:58:21.638 [FXGL Background Thread 2 ] WARN  TMXLevelLoader       - TiledMap generated from 1.7.2. Supported version: 1.2.3. Some features may not be parsed fully.
13:58:21.653 [FXGL Background Thread 2 ] DEBUG TMXLevelLoader       - Parsed TiledMap: file:/C:/Users/V/Desktop/DemoBomberman/DemoBomberman/target/classes/assets/levels/level1.tmx
13:58:21.655 [FXGL Background Thread 2 ] DEBUG TMXLevelLoader       - Creating tile layer entities
13:58:21.656 [FXGL Background Thread 2 ] DEBUG TilesetLoader        - Loading view for layer Tile Layer 1
13:58:21.666 [FXGL Background Thread 2 ] DEBUG TilesetLoader        - Created buffer with size 1488.0x720.0
13:58:21.749 [FXGL Background Thread 2 ] DEBUG TMXLevelLoader       - Creating object layer entities
13:58:21.775 [FXGL Background Thread 2 ] DEBUG FXGLAssetLoaderServi - Loading from file system: file:/C:/Users/V/Desktop/DemoBomberman/DemoBomberman/target/classes/assets/textures/player_die.png
13:58:21.777 [FXGL Background Thread 2 ] DEBUG FXGLAssetLoaderServi - Loading from file system: file:/C:/Users/V/Desktop/DemoBomberman/DemoBomberman/target/classes/assets/textures/player_down.png
13:58:21.778 [FXGL Background Thread 2 ] DEBUG FXGLAssetLoaderServi - Loading from file system: file:/C:/Users/V/Desktop/DemoBomberman/DemoBomberman/target/classes/assets/textures/player_right.png
13:58:21.778 [FXGL Background Thread 2 ] DEBUG FXGLAssetLoaderServi - Loading from file system: file:/C:/Users/V/Desktop/DemoBomberman/DemoBomberman/target/classes/assets/textures/player_up.png
13:58:21.779 [FXGL Background Thread 2 ] DEBUG FXGLAssetLoaderServi - Loading from file system: file:/C:/Users/V/Desktop/DemoBomberman/DemoBomberman/target/classes/assets/textures/player_left.png
13:58:21.785 [FXGL Background Thread 2 ] DEBUG FXGLAssetLoaderServi - Loading from file system: file:/C:/Users/V/Desktop/DemoBomberman/DemoBomberman/target/classes/assets/textures/enemy1.png
13:58:21.835 [FXGL Background Thread 2 ] DEBUG FXGLAssetLoaderServi - Loading from file system: file:/C:/Users/V/Desktop/DemoBomberman/DemoBomberman/target/classes/assets/textures/enemy2.png
13:58:21.845 [FXGL Background Thread 2 ] DEBUG FXGLAssetLoaderServi - Loading from file system: file:/C:/Users/V/Desktop/DemoBomberman/DemoBomberman/target/classes/assets/textures/brick.png
13:58:21.856 [FXGL Background Thread 2 ] DEBUG FXGLAssetLoaderServi - Loading from file system: file:/C:/Users/V/Desktop/DemoBomberman/DemoBomberman/target/classes/assets/textures/powerup_speed.png
13:58:21.858 [FXGL Background Thread 2 ] DEBUG FXGLAssetLoaderServi - Loading from file system: file:/C:/Users/V/Desktop/DemoBomberman/DemoBomberman/target/classes/assets/textures/powerup_bombs.png
13:58:21.895 [FXGL Background Thread 2 ] DEBUG GameWorld            - Clearing removable entities
13:58:21.896 [FXGL Background Thread 2 ] DEBUG GameWorld            - Setting level: com.almasb.fxgl.entity.level.Level@1fc815ce
13:58:21.948 [FXGL Background Thread 2 ] INFO  FXGLApplication      - Game initialization took: 0.335 sec
13:58:21.952 [JavaFX Application Thread] DEBUG Input                - Clearing active input actions
13:58:21.977 [JavaFX Application Thread] DEBUG GameApplicationServi - Removing overlay from FXGLLoadingScene and adding to GameScene
13:58:21.977 [JavaFX Application Thread] DEBUG PrimaryStageWindow   - FXGLLoadingScene -> GameScene
13:58:21.981 [JavaFX Application Thread] DEBUG FXGLAssetLoaderServi - Loading from file system: file:/C:/Users/V/Desktop/DemoBomberman/DemoBomberman/target/classes/assets/sounds/stage_start.wav
13:58:21.995 [JavaFX Application Thread] DEBUG PrimaryStageWindow   - Push state: StageStartScene
13:58:21.995 [JavaFX Application Thread] DEBUG Input                - Clearing active input actions
13:58:21.995 [JavaFX Application Thread] DEBUG GameApplicationServi - Removing overlay from GameScene and adding to StageStartScene
13:58:21.995 [JavaFX Application Thread] DEBUG PrimaryStageWindow   - GameScene -> StageStartScene
13:58:25.862 [JavaFX Application Thread] DEBUG PrimaryStageWindow   - Pop state: StageStartScene
13:58:25.862 [JavaFX Application Thread] DEBUG Input                - Clearing active input actions
13:58:25.863 [JavaFX Application Thread] DEBUG GameApplicationServi - Removing overlay from StageStartScene and adding to GameScene
13:58:25.863 [JavaFX Application Thread] DEBUG PrimaryStageWindow   - GameScene <- StageStartScene
13:58:27.253 [JavaFX Application Thread] DEBUG PrimaryStageWindow   - Push state: GameMenu
13:58:27.253 [JavaFX Application Thread] DEBUG Input                - Clearing active input actions
13:58:27.253 [JavaFX Application Thread] DEBUG GameApplicationServi - Removing overlay from GameScene and adding to GameMenu
13:58:27.254 [JavaFX Application Thread] DEBUG PrimaryStageWindow   - GameScene -> GameMenu
13:58:28.248 [JavaFX Application Thread] DEBUG PrimaryStageWindow   - Push state: DialogSubScene
13:58:28.248 [JavaFX Application Thread] DEBUG Input                - Clearing active input actions
13:58:28.249 [JavaFX Application Thread] DEBUG GameApplicationServi - Removing overlay from GameMenu and adding to DialogSubScene
13:58:28.249 [JavaFX Application Thread] DEBUG PrimaryStageWindow   - GameMenu -> DialogSubScene
13:58:28.977 [JavaFX Application Thread] DEBUG PrimaryStageWindow   - Pop state: DialogSubScene
13:58:28.977 [JavaFX Application Thread] DEBUG Input                - Clearing active input actions
13:58:28.980 [JavaFX Application Thread] DEBUG GameApplicationServi - Removing overlay from DialogSubScene and adding to GameMenu
13:58:28.980 [JavaFX Application Thread] DEBUG PrimaryStageWindow   - GameMenu <- DialogSubScene
13:58:30.621 [JavaFX Application Thread] DEBUG Menu                 - fireResume()
13:58:30.621 [JavaFX Application Thread] DEBUG PrimaryStageWindow   - Pop state: GameMenu
13:58:30.621 [JavaFX Application Thread] DEBUG Input                - Clearing active input actions
13:58:30.623 [JavaFX Application Thread] DEBUG GameApplicationServi - Removing overlay from GameMenu and adding to GameScene
13:58:30.623 [JavaFX Application Thread] DEBUG PrimaryStageWindow   - GameScene <- GameMenu
13:58:32.550 [JavaFX Application Thread] DEBUG FXGLAssetLoaderServi - Loading from file system: file:/C:/Users/V/Desktop/DemoBomberman/DemoBomberman/target/classes/assets/textures/bomb.png
13:58:32.552 [JavaFX Application Thread] WARN  FXGLAssetLoaderServi - Asset "/assets/sounds/play_bomb.wav" was not found!
13:58:32.552 [JavaFX Application Thread] WARN  FXGLAssetLoaderServi - Failed to load SOUND
13:58:34.680 [JavaFX Application Thread] DEBUG FXGLAssetLoaderServi - Loading from file system: file:/C:/Users/V/Desktop/DemoBomberman/DemoBomberman/target/classes/assets/textures/top_right_flame.png
13:58:34.684 [JavaFX Application Thread] DEBUG FXGLAssetLoaderServi - Loading from file system: file:/C:/Users/V/Desktop/DemoBomberman/DemoBomberman/target/classes/assets/textures/top_left_flame.png
13:58:34.687 [JavaFX Application Thread] DEBUG FXGLAssetLoaderServi - Loading from file system: file:/C:/Users/V/Desktop/DemoBomberman/DemoBomberman/target/classes/assets/textures/top_down_flame.png
13:58:34.689 [JavaFX Application Thread] DEBUG FXGLAssetLoaderServi - Loading from file system: file:/C:/Users/V/Desktop/DemoBomberman/DemoBomberman/target/classes/assets/textures/top_up_flame.png
13:58:34.692 [JavaFX Application Thread] DEBUG FXGLAssetLoaderServi - Loading from file system: file:/C:/Users/V/Desktop/DemoBomberman/DemoBomberman/target/classes/assets/textures/central_flame.png
13:58:34.695 [JavaFX Application Thread] DEBUG FXGLAssetLoaderServi - Loading from file system: file:/C:/Users/V/Desktop/DemoBomberman/DemoBomberman/target/classes/assets/sounds/explosion.wav
13:58:34.702 [JavaFX Application Thread] DEBUG FXGLAssetLoaderServi - Loading from file system: file:/C:/Users/V/Desktop/DemoBomberman/DemoBomberman/target/classes/assets/textures/brick_break.png
13:58:34.819 [JavaFX Application Thread] WARN  FXGLAssetLoaderServi - Asset "/assets/sounds/play_bomb.wav" was not found!
13:58:34.819 [JavaFX Application Thread] WARN  FXGLAssetLoaderServi - Failed to load SOUND
13:58:38.055 [JavaFX Application Thread] WARN  FXGLAssetLoaderServi - Asset "/assets/sounds/play_bomb.wav" was not found!
13:58:38.055 [JavaFX Application Thread] WARN  FXGLAssetLoaderServi - Failed to load SOUND
13:58:42.895 [JavaFX Application Thread] WARN  FXGLAssetLoaderServi - Asset "/assets/sounds/play_bomb.wav" was not found!
13:58:42.895 [JavaFX Application Thread] WARN  FXGLAssetLoaderServi - Failed to load SOUND
13:58:45.848 [JavaFX Application Thread] WARN  FXGLAssetLoaderServi - Asset "/assets/sounds/play_bomb.wav" was not found!
13:58:45.848 [JavaFX Application Thread] WARN  FXGLAssetLoaderServi - Failed to load SOUND
13:58:47.862 [JavaFX Application Thread] DEBUG FXGLAssetLoaderServi - Loading from file system: file:/C:/Users/V/Desktop/DemoBomberman/DemoBomberman/target/classes/assets/sounds/player_die.wav
13:58:51.224 [JavaFX Application Thread] WARN  TMXLevelLoader       - TiledMap generated from 1.7.2. Supported version: 1.2.3. Some features may not be parsed fully.
13:58:51.233 [JavaFX Application Thread] DEBUG TMXLevelLoader       - Parsed TiledMap: file:/C:/Users/V/Desktop/DemoBomberman/DemoBomberman/target/classes/assets/levels/level1.tmx
13:58:51.233 [JavaFX Application Thread] DEBUG TMXLevelLoader       - Creating tile layer entities
13:58:51.233 [JavaFX Application Thread] DEBUG TilesetLoader        - Loading view for layer Tile Layer 1
13:58:51.235 [JavaFX Application Thread] DEBUG TilesetLoader        - Created buffer with size 1488.0x720.0
13:58:51.262 [JavaFX Application Thread] DEBUG TMXLevelLoader       - Creating object layer entities
13:58:51.352 [JavaFX Application Thread] DEBUG GameWorld            - Clearing removable entities
13:58:51.375 [JavaFX Application Thread] DEBUG GameWorld            - Setting level: com.almasb.fxgl.entity.level.Level@97c5de11
13:58:52.871 [JavaFX Application Thread] WARN  FXGLAssetLoaderServi - Asset "/assets/sounds/play_bomb.wav" was not found!
13:58:52.871 [JavaFX Application Thread] WARN  FXGLAssetLoaderServi - Failed to load SOUND
13:58:59.446 [JavaFX Application Thread] WARN  FXGLAssetLoaderServi - Asset "/assets/sounds/play_bomb.wav" was not found!
13:58:59.446 [JavaFX Application Thread] WARN  FXGLAssetLoaderServi - Failed to load SOUND
13:59:04.371 [JavaFX Application Thread] WARN  FXGLAssetLoaderServi - Asset "/assets/sounds/play_bomb.wav" was not found!
13:59:04.371 [JavaFX Application Thread] WARN  FXGLAssetLoaderServi - Failed to load SOUND
13:59:07.954 [JavaFX Application Thread] WARN  FXGLAssetLoaderServi - Asset "/assets/sounds/play_bomb.wav" was not found!
13:59:07.955 [JavaFX Application Thread] WARN  FXGLAssetLoaderServi - Failed to load SOUND
13:59:12.852 [JavaFX Application Thread] WARN  FXGLAssetLoaderServi - Asset "/assets/sounds/play_bomb.wav" was not found!
13:59:12.852 [JavaFX Application Thread] WARN  FXGLAssetLoaderServi - Failed to load SOUND
13:59:17.415 [JavaFX Application Thread] WARN  FXGLAssetLoaderServi - Asset "/assets/sounds/play_bomb.wav" was not found!
13:59:17.415 [JavaFX Application Thread] WARN  FXGLAssetLoaderServi - Failed to load SOUND
13:59:22.868 [JavaFX Application Thread] WARN  FXGLAssetLoaderServi - Asset "/assets/sounds/play_bomb.wav" was not found!
13:59:22.868 [JavaFX Application Thread] WARN  FXGLAssetLoaderServi - Failed to load SOUND
13:59:26.173 [JavaFX Application Thread] WARN  FXGLAssetLoaderServi - Asset "/assets/sounds/play_bomb.wav" was not found!
13:59:26.174 [JavaFX Application Thread] WARN  FXGLAssetLoaderServi - Failed to load SOUND
13:59:33.266 [JavaFX Application Thread] WARN  FXGLAssetLoaderServi - Asset "/assets/sounds/play_bomb.wav" was not found!
13:59:33.266 [JavaFX Application Thread] WARN  FXGLAssetLoaderServi - Failed to load SOUND
13:59:36.802 [JavaFX Application Thread] WARN  FXGLAssetLoaderServi - Asset "/assets/sounds/play_bomb.wav" was not found!
13:59:36.802 [JavaFX Application Thread] WARN  FXGLAssetLoaderServi - Failed to load SOUND
13:59:39.765 [JavaFX Application Thread] WARN  FXGLAssetLoaderServi - Asset "/assets/sounds/play_bomb.wav" was not found!
13:59:39.765 [JavaFX Application Thread] WARN  FXGLAssetLoaderServi - Failed to load SOUND
13:59:45.204 [JavaFX Application Thread] WARN  FXGLAssetLoaderServi - Asset "/assets/sounds/play_bomb.wav" was not found!
13:59:45.204 [JavaFX Application Thread] WARN  FXGLAssetLoaderServi - Failed to load SOUND
13:59:52.388 [JavaFX Application Thread] WARN  FXGLAssetLoaderServi - Asset "/assets/sounds/play_bomb.wav" was not found!
13:59:52.388 [JavaFX Application Thread] WARN  FXGLAssetLoaderServi - Failed to load SOUND
13:59:55.840 [JavaFX Application Thread] WARN  FXGLAssetLoaderServi - Asset "/assets/sounds/play_bomb.wav" was not found!
13:59:55.840 [JavaFX Application Thread] WARN  FXGLAssetLoaderServi - Failed to load SOUND
13:59:59.895 [JavaFX Application Thread] WARN  FXGLAssetLoaderServi - Asset "/assets/sounds/play_bomb.wav" was not found!
13:59:59.895 [JavaFX Application Thread] WARN  FXGLAssetLoaderServi - Failed to load SOUND
14:00:00.422 [JavaFX Application Thread] WARN  GameWorld            - Attempted to remove entity which is not active
14:00:05.153 [JavaFX Application Thread] WARN  FXGLAssetLoaderServi - Asset "/assets/sounds/play_bomb.wav" was not found!
14:00:05.153 [JavaFX Application Thread] WARN  FXGLAssetLoaderServi - Failed to load SOUND
14:00:08.671 [JavaFX Application Thread] WARN  FXGLAssetLoaderServi - Asset "/assets/sounds/play_bomb.wav" was not found!
14:00:08.671 [JavaFX Application Thread] WARN  FXGLAssetLoaderServi - Failed to load SOUND
14:00:12.295 [JavaFX Application Thread] DEBUG FXGLAssetLoaderServi - Loading from file system: file:/C:/Users/V/Desktop/DemoBomberman/DemoBomberman/target/classes/assets/sounds/powerup.wav
14:00:14.663 [JavaFX Application Thread] WARN  FXGLAssetLoaderServi - Asset "/assets/sounds/play_bomb.wav" was not found!
14:00:14.663 [JavaFX Application Thread] WARN  FXGLAssetLoaderServi - Failed to load SOUND
14:00:18.750 [JavaFX Application Thread] WARN  FXGLAssetLoaderServi - Asset "/assets/sounds/play_bomb.wav" was not found!
14:00:18.750 [JavaFX Application Thread] WARN  FXGLAssetLoaderServi - Failed to load SOUND
14:00:25.925 [JavaFX Application Thread] WARN  FXGLAssetLoaderServi - Asset "/assets/sounds/play_bomb.wav" was not found!
14:00:25.926 [JavaFX Application Thread] WARN  FXGLAssetLoaderServi - Failed to load SOUND
14:00:30.614 [JavaFX Application Thread] WARN  FXGLAssetLoaderServi - Asset "/assets/sounds/play_bomb.wav" was not found!
14:00:30.614 [JavaFX Application Thread] WARN  FXGLAssetLoaderServi - Failed to load SOUND
14:00:32.265 [JavaFX Application Thread] WARN  FXGLAssetLoaderServi - Asset "/assets/sounds/play_bomb.wav" was not found!
14:00:32.265 [JavaFX Application Thread] WARN  FXGLAssetLoaderServi - Failed to load SOUND
14:00:35.593 [JavaFX Application Thread] WARN  FXGLAssetLoaderServi - Asset "/assets/sounds/play_bomb.wav" was not found!
14:00:35.593 [JavaFX Application Thread] WARN  FXGLAssetLoaderServi - Failed to load SOUND
14:00:39.525 [JavaFX Application Thread] WARN  FXGLAssetLoaderServi - Asset "/assets/sounds/play_bomb.wav" was not found!
14:00:39.526 [JavaFX Application Thread] WARN  FXGLAssetLoaderServi - Failed to load SOUND
14:00:43.655 [JavaFX Application Thread] DEBUG FXGLAssetLoaderServi - Loading from file system: file:/C:/Users/V/Desktop/DemoBomberman/DemoBomberman/target/classes/assets/sounds/next_level.wav
14:00:47.672 [JavaFX Application Thread] DEBUG PrimaryStageWindow   - Push state: StageStartScene
14:00:47.672 [JavaFX Application Thread] DEBUG Input                - Clearing active input actions
14:00:47.672 [JavaFX Application Thread] DEBUG GameApplicationServi - Removing overlay from GameScene and adding to StageStartScene
14:00:47.673 [JavaFX Application Thread] DEBUG PrimaryStageWindow   - GameScene -> StageStartScene
14:00:47.703 [JavaFX Application Thread] WARN  TMXLevelLoader       - TiledMap generated from 1.9.2. Supported version: 1.2.3. Some features may not be parsed fully.
14:00:47.709 [JavaFX Application Thread] DEBUG TMXLevelLoader       - Parsed TiledMap: file:/C:/Users/V/Desktop/DemoBomberman/DemoBomberman/target/classes/assets/levels/level2.tmx
14:00:47.709 [JavaFX Application Thread] DEBUG TMXLevelLoader       - Creating tile layer entities
14:00:47.709 [JavaFX Application Thread] DEBUG TilesetLoader        - Loading view for layer Tile Layer 1
14:00:47.709 [JavaFX Application Thread] DEBUG TilesetLoader        - Created buffer with size 1488.0x720.0
14:00:47.724 [JavaFX Application Thread] DEBUG TMXLevelLoader       - Creating object layer entities
14:00:47.726 [JavaFX Application Thread] WARN  TMXLevelLoader       - Parse error
java.lang.IllegalArgumentException: No EntityFactory has a method annotated @Spawns()
	at com.almasb.fxgl.entity.GameWorld.create(GameWorld.kt:413)
	at com.almasb.fxgl.entity.level.tiled.TMXLevelLoader.createObjectLayerEntities(TMXLevelLoader.kt:132)
	at com.almasb.fxgl.entity.level.tiled.TMXLevelLoader.load(TMXLevelLoader.kt:50)
	at com.almasb.fxgl.app.services.FXGLAssetLoaderService.loadLevel(FXGLAssetLoaderService.kt:446)
	at com.almasb.fxgl.dsl.FXGL$Companion.setLevelFromMap(FXGL.kt:521)
	at com.almasb.fxgl.dsl.FXGL.setLevelFromMap(FXGL.kt)
	at Bomberman.BombermanApp.setLevel(BombermanApp.java:294)
	at Bomberman.BombermanApp.nextLevel(BombermanApp.java:323)
	at Bomberman.BombermanApp.lambda$initPhysics$0(BombermanApp.java:202)
	at com.almasb.fxgl.time.TimerAction.update(TimerAction.kt:69)
	at com.almasb.fxgl.time.Timer.update(Timer.kt:38)
	at com.almasb.fxgl.scene.Scene.update(Scene.kt:104)
	at com.almasb.fxgl.app.MainWindow$update$1.invoke(MainWindow.kt:110)
	at com.almasb.fxgl.app.MainWindow$update$1.invoke(MainWindow.kt:110)
	at com.almasb.fxgl.core.fsm.StateMachine.runOnActiveStates(StateMachine.kt:69)
	at com.almasb.fxgl.app.MainWindow.update(MainWindow.kt:110)
	at com.almasb.fxgl.app.FXGLApplication$GameApplicationService.onUpdate(FXGLApplication.kt:426)
	at com.almasb.fxgl.app.Engine.loop(Engine.kt:133)
	at com.almasb.fxgl.app.Engine.access$loop(Engine.kt:24)
	at com.almasb.fxgl.app.Engine$loop$1.invoke(Engine.kt:28)
	at com.almasb.fxgl.app.Engine$loop$1.invoke(Engine.kt:28)
	at com.almasb.fxgl.app.LoopRunner.frame(LoopRunner.kt:103)
	at com.almasb.fxgl.app.LoopRunner.access$frame(LoopRunner.kt:23)
	at com.almasb.fxgl.app.LoopRunner$impl$2$1.onTick(LoopRunner.kt:57)
	at com.almasb.fxgl.app.AnimationTimerLoop$timer$1.handle(LoopRunner.kt:137)
	at javafx.animation.AnimationTimer$AnimationTimerReceiver.lambda$handle$0(AnimationTimer.java:57)
	at java.base/java.security.AccessController.doPrivileged(AccessController.java:718)
	at javafx.animation.AnimationTimer$AnimationTimerReceiver.handle(AnimationTimer.java:56)
	at com.sun.scenario.animation.AbstractPrimaryTimer.timePulseImpl(AbstractPrimaryTimer.java:356)
	at com.sun.scenario.animation.AbstractPrimaryTimer$MainLoop.run(AbstractPrimaryTimer.java:266)
	at com.sun.javafx.tk.quantum.QuantumToolkit.pulse(QuantumToolkit.java:559)
	at com.sun.javafx.tk.quantum.QuantumToolkit.pulse(QuantumToolkit.java:543)
	at com.sun.javafx.tk.quantum.QuantumToolkit.pulseFromQueue(QuantumToolkit.java:536)
	at com.sun.javafx.tk.quantum.QuantumToolkit.lambda$runToolkit$11(QuantumToolkit.java:342)
	at com.sun.glass.ui.InvokeLaterDispatcher$Future.run(InvokeLaterDispatcher.java:96)
	at com.sun.glass.ui.win.WinApplication._runLoop(Native Method)
	at com.sun.glass.ui.win.WinApplication.lambda$runLoop$3(WinApplication.java:174)
	at java.base/java.lang.Thread.run(Thread.java:858)

14:00:47.727 [JavaFX Application Thread] DEBUG LoopRunner           - Stopping loop
14:00:47.727 [JavaFX Application Thread] FATAL FXGLApplication      - Uncaught Exception:
com.almasb.fxgl.entity.level.LevelLoadingException: No EntityFactory has a method annotated @Spawns()
	at com.almasb.fxgl.entity.level.tiled.TMXLevelLoader.load(TMXLevelLoader.kt:68)
	at com.almasb.fxgl.app.services.FXGLAssetLoaderService.loadLevel(FXGLAssetLoaderService.kt:446)
	at com.almasb.fxgl.dsl.FXGL$Companion.setLevelFromMap(FXGL.kt:521)
	at com.almasb.fxgl.dsl.FXGL.setLevelFromMap(FXGL.kt)
	at Bomberman.BombermanApp.setLevel(BombermanApp.java:294)
	at Bomberman.BombermanApp.nextLevel(BombermanApp.java:323)
	at Bomberman.BombermanApp.lambda$initPhysics$0(BombermanApp.java:202)
	at com.almasb.fxgl.time.TimerAction.update(TimerAction.kt:69)
	at com.almasb.fxgl.time.Timer.update(Timer.kt:38)
	at com.almasb.fxgl.scene.Scene.update(Scene.kt:104)
	at com.almasb.fxgl.app.MainWindow$update$1.invoke(MainWindow.kt:110)
	at com.almasb.fxgl.app.MainWindow$update$1.invoke(MainWindow.kt:110)
	at com.almasb.fxgl.core.fsm.StateMachine.runOnActiveStates(StateMachine.kt:69)
	at com.almasb.fxgl.app.MainWindow.update(MainWindow.kt:110)
	at com.almasb.fxgl.app.FXGLApplication$GameApplicationService.onUpdate(FXGLApplication.kt:426)
	at com.almasb.fxgl.app.Engine.loop(Engine.kt:133)
	at com.almasb.fxgl.app.Engine.access$loop(Engine.kt:24)
	at com.almasb.fxgl.app.Engine$loop$1.invoke(Engine.kt:28)
	at com.almasb.fxgl.app.Engine$loop$1.invoke(Engine.kt:28)
	at com.almasb.fxgl.app.LoopRunner.frame(LoopRunner.kt:103)
	at com.almasb.fxgl.app.LoopRunner.access$frame(LoopRunner.kt:23)
	at com.almasb.fxgl.app.LoopRunner$impl$2$1.onTick(LoopRunner.kt:57)
	at com.almasb.fxgl.app.AnimationTimerLoop$timer$1.handle(LoopRunner.kt:137)
	at javafx.animation.AnimationTimer$AnimationTimerReceiver.lambda$handle$0(AnimationTimer.java:57)
	at java.base/java.security.AccessController.doPrivileged(AccessController.java:718)
	at javafx.animation.AnimationTimer$AnimationTimerReceiver.handle(AnimationTimer.java:56)
	at com.sun.scenario.animation.AbstractPrimaryTimer.timePulseImpl(AbstractPrimaryTimer.java:356)
	at com.sun.scenario.animation.AbstractPrimaryTimer$MainLoop.run(AbstractPrimaryTimer.java:266)
	at com.sun.javafx.tk.quantum.QuantumToolkit.pulse(QuantumToolkit.java:559)
	at com.sun.javafx.tk.quantum.QuantumToolkit.pulse(QuantumToolkit.java:543)
	at com.sun.javafx.tk.quantum.QuantumToolkit.pulseFromQueue(QuantumToolkit.java:536)
	at com.sun.javafx.tk.quantum.QuantumToolkit.lambda$runToolkit$11(QuantumToolkit.java:342)
	at com.sun.glass.ui.InvokeLaterDispatcher$Future.run(InvokeLaterDispatcher.java:96)
	at com.sun.glass.ui.win.WinApplication._runLoop(Native Method)
	at com.sun.glass.ui.win.WinApplication.lambda$runLoop$3(WinApplication.java:174)
	at java.base/java.lang.Thread.run(Thread.java:858)
Caused by: java.lang.IllegalArgumentException: No EntityFactory has a method annotated @Spawns()
	at com.almasb.fxgl.entity.GameWorld.create(GameWorld.kt:413)
	at com.almasb.fxgl.entity.level.tiled.TMXLevelLoader.createObjectLayerEntities(TMXLevelLoader.kt:132)
	at com.almasb.fxgl.entity.level.tiled.TMXLevelLoader.load(TMXLevelLoader.kt:50)
	... 35 more

14:00:47.727 [JavaFX Application Thread] FATAL FXGLApplication      - Application will now exit
14:00:47.753 [JavaFX Application Thread] DEBUG PrimaryStageWindow   - Push state: ErrorSubScene
14:00:47.753 [JavaFX Application Thread] DEBUG Input                - Clearing active input actions
14:00:47.803 [JavaFX Application Thread] DEBUG GameApplicationServi - Removing overlay from StageStartScene and adding to ErrorSubScene
14:00:47.803 [JavaFX Application Thread] DEBUG PrimaryStageWindow   - StageStartScene -> ErrorSubScene
14:01:14.142 [JavaFX Application Thread] DEBUG FXGLApplication      - Exiting FXGL
14:01:14.142 [JavaFX Application Thread] DEBUG Async                - Shutting down background threads
14:01:14.142 [JavaFX Application Thread] DEBUG PrimaryStageWindow   - Closing main window
14:01:14.181 [JavaFX Application Thread] DEBUG Logger               - Closing Logger
