13:55:42.363 [main                     ] DEBUG Logger               - Configured Logger
13:55:42.368 [main                     ] DEBUG GameApplication      - Logging settings
Title: BOMBER 
 MAN
Version: 2.0
Width: 1280
Height: 720
Fullscreen: true
Intro: false
Profiling: false
Single step:false
App Mode: DEVELOPER
Menu Key: ESCAPE
Stage Style: DECORATED
Scene Factory: class Bomberman.BombermanApp$1

13:55:42.954 [JavaFX Application Thread] DEBUG FXGLApplication      - Initializing FXGL
13:55:42.956 [JavaFX Application Thread] INFO  Engine               - FXGL-11.17 (16.07.2021 15.46) on WINDOWS (J:18.0.2 FX:16)
13:55:42.956 [JavaFX Application Thread] DEBUG Engine               - JRE Vendor Name: IBM Corporation
13:55:42.956 [JavaFX Application Thread] DEBUG Engine               - Running on OS: Windows 10 version 10.0
13:55:42.956 [JavaFX Application Thread] DEBUG Engine               - Architecture: amd64
13:55:42.957 [JavaFX Application Thread] INFO  Engine               - Source code and latest versions at: https://github.com/AlmasB/FXGL
13:55:42.957 [JavaFX Application Thread] INFO  Engine               -              Join the FXGL chat at: https://gitter.im/AlmasB/FXGL
13:55:43.100 [JavaFX Application Thread] DEBUG PrimaryStageWindow   - Creating a JavaFX scene
13:55:43.153 [JavaFX Application Thread] DEBUG PrimaryStageWindow   - Target settings size: 1280.0 x 720.0
13:55:43.153 [JavaFX Application Thread] DEBUG PrimaryStageWindow   - Scaled scene size:    1280.0 x 720.0
13:55:43.154 [JavaFX Application Thread] DEBUG PrimaryStageWindow   - Scaled ratio: (1.0, 1.0)
13:55:43.154 [JavaFX Application Thread] DEBUG PrimaryStageWindow   - Set initial scene to FXGLStartupScene
13:55:43.164 [JavaFX Application Thread] DEBUG PrimaryStageWindow   - Opening main window
13:55:43.238 [JavaFX Application Thread] DEBUG PrimaryStageWindow   - Window border size: (14.4000244140625, 37.5999755859375)
13:55:43.238 [JavaFX Application Thread] DEBUG PrimaryStageWindow   - Scaled size: 1280.0 x 720.0
13:55:43.238 [JavaFX Application Thread] DEBUG PrimaryStageWindow   - Scaled ratio: (1.0, 1.0)
13:55:43.238 [JavaFX Application Thread] DEBUG PrimaryStageWindow   - Scene size: 1280.0 x 720.0
13:55:43.238 [JavaFX Application Thread] DEBUG PrimaryStageWindow   - Stage size: 1294.4000244140625 x 757.5999755859375
13:55:43.337 [JavaFX Application Thread] DEBUG PrimaryStageWindow   - Going fullscreen
13:55:43.347 [FXGL Background Thread 1 ] DEBUG Engine               - Initializing environment variables
13:55:43.461 [FXGL Background Thread 1 ] DEBUG FXGLAssetLoaderServi - User app class for loading assets: class Bomberman.BombermanApp
13:55:43.461 [FXGL Background Thread 1 ] DEBUG GameApplicationServi - Applying CSS: fxgl_dark.css
13:55:43.462 [FXGL Background Thread 1 ] DEBUG FXGLAssetLoaderServi - Loading from file system: jar:file:/C:/Users/V/.m2/repository/com/github/almasb/fxgl/11.17/fxgl-11.17.jar!/fxglassets/ui/css/fxgl_dark.css
13:55:43.525 [FXGL Background Thread 1 ] DEBUG GameApplicationServi - Initializing application scenes
13:55:43.594 [FXGL Background Thread 1 ] DEBUG GameWorld            - Game world initialized
13:55:43.677 [FXGL Background Thread 1 ] DEBUG PhysicsWorld         - Physics world initialized: appHeight=720, physics.ppm=50.0
13:55:43.678 [FXGL Background Thread 1 ] DEBUG PhysicsWorld         - Using strategy: BRUTE_FORCE
13:55:43.680 [FXGL Background Thread 1 ] DEBUG GameScene            - Game scene initialized: 1280x720
13:55:43.901 [FXGL Background Thread 1 ] DEBUG GameApplicationServi - Application scenes initialized
13:55:43.938 [FXGL Background Thread 1 ] DEBUG SystemBundleService  - Loading FXGL system data
13:55:43.946 [FXGL Background Thread 1 ] DEBUG FileSystemAccess     - Reading from: C:\Users\V\Desktop\DemoBomberman\DemoBomberman\system\fxgl.bundle
13:55:43.957 [FXGL Background Thread 1 ] DEBUG SystemBundleService  - Bundle FXGL: {}
13:55:43.957 [FXGL Background Thread 1 ] DEBUG UpdaterService       - Checking for updates
13:55:43.972 [FXGL Background Thread 1 ] DEBUG FXGLApplication      - Loading default localization
13:55:43.973 [FXGL Background Thread 1 ] DEBUG FXGLAssetLoaderServi - Loading from file system: jar:file:/C:/Users/V/.m2/repository/com/github/almasb/fxgl/11.17/fxgl-11.17.jar!/fxglassets/languages/english.lang
13:55:43.974 [FXGL Background Thread 4 ] DEBUG FXGLApplication      - Loading fonts
13:55:43.977 [FXGL Background Thread 4 ] WARN  FXGLAssetLoaderServi - Asset "/assets/ui/fonts/game_font.ttf" was not found!
13:55:43.977 [FXGL Background Thread 4 ] WARN  FXGLAssetLoaderServi - Failed to load FONT
13:55:43.978 [FXGL Background Thread 4 ] DEBUG FXGLAssetLoaderServi - Loading from file system: jar:file:/C:/Users/V/.m2/repository/com/github/almasb/fxgl/11.17/fxgl-11.17.jar!/fxglassets/ui/fonts/Abel-Regular.ttf
13:55:44.037 [FXGL Background Thread 1 ] INFO  FXGLApplication      - FXGL initialization took: 0.689 sec
13:55:44.052 [JavaFX Application Thread] DEBUG Input                - Registered new binding: Move Up - W
13:55:44.052 [JavaFX Application Thread] DEBUG Input                - Registered new binding: Arrow up - Up
13:55:44.052 [JavaFX Application Thread] DEBUG Input                - Registered new binding: Move Down - S
13:55:44.052 [JavaFX Application Thread] DEBUG Input                - Registered new binding: Arrow down - Down
13:55:44.052 [JavaFX Application Thread] DEBUG Input                - Registered new binding: Move Left - A
13:55:44.053 [JavaFX Application Thread] DEBUG Input                - Registered new binding: Arrow Left - Left
13:55:44.053 [JavaFX Application Thread] DEBUG Input                - Registered new binding: Move Right - D
13:55:44.053 [JavaFX Application Thread] DEBUG Input                - Registered new binding: Arrow right - Right
13:55:44.054 [JavaFX Application Thread] DEBUG Input                - Registered new binding: Place Bomb - Space
13:55:44.055 [JavaFX Application Thread] DEBUG FXGLAssetLoaderServi - Loading from file system: file:/C:/Users/V/Desktop/DemoBomberman/DemoBomberman/target/classes/assets/music/stage_theme.mp3
13:55:44.118 [FXGL Background Thread 4 ] DEBUG FXGLAssetLoaderServi - Loading from file system: jar:file:/C:/Users/V/.m2/repository/com/github/almasb/fxgl/11.17/fxgl-11.17.jar!/fxglassets/ui/fonts/lucida_console.ttf
13:55:44.138 [FXGL Background Thread 4 ] DEBUG FXGLAssetLoaderServi - Loading from file system: jar:file:/C:/Users/V/.m2/repository/com/github/almasb/fxgl/11.17/fxgl-11.17.jar!/fxglassets/ui/fonts/Courier-Prime.ttf
13:55:44.516 [JavaFX Application Thread] DEBUG AudioPlayer          - Playing music com.almasb.fxgl.audio.Music@75060c00
13:55:44.517 [JavaFX Application Thread] DEBUG FXGLAssetLoaderServi - Loading from file system: jar:file:/C:/Users/V/.m2/repository/com/github/almasb/fxgl/11.17/fxgl-11.17.jar!/fxglassets/textures/fxgl_icon.png
13:55:44.563 [JavaFX Application Thread] DEBUG FXGLAssetLoaderServi - Loading from file system: jar:file:/C:/Users/V/.m2/repository/com/github/almasb/fxgl/11.17/fxgl-11.17.jar!/fxglassets/textures/fxgl_default_cursor.png
13:55:44.574 [JavaFX Application Thread] DEBUG Input                - Registered new binding: Screenshot - CTRL+8
13:55:44.584 [JavaFX Application Thread] DEBUG Input                - Registered new binding: System info dump - CTRL+9
13:55:44.585 [JavaFX Application Thread] DEBUG Input                - Registered new binding: Restart - CTRL+R
13:55:44.588 [JavaFX Application Thread] DEBUG Input                - Registered new binding: Toggle Debug Camera - CTRL+C
13:55:44.606 [JavaFX Application Thread] DEBUG LoopRunner           - Starting loop
13:55:44.606 [JavaFX Application Thread] DEBUG LoopRunner           - Initializing JavaFX AnimationTimerLoop
13:55:44.613 [JavaFX Application Thread] DEBUG Input                - Clearing active input actions
13:55:44.636 [JavaFX Application Thread] DEBUG GameApplicationServi - Removing overlay from FXGLStartupScene and adding to FXGLMainMenuDummyScene
13:55:44.637 [JavaFX Application Thread] DEBUG PrimaryStageWindow   - FXGLStartupScene -> FXGLMainMenuDummyScene
13:55:44.637 [JavaFX Application Thread] DEBUG PrimaryStageWindow   - Push state: MainMenu
13:55:44.637 [JavaFX Application Thread] DEBUG Input                - Clearing active input actions
13:55:44.647 [JavaFX Application Thread] DEBUG GameApplicationServi - Removing overlay from FXGLMainMenuDummyScene and adding to MainMenu
13:55:44.647 [JavaFX Application Thread] DEBUG PrimaryStageWindow   - FXGLMainMenuDummyScene -> MainMenu
13:55:44.648 [JavaFX Application Thread] DEBUG FXGLApplication      - Registering font factories with UI factory
13:55:46.151 [FXGL Background Thread 2 ] INFO  UpdaterService       - Your current version:  11.17
13:55:46.151 [FXGL Background Thread 2 ] INFO  UpdaterService       - Latest stable version: 17.2
13:55:46.469 [JavaFX Application Thread] DEBUG Menu                 - fireNewGame()
13:55:46.469 [JavaFX Application Thread] DEBUG GameApplicationServi - Starting new game
13:55:46.469 [JavaFX Application Thread] DEBUG PrimaryStageWindow   - Pop state: MainMenu
13:55:46.469 [JavaFX Application Thread] DEBUG Input                - Clearing active input actions
13:55:46.471 [JavaFX Application Thread] DEBUG GameApplicationServi - Removing overlay from MainMenu and adding to FXGLMainMenuDummyScene
13:55:46.471 [JavaFX Application Thread] DEBUG PrimaryStageWindow   - FXGLMainMenuDummyScene <- MainMenu
13:55:46.472 [JavaFX Application Thread] DEBUG Input                - Clearing active input actions
13:55:46.480 [JavaFX Application Thread] DEBUG GameApplicationServi - Removing overlay from FXGLMainMenuDummyScene and adding to FXGLLoadingScene
13:55:46.480 [JavaFX Application Thread] DEBUG PrimaryStageWindow   - FXGLMainMenuDummyScene -> FXGLLoadingScene
13:55:46.480 [JavaFX Application Thread] DEBUG GameApplicationServi - Clearing previous game
13:55:46.480 [JavaFX Application Thread] DEBUG GameScene            - Clearing game scene
13:55:46.480 [JavaFX Application Thread] DEBUG GameWorld            - Clearing game world
13:55:46.480 [JavaFX Application Thread] DEBUG PhysicsWorld         - Clearing physics world
13:55:46.482 [FXGL Background Thread 2 ] DEBUG FXGLApplication      - Initializing game
13:55:46.505 [FXGL Background Thread 2 ] WARN  TMXLevelLoader       - TiledMap generated from 1.7.2. Supported version: 1.2.3. Some features may not be parsed fully.
13:55:46.530 [FXGL Background Thread 2 ] DEBUG TMXLevelLoader       - Parsed TiledMap: file:/C:/Users/V/Desktop/DemoBomberman/DemoBomberman/target/classes/assets/levels/level1.tmx
13:55:46.531 [FXGL Background Thread 2 ] DEBUG TMXLevelLoader       - Creating tile layer entities
13:55:46.532 [FXGL Background Thread 2 ] DEBUG TilesetLoader        - Loading view for layer Tile Layer 1
13:55:46.542 [FXGL Background Thread 2 ] DEBUG TilesetLoader        - Created buffer with size 1488.0x720.0
13:55:46.578 [FXGL Background Thread 2 ] DEBUG TMXLevelLoader       - Creating object layer entities
13:55:46.612 [FXGL Background Thread 2 ] DEBUG FXGLAssetLoaderServi - Loading from file system: file:/C:/Users/V/Desktop/DemoBomberman/DemoBomberman/target/classes/assets/textures/player_die.png
13:55:46.613 [FXGL Background Thread 2 ] DEBUG FXGLAssetLoaderServi - Loading from file system: file:/C:/Users/V/Desktop/DemoBomberman/DemoBomberman/target/classes/assets/textures/player_down.png
13:55:46.615 [FXGL Background Thread 2 ] DEBUG FXGLAssetLoaderServi - Loading from file system: file:/C:/Users/V/Desktop/DemoBomberman/DemoBomberman/target/classes/assets/textures/player_right.png
13:55:46.616 [FXGL Background Thread 2 ] DEBUG FXGLAssetLoaderServi - Loading from file system: file:/C:/Users/V/Desktop/DemoBomberman/DemoBomberman/target/classes/assets/textures/player_up.png
13:55:46.618 [FXGL Background Thread 2 ] DEBUG FXGLAssetLoaderServi - Loading from file system: file:/C:/Users/V/Desktop/DemoBomberman/DemoBomberman/target/classes/assets/textures/player_left.png
13:55:46.623 [FXGL Background Thread 2 ] DEBUG FXGLAssetLoaderServi - Loading from file system: file:/C:/Users/V/Desktop/DemoBomberman/DemoBomberman/target/classes/assets/textures/enemy1.png
13:55:46.668 [FXGL Background Thread 2 ] DEBUG FXGLAssetLoaderServi - Loading from file system: file:/C:/Users/V/Desktop/DemoBomberman/DemoBomberman/target/classes/assets/textures/enemy2.png
13:55:46.674 [FXGL Background Thread 2 ] DEBUG FXGLAssetLoaderServi - Loading from file system: file:/C:/Users/V/Desktop/DemoBomberman/DemoBomberman/target/classes/assets/textures/brick.png
13:55:46.681 [FXGL Background Thread 2 ] DEBUG FXGLAssetLoaderServi - Loading from file system: file:/C:/Users/V/Desktop/DemoBomberman/DemoBomberman/target/classes/assets/textures/powerup_speed.png
13:55:46.683 [FXGL Background Thread 2 ] DEBUG FXGLAssetLoaderServi - Loading from file system: file:/C:/Users/V/Desktop/DemoBomberman/DemoBomberman/target/classes/assets/textures/powerup_bombs.png
13:55:46.711 [FXGL Background Thread 2 ] DEBUG GameWorld            - Clearing removable entities
13:55:46.712 [FXGL Background Thread 2 ] DEBUG GameWorld            - Setting level: com.almasb.fxgl.entity.level.Level@972777cf
13:55:46.764 [FXGL Background Thread 2 ] INFO  FXGLApplication      - Game initialization took: 0.283 sec
13:55:46.765 [JavaFX Application Thread] DEBUG Input                - Clearing active input actions
13:55:46.784 [JavaFX Application Thread] DEBUG GameApplicationServi - Removing overlay from FXGLLoadingScene and adding to GameScene
13:55:46.784 [JavaFX Application Thread] DEBUG PrimaryStageWindow   - FXGLLoadingScene -> GameScene
13:55:46.785 [JavaFX Application Thread] DEBUG FXGLAssetLoaderServi - Loading from file system: file:/C:/Users/V/Desktop/DemoBomberman/DemoBomberman/target/classes/assets/sounds/stage_start.wav
13:55:46.797 [JavaFX Application Thread] DEBUG PrimaryStageWindow   - Push state: StageStartScene
13:55:46.798 [JavaFX Application Thread] DEBUG Input                - Clearing active input actions
13:55:46.798 [JavaFX Application Thread] DEBUG GameApplicationServi - Removing overlay from GameScene and adding to StageStartScene
13:55:46.798 [JavaFX Application Thread] DEBUG PrimaryStageWindow   - GameScene -> StageStartScene
13:55:46.966 [FXGL Background Thread 3 ] DEBUG Engine               - Logging environment variables
13:55:46.967 [FXGL Background Thread 3 ] DEBUG Engine               - achievements: []
13:55:46.967 [FXGL Background Thread 3 ] DEBUG Engine               - actualHeight: 864.0
13:55:46.967 [FXGL Background Thread 3 ] DEBUG Engine               - actualHeightProperty: ReadOnlyDoubleProperty [value: 864.0]
13:55:46.967 [FXGL Background Thread 3 ] DEBUG Engine               - actualWidth: 1536.0
13:55:46.967 [FXGL Background Thread 3 ] DEBUG Engine               - actualWidthProperty: ReadOnlyDoubleProperty [value: 1536.0]
13:55:46.967 [FXGL Background Thread 3 ] DEBUG Engine               - appIcon: fxgl_icon.png
13:55:46.967 [FXGL Background Thread 3 ] DEBUG Engine               - applicationMode: DEVELOPER
13:55:46.967 [FXGL Background Thread 3 ] DEBUG Engine               - cSSList: [fxgl_dark.css]
13:55:46.967 [FXGL Background Thread 3 ] DEBUG Engine               - collisionDetectionStrategy: BRUTE_FORCE
13:55:46.967 [FXGL Background Thread 3 ] DEBUG Engine               - configClass: Optional.empty
13:55:46.967 [FXGL Background Thread 3 ] DEBUG Engine               - credits: []
13:55:46.967 [FXGL Background Thread 3 ] DEBUG Engine               - defaultCursor: CursorInfo(imageName=fxgl_default_cursor.png, hotspotX=7.0, hotspotY=6.0)
13:55:46.967 [FXGL Background Thread 3 ] DEBUG Engine               - devBBoxColorProperty: ObjectProperty [value: 0xff0000ff]
13:55:46.967 [FXGL Background Thread 3 ] DEBUG Engine               - devEnableDebugCameraProperty: BooleanProperty [value: false]
13:55:46.967 [FXGL Background Thread 3 ] DEBUG Engine               - devSensorColorProperty: ObjectProperty [value: 0xffff00ff]
13:55:46.968 [FXGL Background Thread 3 ] DEBUG Engine               - devShowBBoxProperty: BooleanProperty [value: false]
13:55:46.968 [FXGL Background Thread 3 ] DEBUG Engine               - devShowPositionProperty: BooleanProperty [value: false]
13:55:46.968 [FXGL Background Thread 3 ] DEBUG Engine               - enabledMenuItems: []
13:55:46.968 [FXGL Background Thread 3 ] DEBUG Engine               - engineServices: [class com.almasb.fxgl.app.services.FXGLAssetLoaderService, class com.almasb.fxgl.app.FXGLApplication$GameApplicationService, class com.almasb.fxgl.app.services.FXGLDialogService, class com.almasb.fxgl.app.services.IOTaskExecutorService, class com.almasb.fxgl.io.FileSystemService, class com.almasb.fxgl.localization.LocalizationService, class com.almasb.fxgl.app.services.SystemBundleService, class com.almasb.fxgl.profile.SaveLoadService, class com.almasb.fxgl.ui.FXGLUIFactoryServiceProvider, class com.almasb.fxgl.ui.FXGLDialogFactoryServiceProvider, class com.almasb.fxgl.audio.AudioPlayer, class com.almasb.fxgl.notification.impl.NotificationServiceProvider, class com.almasb.fxgl.achievement.AchievementService, class com.almasb.fxgl.cutscene.CutsceneService, class com.almasb.fxgl.minigames.MiniGameService, class com.almasb.fxgl.net.NetService, class com.almasb.fxgl.app.services.UpdaterService, class com.almasb.fxgl.dev.DevService]
13:55:46.968 [FXGL Background Thread 3 ] DEBUG Engine               - fontGame: Abel-Regular.ttf
13:55:46.968 [FXGL Background Thread 3 ] DEBUG Engine               - fontMono: lucida_console.ttf
13:55:46.968 [FXGL Background Thread 3 ] DEBUG Engine               - fontText: Courier-Prime.ttf
13:55:46.968 [FXGL Background Thread 3 ] DEBUG Engine               - fontUI: game_font.ttf
13:55:46.968 [FXGL Background Thread 3 ] DEBUG Engine               - fullScreen: BooleanProperty [value: true]
13:55:46.968 [FXGL Background Thread 3 ] DEBUG Engine               - gameDifficulty: MEDIUM
13:55:46.968 [FXGL Background Thread 3 ] DEBUG Engine               - gameDifficultyProperty: ObjectProperty [value: MEDIUM]
13:55:46.968 [FXGL Background Thread 3 ] DEBUG Engine               - globalMusicVolume: 0.5
13:55:46.968 [FXGL Background Thread 3 ] DEBUG Engine               - globalMusicVolumeProperty: DoubleProperty [value: 0.0]
13:55:46.968 [FXGL Background Thread 3 ] DEBUG Engine               - globalSoundVolume: 0.5
13:55:46.968 [FXGL Background Thread 3 ] DEBUG Engine               - globalSoundVolumeProperty: DoubleProperty [value: 0.5]
13:55:46.968 [FXGL Background Thread 3 ] DEBUG Engine               - height: 720
13:55:46.968 [FXGL Background Thread 3 ] DEBUG Engine               - is3D: false
13:55:46.968 [FXGL Background Thread 3 ] DEBUG Engine               - isAndroid: false
13:55:46.968 [FXGL Background Thread 3 ] DEBUG Engine               - isBrowser: false
13:55:46.968 [FXGL Background Thread 3 ] DEBUG Engine               - isClickFeedbackEnabled: false
13:55:46.968 [FXGL Background Thread 3 ] DEBUG Engine               - isCloseConfirmation: false
13:55:46.968 [FXGL Background Thread 3 ] DEBUG Engine               - isDesktop: true
13:55:46.968 [FXGL Background Thread 3 ] DEBUG Engine               - isDeveloperMenuEnabled: false
13:55:46.968 [FXGL Background Thread 3 ] DEBUG Engine               - isEntityPreloadEnabled: true
13:55:46.968 [FXGL Background Thread 3 ] DEBUG Engine               - isExperimentalTiledLargeMap: false
13:55:46.968 [FXGL Background Thread 3 ] DEBUG Engine               - isFileSystemWriteAllowed: true
13:55:46.968 [FXGL Background Thread 3 ] DEBUG Engine               - isFullScreenAllowed: true
13:55:46.968 [FXGL Background Thread 3 ] DEBUG Engine               - isFullScreenFromStart: true
13:55:46.968 [FXGL Background Thread 3 ] DEBUG Engine               - isGameMenuEnabled: true
13:55:46.968 [FXGL Background Thread 3 ] DEBUG Engine               - isIOS: false
13:55:46.968 [FXGL Background Thread 3 ] DEBUG Engine               - isIntroEnabled: false
13:55:46.968 [FXGL Background Thread 3 ] DEBUG Engine               - isLinux: false
13:55:46.968 [FXGL Background Thread 3 ] DEBUG Engine               - isMac: false
13:55:46.968 [FXGL Background Thread 3 ] DEBUG Engine               - isMainMenuEnabled: true
13:55:46.968 [FXGL Background Thread 3 ] DEBUG Engine               - isManualResizeEnabled: false
13:55:46.968 [FXGL Background Thread 3 ] DEBUG Engine               - isMobile: false
13:55:46.968 [FXGL Background Thread 3 ] DEBUG Engine               - isNative: false
13:55:46.968 [FXGL Background Thread 3 ] DEBUG Engine               - isPauseMusicWhenMinimized: true
13:55:46.968 [FXGL Background Thread 3 ] DEBUG Engine               - isPreserveResizeRatio: false
13:55:46.968 [FXGL Background Thread 3 ] DEBUG Engine               - isProfilingEnabled: false
13:55:46.968 [FXGL Background Thread 3 ] DEBUG Engine               - isScaleAffectedOnResize: true
13:55:46.968 [FXGL Background Thread 3 ] DEBUG Engine               - isSingleStep: false
13:55:46.968 [FXGL Background Thread 3 ] DEBUG Engine               - isUserProfileEnabled: false
13:55:46.968 [FXGL Background Thread 3 ] DEBUG Engine               - isWindows: true
13:55:46.968 [FXGL Background Thread 3 ] DEBUG Engine               - language: ObjectProperty [value: ENGLISH]
13:55:46.968 [FXGL Background Thread 3 ] DEBUG Engine               - menuKey: ESCAPE
13:55:46.968 [FXGL Background Thread 3 ] DEBUG Engine               - mouseSensitivity: 0.2
13:55:46.968 [FXGL Background Thread 3 ] DEBUG Engine               - notificationViewClass: class com.almasb.fxgl.notification.view.XboxNotificationView
13:55:46.969 [FXGL Background Thread 3 ] DEBUG Engine               - pixelsPerMeter: 50.0
13:55:46.969 [FXGL Background Thread 3 ] DEBUG Engine               - platform: WINDOWS
13:55:46.969 [FXGL Background Thread 3 ] DEBUG Engine               - prefHeightProperty: ReadOnlyDoubleProperty [value: 720.0]
13:55:46.969 [FXGL Background Thread 3 ] DEBUG Engine               - prefWidthProperty: ReadOnlyDoubleProperty [value: 1280.0]
13:55:46.969 [FXGL Background Thread 3 ] DEBUG Engine               - profileDir: profiles/
13:55:46.969 [FXGL Background Thread 3 ] DEBUG Engine               - profileName: StringProperty [value: DEFAULT]
13:55:46.969 [FXGL Background Thread 3 ] DEBUG Engine               - randomSeed: -1
13:55:46.969 [FXGL Background Thread 3 ] DEBUG Engine               - runtimeInfo: RuntimeInfo(platform=WINDOWS, version=11.17, build=16.07.2021 15.46)
13:55:46.969 [FXGL Background Thread 3 ] DEBUG Engine               - saveFileExt: sav
13:55:46.969 [FXGL Background Thread 3 ] DEBUG Engine               - scaledHeightProp$fxgl: DoubleProperty [bound, value: 864.0]
13:55:46.969 [FXGL Background Thread 3 ] DEBUG Engine               - scaledWidthProp$fxgl: DoubleProperty [bound, value: 1536.0]
13:55:46.969 [FXGL Background Thread 3 ] DEBUG Engine               - sceneFactory: Bomberman.BombermanApp$1@7cb6fbe5
13:55:46.969 [FXGL Background Thread 3 ] DEBUG Engine               - secondsIn24h: 60
13:55:46.969 [FXGL Background Thread 3 ] DEBUG Engine               - soundMenuBack: menu/back.wav
13:55:46.969 [FXGL Background Thread 3 ] DEBUG Engine               - soundMenuPress: menu/press.wav
13:55:46.969 [FXGL Background Thread 3 ] DEBUG Engine               - soundMenuSelect: menu/select.wav
13:55:46.969 [FXGL Background Thread 3 ] DEBUG Engine               - soundNotification: core/notification.wav
13:55:46.969 [FXGL Background Thread 3 ] DEBUG Engine               - stageStyle: DECORATED
13:55:46.969 [FXGL Background Thread 3 ] DEBUG Engine               - supportedLanguages: [ENGLISH, FRENCH, GERMAN, HUNGARIAN, RUSSIAN]
13:55:46.969 [FXGL Background Thread 3 ] DEBUG Engine               - ticksPerSecond: -1
13:55:46.969 [FXGL Background Thread 3 ] DEBUG Engine               - title: BOMBER 
 MAN
13:55:46.969 [FXGL Background Thread 3 ] DEBUG Engine               - urlGithub: https://github.com/AlmasB/FXGL
13:55:46.969 [FXGL Background Thread 3 ] DEBUG Engine               - urlLeaderboard: http://fxgl-top.herokuapp.com/
13:55:46.969 [FXGL Background Thread 3 ] DEBUG Engine               - urlPOM: https://raw.githubusercontent.com/AlmasB/FXGL/release/README.md
13:55:46.969 [FXGL Background Thread 3 ] DEBUG Engine               - userAppClass: class Bomberman.BombermanApp
13:55:46.969 [FXGL Background Thread 3 ] DEBUG Engine               - version: 2.0
13:55:46.969 [FXGL Background Thread 3 ] DEBUG Engine               - versionCheckDays: 7
13:55:46.969 [FXGL Background Thread 3 ] DEBUG Engine               - width: 1280
13:55:46.969 [FXGL Background Thread 3 ] DEBUG Engine               - Logging services
13:55:46.969 [FXGL Background Thread 3 ] DEBUG Engine               - class com.almasb.fxgl.app.services.FXGLAssetLoaderService
13:55:46.969 [FXGL Background Thread 3 ] DEBUG Engine               - class com.almasb.fxgl.app.FXGLApplication$GameApplicationService
13:55:46.969 [FXGL Background Thread 3 ] DEBUG Engine               - class com.almasb.fxgl.app.services.FXGLDialogService
13:55:46.969 [FXGL Background Thread 3 ] DEBUG Engine               - class com.almasb.fxgl.app.services.IOTaskExecutorService
13:55:46.969 [FXGL Background Thread 3 ] DEBUG Engine               - class com.almasb.fxgl.io.FileSystemService
13:55:46.969 [FXGL Background Thread 3 ] DEBUG Engine               - class com.almasb.fxgl.localization.LocalizationService
13:55:46.969 [FXGL Background Thread 3 ] DEBUG Engine               - class com.almasb.fxgl.app.services.SystemBundleService
13:55:46.969 [FXGL Background Thread 3 ] DEBUG Engine               - class com.almasb.fxgl.profile.SaveLoadService
13:55:46.969 [FXGL Background Thread 3 ] DEBUG Engine               - class com.almasb.fxgl.ui.FXGLUIFactoryServiceProvider
13:55:46.969 [FXGL Background Thread 3 ] DEBUG Engine               - class com.almasb.fxgl.ui.FXGLDialogFactoryServiceProvider
13:55:46.970 [FXGL Background Thread 3 ] DEBUG Engine               - class com.almasb.fxgl.audio.AudioPlayer
13:55:46.970 [FXGL Background Thread 3 ] DEBUG Engine               - class com.almasb.fxgl.notification.impl.NotificationServiceProvider
13:55:46.970 [FXGL Background Thread 3 ] DEBUG Engine               - class com.almasb.fxgl.achievement.AchievementService
13:55:46.970 [FXGL Background Thread 3 ] DEBUG Engine               - class com.almasb.fxgl.cutscene.CutsceneService
13:55:46.970 [FXGL Background Thread 3 ] DEBUG Engine               - class com.almasb.fxgl.minigames.MiniGameService
13:55:46.970 [FXGL Background Thread 3 ] DEBUG Engine               - class com.almasb.fxgl.net.NetService
13:55:46.970 [FXGL Background Thread 3 ] DEBUG Engine               - class com.almasb.fxgl.app.services.UpdaterService
13:55:46.970 [FXGL Background Thread 3 ] DEBUG Engine               - class com.almasb.fxgl.dev.DevService
13:55:50.472 [JavaFX Application Thread] DEBUG PrimaryStageWindow   - Pop state: StageStartScene
13:55:50.472 [JavaFX Application Thread] DEBUG Input                - Clearing active input actions
13:55:50.474 [JavaFX Application Thread] DEBUG GameApplicationServi - Removing overlay from StageStartScene and adding to GameScene
13:55:50.474 [JavaFX Application Thread] DEBUG PrimaryStageWindow   - GameScene <- StageStartScene
13:55:52.293 [JavaFX Application Thread] DEBUG FXGLAssetLoaderServi - Loading from file system: file:/C:/Users/V/Desktop/DemoBomberman/DemoBomberman/target/classes/assets/textures/bomb.png
13:55:52.295 [JavaFX Application Thread] WARN  FXGLAssetLoaderServi - Asset "/assets/sounds/play_bomb.wav" was not found!
13:55:52.295 [JavaFX Application Thread] WARN  FXGLAssetLoaderServi - Failed to load SOUND
13:55:54.394 [JavaFX Application Thread] DEBUG FXGLAssetLoaderServi - Loading from file system: file:/C:/Users/V/Desktop/DemoBomberman/DemoBomberman/target/classes/assets/textures/top_right_flame.png
13:55:54.398 [JavaFX Application Thread] DEBUG FXGLAssetLoaderServi - Loading from file system: file:/C:/Users/V/Desktop/DemoBomberman/DemoBomberman/target/classes/assets/textures/top_left_flame.png
13:55:54.400 [JavaFX Application Thread] DEBUG FXGLAssetLoaderServi - Loading from file system: file:/C:/Users/V/Desktop/DemoBomberman/DemoBomberman/target/classes/assets/textures/top_down_flame.png
13:55:54.402 [JavaFX Application Thread] DEBUG FXGLAssetLoaderServi - Loading from file system: file:/C:/Users/V/Desktop/DemoBomberman/DemoBomberman/target/classes/assets/textures/top_up_flame.png
13:55:54.403 [JavaFX Application Thread] DEBUG FXGLAssetLoaderServi - Loading from file system: file:/C:/Users/V/Desktop/DemoBomberman/DemoBomberman/target/classes/assets/textures/central_flame.png
13:55:54.406 [JavaFX Application Thread] DEBUG FXGLAssetLoaderServi - Loading from file system: file:/C:/Users/V/Desktop/DemoBomberman/DemoBomberman/target/classes/assets/sounds/explosion.wav
13:55:54.413 [JavaFX Application Thread] DEBUG FXGLAssetLoaderServi - Loading from file system: file:/C:/Users/V/Desktop/DemoBomberman/DemoBomberman/target/classes/assets/textures/brick_break.png
13:55:54.427 [JavaFX Application Thread] DEBUG FXGLAssetLoaderServi - Loading from file system: file:/C:/Users/V/Desktop/DemoBomberman/DemoBomberman/target/classes/assets/sounds/player_die.wav
13:55:57.932 [JavaFX Application Thread] WARN  TMXLevelLoader       - TiledMap generated from 1.7.2. Supported version: 1.2.3. Some features may not be parsed fully.
13:55:57.938 [JavaFX Application Thread] DEBUG TMXLevelLoader       - Parsed TiledMap: file:/C:/Users/V/Desktop/DemoBomberman/DemoBomberman/target/classes/assets/levels/level1.tmx
13:55:57.938 [JavaFX Application Thread] DEBUG TMXLevelLoader       - Creating tile layer entities
13:55:57.939 [JavaFX Application Thread] DEBUG TilesetLoader        - Loading view for layer Tile Layer 1
13:55:57.939 [JavaFX Application Thread] DEBUG TilesetLoader        - Created buffer with size 1488.0x720.0
13:55:57.956 [JavaFX Application Thread] DEBUG TMXLevelLoader       - Creating object layer entities
13:55:58.006 [JavaFX Application Thread] DEBUG GameWorld            - Clearing removable entities
13:55:58.022 [JavaFX Application Thread] DEBUG GameWorld            - Setting level: com.almasb.fxgl.entity.level.Level@cbe78a78
13:55:59.362 [JavaFX Application Thread] DEBUG PrimaryStageWindow   - Push state: GameMenu
13:55:59.362 [JavaFX Application Thread] DEBUG Input                - Clearing active input actions
13:55:59.363 [JavaFX Application Thread] DEBUG GameApplicationServi - Removing overlay from GameScene and adding to GameMenu
13:55:59.363 [JavaFX Application Thread] DEBUG PrimaryStageWindow   - GameScene -> GameMenu
13:56:00.543 [JavaFX Application Thread] DEBUG PrimaryStageWindow   - Push state: DialogSubScene
13:56:00.543 [JavaFX Application Thread] DEBUG Input                - Clearing active input actions
13:56:00.551 [JavaFX Application Thread] DEBUG GameApplicationServi - Removing overlay from GameMenu and adding to DialogSubScene
13:56:00.551 [JavaFX Application Thread] DEBUG PrimaryStageWindow   - GameMenu -> DialogSubScene
13:56:01.197 [JavaFX Application Thread] DEBUG PrimaryStageWindow   - Pop state: DialogSubScene
13:56:01.197 [JavaFX Application Thread] DEBUG Input                - Clearing active input actions
13:56:01.199 [JavaFX Application Thread] DEBUG GameApplicationServi - Removing overlay from DialogSubScene and adding to GameMenu
13:56:01.199 [JavaFX Application Thread] DEBUG PrimaryStageWindow   - GameMenu <- DialogSubScene
13:56:02.619 [JavaFX Application Thread] DEBUG Menu                 - fireResume()
13:56:02.619 [JavaFX Application Thread] DEBUG PrimaryStageWindow   - Pop state: GameMenu
13:56:02.619 [JavaFX Application Thread] DEBUG Input                - Clearing active input actions
13:56:02.619 [JavaFX Application Thread] DEBUG GameApplicationServi - Removing overlay from GameMenu and adding to GameScene
13:56:02.620 [JavaFX Application Thread] DEBUG PrimaryStageWindow   - GameScene <- GameMenu
13:56:05.110 [JavaFX Application Thread] WARN  FXGLAssetLoaderServi - Asset "/assets/sounds/play_bomb.wav" was not found!
13:56:05.110 [JavaFX Application Thread] WARN  FXGLAssetLoaderServi - Failed to load SOUND
13:56:08.499 [JavaFX Application Thread] WARN  FXGLAssetLoaderServi - Asset "/assets/sounds/play_bomb.wav" was not found!
13:56:08.500 [JavaFX Application Thread] WARN  FXGLAssetLoaderServi - Failed to load SOUND
13:56:10.901 [JavaFX Application Thread] WARN  FXGLAssetLoaderServi - Asset "/assets/sounds/play_bomb.wav" was not found!
13:56:10.902 [JavaFX Application Thread] WARN  FXGLAssetLoaderServi - Failed to load SOUND
13:56:14.315 [JavaFX Application Thread] WARN  FXGLAssetLoaderServi - Asset "/assets/sounds/play_bomb.wav" was not found!
13:56:14.315 [JavaFX Application Thread] WARN  FXGLAssetLoaderServi - Failed to load SOUND
13:56:15.770 [JavaFX Application Thread] DEBUG FXGLAssetLoaderServi - Loading from file system: file:/C:/Users/V/Desktop/DemoBomberman/DemoBomberman/target/classes/assets/sounds/powerup.wav
13:56:17.984 [JavaFX Application Thread] WARN  FXGLAssetLoaderServi - Asset "/assets/sounds/play_bomb.wav" was not found!
13:56:17.984 [JavaFX Application Thread] WARN  FXGLAssetLoaderServi - Failed to load SOUND
13:56:21.708 [JavaFX Application Thread] WARN  FXGLAssetLoaderServi - Asset "/assets/sounds/play_bomb.wav" was not found!
13:56:21.708 [JavaFX Application Thread] WARN  FXGLAssetLoaderServi - Failed to load SOUND
13:56:31.134 [JavaFX Application Thread] WARN  FXGLAssetLoaderServi - Asset "/assets/sounds/play_bomb.wav" was not found!
13:56:31.134 [JavaFX Application Thread] WARN  FXGLAssetLoaderServi - Failed to load SOUND
13:56:34.735 [JavaFX Application Thread] WARN  FXGLAssetLoaderServi - Asset "/assets/sounds/play_bomb.wav" was not found!
13:56:34.735 [JavaFX Application Thread] WARN  FXGLAssetLoaderServi - Failed to load SOUND
13:56:38.548 [JavaFX Application Thread] WARN  FXGLAssetLoaderServi - Asset "/assets/sounds/play_bomb.wav" was not found!
13:56:38.549 [JavaFX Application Thread] WARN  FXGLAssetLoaderServi - Failed to load SOUND
13:56:38.857 [JavaFX Application Thread] WARN  FXGLAssetLoaderServi - Asset "/assets/sounds/play_bomb.wav" was not found!
13:56:38.857 [JavaFX Application Thread] WARN  FXGLAssetLoaderServi - Failed to load SOUND
13:56:42.679 [JavaFX Application Thread] WARN  FXGLAssetLoaderServi - Asset "/assets/sounds/play_bomb.wav" was not found!
13:56:42.679 [JavaFX Application Thread] WARN  FXGLAssetLoaderServi - Failed to load SOUND
13:56:46.140 [JavaFX Application Thread] WARN  TMXLevelLoader       - TiledMap generated from 1.7.2. Supported version: 1.2.3. Some features may not be parsed fully.
13:56:46.146 [JavaFX Application Thread] DEBUG TMXLevelLoader       - Parsed TiledMap: file:/C:/Users/V/Desktop/DemoBomberman/DemoBomberman/target/classes/assets/levels/level1.tmx
13:56:46.146 [JavaFX Application Thread] DEBUG TMXLevelLoader       - Creating tile layer entities
13:56:46.147 [JavaFX Application Thread] DEBUG TilesetLoader        - Loading view for layer Tile Layer 1
13:56:46.148 [JavaFX Application Thread] DEBUG TilesetLoader        - Created buffer with size 1488.0x720.0
13:56:46.170 [JavaFX Application Thread] DEBUG TMXLevelLoader       - Creating object layer entities
13:56:46.234 [JavaFX Application Thread] DEBUG GameWorld            - Clearing removable entities
13:56:46.271 [JavaFX Application Thread] DEBUG GameWorld            - Setting level: com.almasb.fxgl.entity.level.Level@8fec6a9
13:56:48.040 [JavaFX Application Thread] WARN  FXGLAssetLoaderServi - Asset "/assets/sounds/play_bomb.wav" was not found!
13:56:48.040 [JavaFX Application Thread] WARN  FXGLAssetLoaderServi - Failed to load SOUND
13:56:53.022 [JavaFX Application Thread] WARN  FXGLAssetLoaderServi - Asset "/assets/sounds/play_bomb.wav" was not found!
13:56:53.022 [JavaFX Application Thread] WARN  FXGLAssetLoaderServi - Failed to load SOUND
13:56:57.444 [JavaFX Application Thread] WARN  FXGLAssetLoaderServi - Asset "/assets/sounds/play_bomb.wav" was not found!
13:56:57.445 [JavaFX Application Thread] WARN  FXGLAssetLoaderServi - Failed to load SOUND
13:57:01.207 [JavaFX Application Thread] WARN  FXGLAssetLoaderServi - Asset "/assets/sounds/play_bomb.wav" was not found!
13:57:01.207 [JavaFX Application Thread] WARN  FXGLAssetLoaderServi - Failed to load SOUND
13:57:04.274 [JavaFX Application Thread] WARN  FXGLAssetLoaderServi - Asset "/assets/sounds/play_bomb.wav" was not found!
13:57:04.274 [JavaFX Application Thread] WARN  FXGLAssetLoaderServi - Failed to load SOUND
13:57:06.657 [JavaFX Application Thread] WARN  FXGLAssetLoaderServi - Asset "/assets/sounds/play_bomb.wav" was not found!
13:57:06.657 [JavaFX Application Thread] WARN  FXGLAssetLoaderServi - Failed to load SOUND
13:57:09.274 [JavaFX Application Thread] WARN  FXGLAssetLoaderServi - Asset "/assets/sounds/play_bomb.wav" was not found!
13:57:09.274 [JavaFX Application Thread] WARN  FXGLAssetLoaderServi - Failed to load SOUND
13:57:12.745 [JavaFX Application Thread] WARN  FXGLAssetLoaderServi - Asset "/assets/sounds/play_bomb.wav" was not found!
13:57:12.745 [JavaFX Application Thread] WARN  FXGLAssetLoaderServi - Failed to load SOUND
13:57:14.996 [JavaFX Application Thread] WARN  FXGLAssetLoaderServi - Asset "/assets/sounds/play_bomb.wav" was not found!
13:57:14.996 [JavaFX Application Thread] WARN  FXGLAssetLoaderServi - Failed to load SOUND
13:57:23.505 [JavaFX Application Thread] WARN  FXGLAssetLoaderServi - Asset "/assets/sounds/play_bomb.wav" was not found!
13:57:23.507 [JavaFX Application Thread] WARN  FXGLAssetLoaderServi - Failed to load SOUND
13:57:26.109 [JavaFX Application Thread] WARN  FXGLAssetLoaderServi - Asset "/assets/sounds/play_bomb.wav" was not found!
13:57:26.110 [JavaFX Application Thread] WARN  FXGLAssetLoaderServi - Failed to load SOUND
13:57:27.608 [JavaFX Application Thread] WARN  FXGLAssetLoaderServi - Asset "/assets/sounds/play_bomb.wav" was not found!
13:57:27.608 [JavaFX Application Thread] WARN  FXGLAssetLoaderServi - Failed to load SOUND
13:57:31.804 [JavaFX Application Thread] DEBUG FXGLAssetLoaderServi - Loading from file system: file:/C:/Users/V/Desktop/DemoBomberman/DemoBomberman/target/classes/assets/sounds/ending.wav
13:57:31.816 [JavaFX Application Thread] DEBUG PrimaryStageWindow   - Push state: EndingScene
13:57:31.816 [JavaFX Application Thread] DEBUG Input                - Clearing active input actions
13:57:31.817 [JavaFX Application Thread] DEBUG GameApplicationServi - Removing overlay from GameScene and adding to EndingScene
13:57:31.817 [JavaFX Application Thread] DEBUG PrimaryStageWindow   - GameScene -> EndingScene
13:57:48.257 [JavaFX Application Thread] DEBUG FXGLApplication      - Exiting FXGL
13:57:48.257 [JavaFX Application Thread] DEBUG LoopRunner           - Stopping loop
13:57:48.257 [JavaFX Application Thread] DEBUG SystemBundleService  - Saving FXGL system data
13:57:48.261 [JavaFX Application Thread] DEBUG FileSystemAccess     - Writing to: C:\Users\V\Desktop\DemoBomberman\DemoBomberman\system\fxgl.bundle
13:57:48.263 [JavaFX Application Thread] DEBUG Async                - Shutting down background threads
13:57:48.263 [JavaFX Application Thread] DEBUG PrimaryStageWindow   - Closing main window
13:57:48.288 [JavaFX Application Thread] DEBUG Logger               - Closing Logger
