14:02:12.393 [main                     ] DEBUG Logger               - Configured Logger
14:02:12.397 [main                     ] DEBUG GameApplication      - Logging settings
Title: BOMBER 
 MAN
Version: 2.0
Width: 1280
Height: 720
Fullscreen: true
Intro: false
Profiling: false
Single step:false
App Mode: DEVELOPER
Menu Key: ESCAPE
Stage Style: DECORATED
Scene Factory: class Bomberman.BombermanApp$1

14:02:13.017 [JavaFX Application Thread] DEBUG FXGLApplication      - Initializing FXGL
14:02:13.019 [JavaFX Application Thread] INFO  Engine               - FXGL-11.17 (16.07.2021 15.46) on WINDOWS (J:18.0.2 FX:16)
14:02:13.019 [JavaFX Application Thread] DEBUG Engine               - JRE Vendor Name: IBM Corporation
14:02:13.019 [JavaFX Application Thread] DEBUG Engine               - Running on OS: Windows 10 version 10.0
14:02:13.019 [JavaFX Application Thread] DEBUG Engine               - Architecture: amd64
14:02:13.020 [JavaFX Application Thread] INFO  Engine               - Source code and latest versions at: https://github.com/AlmasB/FXGL
14:02:13.020 [JavaFX Application Thread] INFO  Engine               -              Join the FXGL chat at: https://gitter.im/AlmasB/FXGL
14:02:13.146 [JavaFX Application Thread] DEBUG PrimaryStageWindow   - Creating a JavaFX scene
14:02:13.196 [JavaFX Application Thread] DEBUG PrimaryStageWindow   - Target settings size: 1280.0 x 720.0
14:02:13.196 [JavaFX Application Thread] DEBUG PrimaryStageWindow   - Scaled scene size:    1280.0 x 720.0
14:02:13.196 [JavaFX Application Thread] DEBUG PrimaryStageWindow   - Scaled ratio: (1.0, 1.0)
14:02:13.197 [JavaFX Application Thread] DEBUG PrimaryStageWindow   - Set initial scene to FXGLStartupScene
14:02:13.206 [JavaFX Application Thread] DEBUG PrimaryStageWindow   - Opening main window
14:02:13.292 [JavaFX Application Thread] DEBUG PrimaryStageWindow   - Window border size: (14.4000244140625, 37.5999755859375)
14:02:13.292 [JavaFX Application Thread] DEBUG PrimaryStageWindow   - Scaled size: 1280.0 x 720.0
14:02:13.292 [JavaFX Application Thread] DEBUG PrimaryStageWindow   - Scaled ratio: (1.0, 1.0)
14:02:13.292 [JavaFX Application Thread] DEBUG PrimaryStageWindow   - Scene size: 1280.0 x 720.0
14:02:13.292 [JavaFX Application Thread] DEBUG PrimaryStageWindow   - Stage size: 1294.4000244140625 x 757.5999755859375
14:02:13.404 [JavaFX Application Thread] DEBUG PrimaryStageWindow   - Going fullscreen
14:02:13.426 [FXGL Background Thread 1 ] DEBUG Engine               - Initializing environment variables
14:02:13.525 [FXGL Background Thread 1 ] DEBUG FXGLAssetLoaderServi - User app class for loading assets: class Bomberman.BombermanApp
14:02:13.525 [FXGL Background Thread 1 ] DEBUG GameApplicationServi - Applying CSS: fxgl_dark.css
14:02:13.526 [FXGL Background Thread 1 ] DEBUG FXGLAssetLoaderServi - Loading from file system: jar:file:/C:/Users/V/.m2/repository/com/github/almasb/fxgl/11.17/fxgl-11.17.jar!/fxglassets/ui/css/fxgl_dark.css
14:02:13.592 [FXGL Background Thread 1 ] DEBUG GameApplicationServi - Initializing application scenes
14:02:13.672 [FXGL Background Thread 1 ] DEBUG GameWorld            - Game world initialized
14:02:13.747 [FXGL Background Thread 1 ] DEBUG PhysicsWorld         - Physics world initialized: appHeight=720, physics.ppm=50.0
14:02:13.747 [FXGL Background Thread 1 ] DEBUG PhysicsWorld         - Using strategy: BRUTE_FORCE
14:02:13.749 [FXGL Background Thread 1 ] DEBUG GameScene            - Game scene initialized: 1280x720
14:02:14.073 [FXGL Background Thread 1 ] DEBUG GameApplicationServi - Application scenes initialized
14:02:14.091 [FXGL Background Thread 1 ] DEBUG SystemBundleService  - Loading FXGL system data
14:02:14.097 [FXGL Background Thread 1 ] DEBUG FileSystemAccess     - Reading from: C:\Users\V\Desktop\DemoBomberman\DemoBomberman\system\fxgl.bundle
14:02:14.107 [FXGL Background Thread 1 ] DEBUG SystemBundleService  - Bundle FXGL: {}
14:02:14.107 [FXGL Background Thread 1 ] DEBUG UpdaterService       - Checking for updates
14:02:14.134 [FXGL Background Thread 4 ] DEBUG FXGLApplication      - Loading fonts
14:02:14.135 [FXGL Background Thread 1 ] DEBUG FXGLApplication      - Loading default localization
14:02:14.135 [FXGL Background Thread 4 ] WARN  FXGLAssetLoaderServi - Asset "/assets/ui/fonts/game_font.ttf" was not found!
14:02:14.136 [FXGL Background Thread 4 ] WARN  FXGLAssetLoaderServi - Failed to load FONT
14:02:14.136 [FXGL Background Thread 1 ] DEBUG FXGLAssetLoaderServi - Loading from file system: jar:file:/C:/Users/V/.m2/repository/com/github/almasb/fxgl/11.17/fxgl-11.17.jar!/fxglassets/languages/english.lang
14:02:14.136 [FXGL Background Thread 4 ] DEBUG FXGLAssetLoaderServi - Loading from file system: jar:file:/C:/Users/V/.m2/repository/com/github/almasb/fxgl/11.17/fxgl-11.17.jar!/fxglassets/ui/fonts/Abel-Regular.ttf
14:02:14.195 [FXGL Background Thread 1 ] INFO  FXGLApplication      - FXGL initialization took: 0.769 sec
14:02:14.208 [JavaFX Application Thread] DEBUG Input                - Registered new binding: Move Up - W
14:02:14.208 [JavaFX Application Thread] DEBUG Input                - Registered new binding: Arrow up - Up
14:02:14.208 [JavaFX Application Thread] DEBUG Input                - Registered new binding: Move Down - S
14:02:14.209 [JavaFX Application Thread] DEBUG Input                - Registered new binding: Arrow down - Down
14:02:14.209 [JavaFX Application Thread] DEBUG Input                - Registered new binding: Move Left - A
14:02:14.209 [JavaFX Application Thread] DEBUG Input                - Registered new binding: Arrow Left - Left
14:02:14.209 [JavaFX Application Thread] DEBUG Input                - Registered new binding: Move Right - D
14:02:14.209 [JavaFX Application Thread] DEBUG Input                - Registered new binding: Arrow right - Right
14:02:14.209 [JavaFX Application Thread] DEBUG Input                - Registered new binding: Place Bomb - Space
14:02:14.210 [JavaFX Application Thread] DEBUG FXGLAssetLoaderServi - Loading from file system: file:/C:/Users/V/Desktop/DemoBomberman/DemoBomberman/target/classes/assets/music/stage_theme.mp3
14:02:14.250 [FXGL Background Thread 4 ] DEBUG FXGLAssetLoaderServi - Loading from file system: jar:file:/C:/Users/V/.m2/repository/com/github/almasb/fxgl/11.17/fxgl-11.17.jar!/fxglassets/ui/fonts/lucida_console.ttf
14:02:14.266 [FXGL Background Thread 4 ] DEBUG FXGLAssetLoaderServi - Loading from file system: jar:file:/C:/Users/V/.m2/repository/com/github/almasb/fxgl/11.17/fxgl-11.17.jar!/fxglassets/ui/fonts/Courier-Prime.ttf
14:02:14.533 [JavaFX Application Thread] DEBUG AudioPlayer          - Playing music com.almasb.fxgl.audio.Music@42632619
14:02:14.534 [JavaFX Application Thread] DEBUG FXGLAssetLoaderServi - Loading from file system: jar:file:/C:/Users/V/.m2/repository/com/github/almasb/fxgl/11.17/fxgl-11.17.jar!/fxglassets/textures/fxgl_icon.png
14:02:14.577 [JavaFX Application Thread] DEBUG FXGLAssetLoaderServi - Loading from file system: jar:file:/C:/Users/V/.m2/repository/com/github/almasb/fxgl/11.17/fxgl-11.17.jar!/fxglassets/textures/fxgl_default_cursor.png
14:02:14.579 [JavaFX Application Thread] DEBUG Input                - Registered new binding: Screenshot - CTRL+8
14:02:14.581 [JavaFX Application Thread] DEBUG Input                - Registered new binding: System info dump - CTRL+9
14:02:14.582 [JavaFX Application Thread] DEBUG Input                - Registered new binding: Restart - CTRL+R
14:02:14.582 [JavaFX Application Thread] DEBUG Input                - Registered new binding: Toggle Debug Camera - CTRL+C
14:02:14.586 [JavaFX Application Thread] DEBUG LoopRunner           - Starting loop
14:02:14.586 [JavaFX Application Thread] DEBUG LoopRunner           - Initializing JavaFX AnimationTimerLoop
14:02:14.590 [JavaFX Application Thread] DEBUG Input                - Clearing active input actions
14:02:14.601 [JavaFX Application Thread] DEBUG GameApplicationServi - Removing overlay from FXGLStartupScene and adding to FXGLMainMenuDummyScene
14:02:14.601 [JavaFX Application Thread] DEBUG PrimaryStageWindow   - FXGLStartupScene -> FXGLMainMenuDummyScene
14:02:14.601 [JavaFX Application Thread] DEBUG PrimaryStageWindow   - Push state: MainMenu
14:02:14.602 [JavaFX Application Thread] DEBUG Input                - Clearing active input actions
14:02:14.607 [JavaFX Application Thread] DEBUG GameApplicationServi - Removing overlay from FXGLMainMenuDummyScene and adding to MainMenu
14:02:14.608 [JavaFX Application Thread] DEBUG PrimaryStageWindow   - FXGLMainMenuDummyScene -> MainMenu
14:02:14.620 [JavaFX Application Thread] DEBUG FXGLApplication      - Registering font factories with UI factory
14:02:14.965 [FXGL Background Thread 2 ] INFO  UpdaterService       - Your current version:  11.17
14:02:14.965 [FXGL Background Thread 2 ] INFO  UpdaterService       - Latest stable version: 17.2
14:02:15.669 [JavaFX Application Thread] DEBUG Menu                 - fireNewGame()
14:02:15.669 [JavaFX Application Thread] DEBUG GameApplicationServi - Starting new game
14:02:15.669 [JavaFX Application Thread] DEBUG PrimaryStageWindow   - Pop state: MainMenu
14:02:15.669 [JavaFX Application Thread] DEBUG Input                - Clearing active input actions
14:02:15.670 [JavaFX Application Thread] DEBUG GameApplicationServi - Removing overlay from MainMenu and adding to FXGLMainMenuDummyScene
14:02:15.671 [JavaFX Application Thread] DEBUG PrimaryStageWindow   - FXGLMainMenuDummyScene <- MainMenu
14:02:15.671 [JavaFX Application Thread] DEBUG Input                - Clearing active input actions
14:02:15.678 [JavaFX Application Thread] DEBUG GameApplicationServi - Removing overlay from FXGLMainMenuDummyScene and adding to FXGLLoadingScene
14:02:15.678 [JavaFX Application Thread] DEBUG PrimaryStageWindow   - FXGLMainMenuDummyScene -> FXGLLoadingScene
14:02:15.678 [JavaFX Application Thread] DEBUG GameApplicationServi - Clearing previous game
14:02:15.678 [JavaFX Application Thread] DEBUG GameScene            - Clearing game scene
14:02:15.678 [JavaFX Application Thread] DEBUG GameWorld            - Clearing game world
14:02:15.678 [JavaFX Application Thread] DEBUG PhysicsWorld         - Clearing physics world
14:02:15.680 [FXGL Background Thread 2 ] DEBUG FXGLApplication      - Initializing game
14:02:15.701 [FXGL Background Thread 2 ] WARN  TMXLevelLoader       - TiledMap generated from 1.7.2. Supported version: 1.2.3. Some features may not be parsed fully.
14:02:15.717 [FXGL Background Thread 2 ] DEBUG TMXLevelLoader       - Parsed TiledMap: file:/C:/Users/V/Desktop/DemoBomberman/DemoBomberman/target/classes/assets/levels/level1.tmx
14:02:15.718 [FXGL Background Thread 2 ] DEBUG TMXLevelLoader       - Creating tile layer entities
14:02:15.720 [FXGL Background Thread 2 ] DEBUG TilesetLoader        - Loading view for layer Tile Layer 1
14:02:15.731 [FXGL Background Thread 2 ] DEBUG TilesetLoader        - Created buffer with size 1488.0x720.0
14:02:15.770 [FXGL Background Thread 2 ] DEBUG TMXLevelLoader       - Creating object layer entities
14:02:15.794 [FXGL Background Thread 2 ] DEBUG FXGLAssetLoaderServi - Loading from file system: file:/C:/Users/V/Desktop/DemoBomberman/DemoBomberman/target/classes/assets/textures/player_die.png
14:02:15.797 [FXGL Background Thread 2 ] DEBUG FXGLAssetLoaderServi - Loading from file system: file:/C:/Users/V/Desktop/DemoBomberman/DemoBomberman/target/classes/assets/textures/player_down.png
14:02:15.798 [FXGL Background Thread 2 ] DEBUG FXGLAssetLoaderServi - Loading from file system: file:/C:/Users/V/Desktop/DemoBomberman/DemoBomberman/target/classes/assets/textures/player_right.png
14:02:15.799 [FXGL Background Thread 2 ] DEBUG FXGLAssetLoaderServi - Loading from file system: file:/C:/Users/V/Desktop/DemoBomberman/DemoBomberman/target/classes/assets/textures/player_up.png
14:02:15.799 [FXGL Background Thread 2 ] DEBUG FXGLAssetLoaderServi - Loading from file system: file:/C:/Users/V/Desktop/DemoBomberman/DemoBomberman/target/classes/assets/textures/player_left.png
14:02:15.803 [FXGL Background Thread 2 ] DEBUG FXGLAssetLoaderServi - Loading from file system: file:/C:/Users/V/Desktop/DemoBomberman/DemoBomberman/target/classes/assets/textures/enemy1.png
14:02:15.857 [FXGL Background Thread 2 ] DEBUG FXGLAssetLoaderServi - Loading from file system: file:/C:/Users/V/Desktop/DemoBomberman/DemoBomberman/target/classes/assets/textures/enemy2.png
14:02:15.865 [FXGL Background Thread 2 ] DEBUG FXGLAssetLoaderServi - Loading from file system: file:/C:/Users/V/Desktop/DemoBomberman/DemoBomberman/target/classes/assets/textures/brick.png
14:02:15.875 [FXGL Background Thread 2 ] DEBUG FXGLAssetLoaderServi - Loading from file system: file:/C:/Users/V/Desktop/DemoBomberman/DemoBomberman/target/classes/assets/textures/powerup_speed.png
14:02:15.877 [FXGL Background Thread 2 ] DEBUG FXGLAssetLoaderServi - Loading from file system: file:/C:/Users/V/Desktop/DemoBomberman/DemoBomberman/target/classes/assets/textures/powerup_bombs.png
14:02:15.921 [FXGL Background Thread 2 ] DEBUG GameWorld            - Clearing removable entities
14:02:15.922 [FXGL Background Thread 2 ] DEBUG GameWorld            - Setting level: com.almasb.fxgl.entity.level.Level@2a79f463
14:02:15.975 [FXGL Background Thread 2 ] INFO  FXGLApplication      - Game initialization took: 0.295 sec
14:02:15.977 [JavaFX Application Thread] DEBUG Input                - Clearing active input actions
14:02:15.998 [JavaFX Application Thread] DEBUG GameApplicationServi - Removing overlay from FXGLLoadingScene and adding to GameScene
14:02:15.998 [JavaFX Application Thread] DEBUG PrimaryStageWindow   - FXGLLoadingScene -> GameScene
14:02:16.003 [JavaFX Application Thread] DEBUG FXGLAssetLoaderServi - Loading from file system: file:/C:/Users/V/Desktop/DemoBomberman/DemoBomberman/target/classes/assets/sounds/stage_start.wav
14:02:16.019 [JavaFX Application Thread] DEBUG PrimaryStageWindow   - Push state: StageStartScene
14:02:16.019 [JavaFX Application Thread] DEBUG Input                - Clearing active input actions
14:02:16.019 [JavaFX Application Thread] DEBUG GameApplicationServi - Removing overlay from GameScene and adding to StageStartScene
14:02:16.019 [JavaFX Application Thread] DEBUG PrimaryStageWindow   - GameScene -> StageStartScene
14:02:17.119 [FXGL Background Thread 3 ] DEBUG Engine               - Logging environment variables
14:02:17.119 [FXGL Background Thread 3 ] DEBUG Engine               - achievements: []
14:02:17.119 [FXGL Background Thread 3 ] DEBUG Engine               - actualHeight: 864.0
14:02:17.120 [FXGL Background Thread 3 ] DEBUG Engine               - actualHeightProperty: ReadOnlyDoubleProperty [value: 864.0]
14:02:17.120 [FXGL Background Thread 3 ] DEBUG Engine               - actualWidth: 1536.0
14:02:17.120 [FXGL Background Thread 3 ] DEBUG Engine               - actualWidthProperty: ReadOnlyDoubleProperty [value: 1536.0]
14:02:17.120 [FXGL Background Thread 3 ] DEBUG Engine               - appIcon: fxgl_icon.png
14:02:17.120 [FXGL Background Thread 3 ] DEBUG Engine               - applicationMode: DEVELOPER
14:02:17.120 [FXGL Background Thread 3 ] DEBUG Engine               - cSSList: [fxgl_dark.css]
14:02:17.120 [FXGL Background Thread 3 ] DEBUG Engine               - collisionDetectionStrategy: BRUTE_FORCE
14:02:17.120 [FXGL Background Thread 3 ] DEBUG Engine               - configClass: Optional.empty
14:02:17.120 [FXGL Background Thread 3 ] DEBUG Engine               - credits: []
14:02:17.120 [FXGL Background Thread 3 ] DEBUG Engine               - defaultCursor: CursorInfo(imageName=fxgl_default_cursor.png, hotspotX=7.0, hotspotY=6.0)
14:02:17.120 [FXGL Background Thread 3 ] DEBUG Engine               - devBBoxColorProperty: ObjectProperty [value: 0xff0000ff]
14:02:17.120 [FXGL Background Thread 3 ] DEBUG Engine               - devEnableDebugCameraProperty: BooleanProperty [value: false]
14:02:17.120 [FXGL Background Thread 3 ] DEBUG Engine               - devSensorColorProperty: ObjectProperty [value: 0xffff00ff]
14:02:17.121 [FXGL Background Thread 3 ] DEBUG Engine               - devShowBBoxProperty: BooleanProperty [value: false]
14:02:17.121 [FXGL Background Thread 3 ] DEBUG Engine               - devShowPositionProperty: BooleanProperty [value: false]
14:02:17.121 [FXGL Background Thread 3 ] DEBUG Engine               - enabledMenuItems: []
14:02:17.121 [FXGL Background Thread 3 ] DEBUG Engine               - engineServices: [class com.almasb.fxgl.app.services.FXGLAssetLoaderService, class com.almasb.fxgl.app.FXGLApplication$GameApplicationService, class com.almasb.fxgl.app.services.FXGLDialogService, class com.almasb.fxgl.app.services.IOTaskExecutorService, class com.almasb.fxgl.io.FileSystemService, class com.almasb.fxgl.localization.LocalizationService, class com.almasb.fxgl.app.services.SystemBundleService, class com.almasb.fxgl.profile.SaveLoadService, class com.almasb.fxgl.ui.FXGLUIFactoryServiceProvider, class com.almasb.fxgl.ui.FXGLDialogFactoryServiceProvider, class com.almasb.fxgl.audio.AudioPlayer, class com.almasb.fxgl.notification.impl.NotificationServiceProvider, class com.almasb.fxgl.achievement.AchievementService, class com.almasb.fxgl.cutscene.CutsceneService, class com.almasb.fxgl.minigames.MiniGameService, class com.almasb.fxgl.net.NetService, class com.almasb.fxgl.app.services.UpdaterService, class com.almasb.fxgl.dev.DevService]
14:02:17.121 [FXGL Background Thread 3 ] DEBUG Engine               - fontGame: Abel-Regular.ttf
14:02:17.121 [FXGL Background Thread 3 ] DEBUG Engine               - fontMono: lucida_console.ttf
14:02:17.121 [FXGL Background Thread 3 ] DEBUG Engine               - fontText: Courier-Prime.ttf
14:02:17.121 [FXGL Background Thread 3 ] DEBUG Engine               - fontUI: game_font.ttf
14:02:17.121 [FXGL Background Thread 3 ] DEBUG Engine               - fullScreen: BooleanProperty [value: true]
14:02:17.121 [FXGL Background Thread 3 ] DEBUG Engine               - gameDifficulty: MEDIUM
14:02:17.121 [FXGL Background Thread 3 ] DEBUG Engine               - gameDifficultyProperty: ObjectProperty [value: MEDIUM]
14:02:17.121 [FXGL Background Thread 3 ] DEBUG Engine               - globalMusicVolume: 0.5
14:02:17.121 [FXGL Background Thread 3 ] DEBUG Engine               - globalMusicVolumeProperty: DoubleProperty [value: 0.0]
14:02:17.121 [FXGL Background Thread 3 ] DEBUG Engine               - globalSoundVolume: 0.5
14:02:17.121 [FXGL Background Thread 3 ] DEBUG Engine               - globalSoundVolumeProperty: DoubleProperty [value: 0.5]
14:02:17.121 [FXGL Background Thread 3 ] DEBUG Engine               - height: 720
14:02:17.121 [FXGL Background Thread 3 ] DEBUG Engine               - is3D: false
14:02:17.122 [FXGL Background Thread 3 ] DEBUG Engine               - isAndroid: false
14:02:17.122 [FXGL Background Thread 3 ] DEBUG Engine               - isBrowser: false
14:02:17.122 [FXGL Background Thread 3 ] DEBUG Engine               - isClickFeedbackEnabled: false
14:02:17.122 [FXGL Background Thread 3 ] DEBUG Engine               - isCloseConfirmation: false
14:02:17.122 [FXGL Background Thread 3 ] DEBUG Engine               - isDesktop: true
14:02:17.122 [FXGL Background Thread 3 ] DEBUG Engine               - isDeveloperMenuEnabled: false
14:02:17.122 [FXGL Background Thread 3 ] DEBUG Engine               - isEntityPreloadEnabled: true
14:02:17.122 [FXGL Background Thread 3 ] DEBUG Engine               - isExperimentalTiledLargeMap: false
14:02:17.122 [FXGL Background Thread 3 ] DEBUG Engine               - isFileSystemWriteAllowed: true
14:02:17.122 [FXGL Background Thread 3 ] DEBUG Engine               - isFullScreenAllowed: true
14:02:17.122 [FXGL Background Thread 3 ] DEBUG Engine               - isFullScreenFromStart: true
14:02:17.122 [FXGL Background Thread 3 ] DEBUG Engine               - isGameMenuEnabled: true
14:02:17.122 [FXGL Background Thread 3 ] DEBUG Engine               - isIOS: false
14:02:17.122 [FXGL Background Thread 3 ] DEBUG Engine               - isIntroEnabled: false
14:02:17.122 [FXGL Background Thread 3 ] DEBUG Engine               - isLinux: false
14:02:17.122 [FXGL Background Thread 3 ] DEBUG Engine               - isMac: false
14:02:17.122 [FXGL Background Thread 3 ] DEBUG Engine               - isMainMenuEnabled: true
14:02:17.122 [FXGL Background Thread 3 ] DEBUG Engine               - isManualResizeEnabled: false
14:02:17.122 [FXGL Background Thread 3 ] DEBUG Engine               - isMobile: false
14:02:17.122 [FXGL Background Thread 3 ] DEBUG Engine               - isNative: false
14:02:17.122 [FXGL Background Thread 3 ] DEBUG Engine               - isPauseMusicWhenMinimized: true
14:02:17.122 [FXGL Background Thread 3 ] DEBUG Engine               - isPreserveResizeRatio: false
14:02:17.123 [FXGL Background Thread 3 ] DEBUG Engine               - isProfilingEnabled: false
14:02:17.123 [FXGL Background Thread 3 ] DEBUG Engine               - isScaleAffectedOnResize: true
14:02:17.123 [FXGL Background Thread 3 ] DEBUG Engine               - isSingleStep: false
14:02:17.123 [FXGL Background Thread 3 ] DEBUG Engine               - isUserProfileEnabled: false
14:02:17.123 [FXGL Background Thread 3 ] DEBUG Engine               - isWindows: true
14:02:17.123 [FXGL Background Thread 3 ] DEBUG Engine               - language: ObjectProperty [value: ENGLISH]
14:02:17.123 [FXGL Background Thread 3 ] DEBUG Engine               - menuKey: ESCAPE
14:02:17.123 [FXGL Background Thread 3 ] DEBUG Engine               - mouseSensitivity: 0.2
14:02:17.123 [FXGL Background Thread 3 ] DEBUG Engine               - notificationViewClass: class com.almasb.fxgl.notification.view.XboxNotificationView
14:02:17.123 [FXGL Background Thread 3 ] DEBUG Engine               - pixelsPerMeter: 50.0
14:02:17.123 [FXGL Background Thread 3 ] DEBUG Engine               - platform: WINDOWS
14:02:17.123 [FXGL Background Thread 3 ] DEBUG Engine               - prefHeightProperty: ReadOnlyDoubleProperty [value: 720.0]
14:02:17.123 [FXGL Background Thread 3 ] DEBUG Engine               - prefWidthProperty: ReadOnlyDoubleProperty [value: 1280.0]
14:02:17.123 [FXGL Background Thread 3 ] DEBUG Engine               - profileDir: profiles/
14:02:17.123 [FXGL Background Thread 3 ] DEBUG Engine               - profileName: StringProperty [value: DEFAULT]
14:02:17.123 [FXGL Background Thread 3 ] DEBUG Engine               - randomSeed: -1
14:02:17.124 [FXGL Background Thread 3 ] DEBUG Engine               - runtimeInfo: RuntimeInfo(platform=WINDOWS, version=11.17, build=16.07.2021 15.46)
14:02:17.124 [FXGL Background Thread 3 ] DEBUG Engine               - saveFileExt: sav
14:02:17.124 [FXGL Background Thread 3 ] DEBUG Engine               - scaledHeightProp$fxgl: DoubleProperty [bound, value: 864.0]
14:02:17.124 [FXGL Background Thread 3 ] DEBUG Engine               - scaledWidthProp$fxgl: DoubleProperty [bound, value: 1536.0]
14:02:17.124 [FXGL Background Thread 3 ] DEBUG Engine               - sceneFactory: Bomberman.BombermanApp$1@d98f2588
14:02:17.124 [FXGL Background Thread 3 ] DEBUG Engine               - secondsIn24h: 60
14:02:17.124 [FXGL Background Thread 3 ] DEBUG Engine               - soundMenuBack: menu/back.wav
14:02:17.124 [FXGL Background Thread 3 ] DEBUG Engine               - soundMenuPress: menu/press.wav
14:02:17.124 [FXGL Background Thread 3 ] DEBUG Engine               - soundMenuSelect: menu/select.wav
14:02:17.124 [FXGL Background Thread 3 ] DEBUG Engine               - soundNotification: core/notification.wav
14:02:17.124 [FXGL Background Thread 3 ] DEBUG Engine               - stageStyle: DECORATED
14:02:17.124 [FXGL Background Thread 3 ] DEBUG Engine               - supportedLanguages: [ENGLISH, FRENCH, GERMAN, HUNGARIAN, RUSSIAN]
14:02:17.124 [FXGL Background Thread 3 ] DEBUG Engine               - ticksPerSecond: -1
14:02:17.124 [FXGL Background Thread 3 ] DEBUG Engine               - title: BOMBER 
 MAN
14:02:17.124 [FXGL Background Thread 3 ] DEBUG Engine               - urlGithub: https://github.com/AlmasB/FXGL
14:02:17.124 [FXGL Background Thread 3 ] DEBUG Engine               - urlLeaderboard: http://fxgl-top.herokuapp.com/
14:02:17.124 [FXGL Background Thread 3 ] DEBUG Engine               - urlPOM: https://raw.githubusercontent.com/AlmasB/FXGL/release/README.md
14:02:17.124 [FXGL Background Thread 3 ] DEBUG Engine               - userAppClass: class Bomberman.BombermanApp
14:02:17.124 [FXGL Background Thread 3 ] DEBUG Engine               - version: 2.0
14:02:17.124 [FXGL Background Thread 3 ] DEBUG Engine               - versionCheckDays: 7
14:02:17.124 [FXGL Background Thread 3 ] DEBUG Engine               - width: 1280
14:02:17.124 [FXGL Background Thread 3 ] DEBUG Engine               - Logging services
14:02:17.125 [FXGL Background Thread 3 ] DEBUG Engine               - class com.almasb.fxgl.app.services.FXGLAssetLoaderService
14:02:17.125 [FXGL Background Thread 3 ] DEBUG Engine               - class com.almasb.fxgl.app.FXGLApplication$GameApplicationService
14:02:17.125 [FXGL Background Thread 3 ] DEBUG Engine               - class com.almasb.fxgl.app.services.FXGLDialogService
14:02:17.125 [FXGL Background Thread 3 ] DEBUG Engine               - class com.almasb.fxgl.app.services.IOTaskExecutorService
14:02:17.125 [FXGL Background Thread 3 ] DEBUG Engine               - class com.almasb.fxgl.io.FileSystemService
14:02:17.125 [FXGL Background Thread 3 ] DEBUG Engine               - class com.almasb.fxgl.localization.LocalizationService
14:02:17.125 [FXGL Background Thread 3 ] DEBUG Engine               - class com.almasb.fxgl.app.services.SystemBundleService
14:02:17.125 [FXGL Background Thread 3 ] DEBUG Engine               - class com.almasb.fxgl.profile.SaveLoadService
14:02:17.125 [FXGL Background Thread 3 ] DEBUG Engine               - class com.almasb.fxgl.ui.FXGLUIFactoryServiceProvider
14:02:17.125 [FXGL Background Thread 3 ] DEBUG Engine               - class com.almasb.fxgl.ui.FXGLDialogFactoryServiceProvider
14:02:17.125 [FXGL Background Thread 3 ] DEBUG Engine               - class com.almasb.fxgl.audio.AudioPlayer
14:02:17.125 [FXGL Background Thread 3 ] DEBUG Engine               - class com.almasb.fxgl.notification.impl.NotificationServiceProvider
14:02:17.125 [FXGL Background Thread 3 ] DEBUG Engine               - class com.almasb.fxgl.achievement.AchievementService
14:02:17.125 [FXGL Background Thread 3 ] DEBUG Engine               - class com.almasb.fxgl.cutscene.CutsceneService
14:02:17.125 [FXGL Background Thread 3 ] DEBUG Engine               - class com.almasb.fxgl.minigames.MiniGameService
14:02:17.125 [FXGL Background Thread 3 ] DEBUG Engine               - class com.almasb.fxgl.net.NetService
14:02:17.125 [FXGL Background Thread 3 ] DEBUG Engine               - class com.almasb.fxgl.app.services.UpdaterService
14:02:17.125 [FXGL Background Thread 3 ] DEBUG Engine               - class com.almasb.fxgl.dev.DevService
14:02:19.579 [JavaFX Application Thread] DEBUG PrimaryStageWindow   - Pop state: StageStartScene
14:02:19.579 [JavaFX Application Thread] DEBUG Input                - Clearing active input actions
14:02:19.581 [JavaFX Application Thread] DEBUG GameApplicationServi - Removing overlay from StageStartScene and adding to GameScene
14:02:19.581 [JavaFX Application Thread] DEBUG PrimaryStageWindow   - GameScene <- StageStartScene
14:02:19.864 [JavaFX Application Thread] DEBUG PrimaryStageWindow   - Push state: GameMenu
14:02:19.864 [JavaFX Application Thread] DEBUG Input                - Clearing active input actions
14:02:19.865 [JavaFX Application Thread] DEBUG GameApplicationServi - Removing overlay from GameScene and adding to GameMenu
14:02:19.865 [JavaFX Application Thread] DEBUG PrimaryStageWindow   - GameScene -> GameMenu
14:02:21.872 [JavaFX Application Thread] DEBUG Menu                 - fireExitToMainMenu()
14:02:21.878 [JavaFX Application Thread] DEBUG PrimaryStageWindow   - Push state: DialogSubScene
14:02:21.878 [JavaFX Application Thread] DEBUG Input                - Clearing active input actions
14:02:21.882 [JavaFX Application Thread] DEBUG GameApplicationServi - Removing overlay from GameMenu and adding to DialogSubScene
14:02:21.882 [JavaFX Application Thread] DEBUG PrimaryStageWindow   - GameMenu -> DialogSubScene
14:02:25.350 [JavaFX Application Thread] DEBUG PrimaryStageWindow   - Pop state: DialogSubScene
14:02:25.350 [JavaFX Application Thread] DEBUG Input                - Clearing active input actions
14:02:25.354 [JavaFX Application Thread] DEBUG GameApplicationServi - Removing overlay from DialogSubScene and adding to GameMenu
14:02:25.355 [JavaFX Application Thread] DEBUG PrimaryStageWindow   - GameMenu <- DialogSubScene
14:02:25.964 [JavaFX Application Thread] DEBUG PrimaryStageWindow   - Push state: DialogSubScene
14:02:25.964 [JavaFX Application Thread] DEBUG Input                - Clearing active input actions
14:02:25.966 [JavaFX Application Thread] DEBUG GameApplicationServi - Removing overlay from GameMenu and adding to DialogSubScene
14:02:25.967 [JavaFX Application Thread] DEBUG PrimaryStageWindow   - GameMenu -> DialogSubScene
14:02:26.636 [JavaFX Application Thread] DEBUG PrimaryStageWindow   - Pop state: DialogSubScene
14:02:26.636 [JavaFX Application Thread] DEBUG Input                - Clearing active input actions
14:02:26.639 [JavaFX Application Thread] DEBUG GameApplicationServi - Removing overlay from DialogSubScene and adding to GameMenu
14:02:26.640 [JavaFX Application Thread] DEBUG PrimaryStageWindow   - GameMenu <- DialogSubScene
14:02:27.432 [JavaFX Application Thread] DEBUG Menu                 - fireResume()
14:02:27.432 [JavaFX Application Thread] DEBUG PrimaryStageWindow   - Pop state: GameMenu
14:02:27.432 [JavaFX Application Thread] DEBUG Input                - Clearing active input actions
14:02:27.434 [JavaFX Application Thread] DEBUG GameApplicationServi - Removing overlay from GameMenu and adding to GameScene
14:02:27.434 [JavaFX Application Thread] DEBUG PrimaryStageWindow   - GameScene <- GameMenu
14:02:29.629 [JavaFX Application Thread] DEBUG FXGLAssetLoaderServi - Loading from file system: file:/C:/Users/V/Desktop/DemoBomberman/DemoBomberman/target/classes/assets/textures/bomb.png
14:02:29.630 [JavaFX Application Thread] WARN  FXGLAssetLoaderServi - Asset "/assets/sounds/play_bomb.wav" was not found!
14:02:29.630 [JavaFX Application Thread] WARN  FXGLAssetLoaderServi - Failed to load SOUND
14:02:31.821 [JavaFX Application Thread] DEBUG FXGLAssetLoaderServi - Loading from file system: file:/C:/Users/V/Desktop/DemoBomberman/DemoBomberman/target/classes/assets/textures/top_right_flame.png
14:02:31.823 [JavaFX Application Thread] DEBUG FXGLAssetLoaderServi - Loading from file system: file:/C:/Users/V/Desktop/DemoBomberman/DemoBomberman/target/classes/assets/textures/top_left_flame.png
14:02:31.824 [JavaFX Application Thread] DEBUG FXGLAssetLoaderServi - Loading from file system: file:/C:/Users/V/Desktop/DemoBomberman/DemoBomberman/target/classes/assets/textures/top_down_flame.png
14:02:31.826 [JavaFX Application Thread] DEBUG FXGLAssetLoaderServi - Loading from file system: file:/C:/Users/V/Desktop/DemoBomberman/DemoBomberman/target/classes/assets/textures/top_up_flame.png
14:02:31.827 [JavaFX Application Thread] DEBUG FXGLAssetLoaderServi - Loading from file system: file:/C:/Users/V/Desktop/DemoBomberman/DemoBomberman/target/classes/assets/textures/central_flame.png
14:02:31.830 [JavaFX Application Thread] DEBUG FXGLAssetLoaderServi - Loading from file system: file:/C:/Users/V/Desktop/DemoBomberman/DemoBomberman/target/classes/assets/sounds/explosion.wav
14:02:31.836 [JavaFX Application Thread] DEBUG FXGLAssetLoaderServi - Loading from file system: file:/C:/Users/V/Desktop/DemoBomberman/DemoBomberman/target/classes/assets/textures/brick_break.png
14:02:34.949 [JavaFX Application Thread] WARN  FXGLAssetLoaderServi - Asset "/assets/sounds/play_bomb.wav" was not found!
14:02:34.949 [JavaFX Application Thread] WARN  FXGLAssetLoaderServi - Failed to load SOUND
14:02:40.589 [JavaFX Application Thread] WARN  FXGLAssetLoaderServi - Asset "/assets/sounds/play_bomb.wav" was not found!
14:02:40.589 [JavaFX Application Thread] WARN  FXGLAssetLoaderServi - Failed to load SOUND
14:02:43.326 [JavaFX Application Thread] WARN  FXGLAssetLoaderServi - Asset "/assets/sounds/play_bomb.wav" was not found!
14:02:43.326 [JavaFX Application Thread] WARN  FXGLAssetLoaderServi - Failed to load SOUND
14:02:48.632 [JavaFX Application Thread] WARN  FXGLAssetLoaderServi - Asset "/assets/sounds/play_bomb.wav" was not found!
14:02:48.632 [JavaFX Application Thread] WARN  FXGLAssetLoaderServi - Failed to load SOUND
14:02:53.644 [JavaFX Application Thread] WARN  FXGLAssetLoaderServi - Asset "/assets/sounds/play_bomb.wav" was not found!
14:02:53.644 [JavaFX Application Thread] WARN  FXGLAssetLoaderServi - Failed to load SOUND
14:02:57.508 [JavaFX Application Thread] WARN  FXGLAssetLoaderServi - Asset "/assets/sounds/play_bomb.wav" was not found!
14:02:57.508 [JavaFX Application Thread] WARN  FXGLAssetLoaderServi - Failed to load SOUND
14:03:01.212 [JavaFX Application Thread] WARN  FXGLAssetLoaderServi - Asset "/assets/sounds/play_bomb.wav" was not found!
14:03:01.212 [JavaFX Application Thread] WARN  FXGLAssetLoaderServi - Failed to load SOUND
14:03:06.451 [JavaFX Application Thread] WARN  FXGLAssetLoaderServi - Asset "/assets/sounds/play_bomb.wav" was not found!
14:03:06.451 [JavaFX Application Thread] WARN  FXGLAssetLoaderServi - Failed to load SOUND
14:03:13.577 [JavaFX Application Thread] WARN  FXGLAssetLoaderServi - Asset "/assets/sounds/play_bomb.wav" was not found!
14:03:13.578 [JavaFX Application Thread] WARN  FXGLAssetLoaderServi - Failed to load SOUND
14:03:17.397 [JavaFX Application Thread] WARN  FXGLAssetLoaderServi - Asset "/assets/sounds/play_bomb.wav" was not found!
14:03:17.397 [JavaFX Application Thread] WARN  FXGLAssetLoaderServi - Failed to load SOUND
14:03:24.860 [JavaFX Application Thread] WARN  FXGLAssetLoaderServi - Asset "/assets/sounds/play_bomb.wav" was not found!
14:03:24.860 [JavaFX Application Thread] WARN  FXGLAssetLoaderServi - Failed to load SOUND
14:03:30.953 [JavaFX Application Thread] WARN  FXGLAssetLoaderServi - Asset "/assets/sounds/play_bomb.wav" was not found!
14:03:30.954 [JavaFX Application Thread] WARN  FXGLAssetLoaderServi - Failed to load SOUND
14:03:40.421 [JavaFX Application Thread] WARN  FXGLAssetLoaderServi - Asset "/assets/sounds/play_bomb.wav" was not found!
14:03:40.421 [JavaFX Application Thread] WARN  FXGLAssetLoaderServi - Failed to load SOUND
14:03:43.693 [JavaFX Application Thread] WARN  FXGLAssetLoaderServi - Asset "/assets/sounds/play_bomb.wav" was not found!
14:03:43.693 [JavaFX Application Thread] WARN  FXGLAssetLoaderServi - Failed to load SOUND
14:03:47.405 [JavaFX Application Thread] DEBUG FXGLAssetLoaderServi - Loading from file system: file:/C:/Users/V/Desktop/DemoBomberman/DemoBomberman/target/classes/assets/sounds/next_level.wav
14:03:51.517 [JavaFX Application Thread] DEBUG FXGLAssetLoaderServi - Loading from file system: file:/C:/Users/V/Desktop/DemoBomberman/DemoBomberman/target/classes/assets/sounds/ending.wav
14:03:51.523 [JavaFX Application Thread] DEBUG PrimaryStageWindow   - Push state: EndingScene
14:03:51.523 [JavaFX Application Thread] DEBUG Input                - Clearing active input actions
14:03:51.523 [JavaFX Application Thread] DEBUG GameApplicationServi - Removing overlay from GameScene and adding to EndingScene
14:03:51.524 [JavaFX Application Thread] DEBUG PrimaryStageWindow   - GameScene -> EndingScene
14:04:08.847 [JavaFX Application Thread] DEBUG FXGLApplication      - Exiting FXGL
14:04:08.847 [JavaFX Application Thread] DEBUG LoopRunner           - Stopping loop
14:04:08.848 [JavaFX Application Thread] DEBUG SystemBundleService  - Saving FXGL system data
14:04:08.852 [JavaFX Application Thread] DEBUG FileSystemAccess     - Writing to: C:\Users\V\Desktop\DemoBomberman\DemoBomberman\system\fxgl.bundle
14:04:08.855 [JavaFX Application Thread] DEBUG Async                - Shutting down background threads
14:04:08.855 [JavaFX Application Thread] DEBUG PrimaryStageWindow   - Closing main window
14:04:08.877 [JavaFX Application Thread] DEBUG Logger               - Closing Logger
