23:07:39.783 [main                     ] DEBUG Logger               - Configured Logger
23:07:39.806 [main                     ] DEBUG GameApplication      - Logging settings
Title: BOMBER 
 MAN
Version: 2.0
Width: 1280
Height: 720
Fullscreen: false
Intro: false
Profiling: false
Single step:false
App Mode: DEVELOPER
Menu Key: ESCAPE
Stage Style: DECORATED
Scene Factory: class Bomberman.BombermanApp$1

23:07:40.080 [JavaFX Application Thread] DEBUG FXGLApplication      - Initializing FXGL
23:07:40.084 [JavaFX Application Thread] INFO  Engine               - FXGL-17.1 (24.03.2022 17.34) on MAC (J:18.0.2-ea FX:18)
23:07:40.084 [JavaFX Application Thread] DEBUG Engine               - JRE Vendor Name: IBM Corporation
23:07:40.084 [JavaFX Application Thread] DEBUG Engine               - Running on OS: Mac OS X version 12.5.1
23:07:40.084 [JavaFX Application Thread] DEBUG Engine               - Architecture: aarch64
23:07:40.084 [JavaFX Application Thread] INFO  Engine               - Source code and latest versions at: https://github.com/AlmasB/FXGL
23:07:40.085 [JavaFX Application Thread] INFO  Engine               -       Ask questions and discuss at: https://github.com/AlmasB/FXGL/discussions
23:07:40.085 [JavaFX Application Thread] INFO  Engine               -              Join the FXGL chat at: https://gitter.im/AlmasB/FXGL
23:07:40.154 [JavaFX Application Thread] DEBUG PrimaryStageWindow   - Creating a JavaFX scene
23:07:40.185 [JavaFX Application Thread] DEBUG PrimaryStageWindow   - Target settings size: 1280.0 x 720.0
23:07:40.185 [JavaFX Application Thread] DEBUG PrimaryStageWindow   - Scaled scene size:    1280.0 x 720.0
23:07:40.185 [JavaFX Application Thread] DEBUG PrimaryStageWindow   - Scaled ratio: (1.0, 1.0)
23:07:40.186 [JavaFX Application Thread] DEBUG PrimaryStageWindow   - Set initial scene to FXGLStartupScene
23:07:40.191 [JavaFX Application Thread] DEBUG PrimaryStageWindow   - Opening main window
23:07:40.229 [JavaFX Application Thread] DEBUG PrimaryStageWindow   - Window border size: (0.0, 28.0)
23:07:40.229 [JavaFX Application Thread] DEBUG PrimaryStageWindow   - Scaled size: 1280.0 x 720.0
23:07:40.229 [JavaFX Application Thread] DEBUG PrimaryStageWindow   - Scaled ratio: (1.0, 1.0)
23:07:40.229 [JavaFX Application Thread] DEBUG PrimaryStageWindow   - Scene size: 1280.0 x 720.0
23:07:40.229 [JavaFX Application Thread] DEBUG PrimaryStageWindow   - Stage size: 1280.0 x 748.0
23:07:40.232 [FXGL Background Thread 1 ] DEBUG Engine               - Initializing environment variables
23:07:40.257 [FXGL Background Thread 1 ] DEBUG FXGLAssetLoaderServi - User app class for loading assets: class Bomberman.BombermanApp
23:07:40.257 [FXGL Background Thread 1 ] DEBUG GameApplicationServi - Applying CSS: fxgl_dark.css
23:07:40.258 [FXGL Background Thread 1 ] DEBUG FXGLAssetLoaderServi - Loading from file system: jar:file:/Users/minhtong/.m2/repository/com/github/almasb/fxgl/17.1/fxgl-17.1.jar!/fxglassets/ui/css/fxgl_dark.css
23:07:40.287 [FXGL Background Thread 1 ] DEBUG GameApplicationServi - Initializing application scenes
23:07:40.487 [FXGL Background Thread 1 ] DEBUG GameWorld            - Game world initialized
23:07:40.525 [FXGL Background Thread 1 ] DEBUG PhysicsWorld         - Physics world initialized: appHeight=720, physics.ppm=50.0
23:07:40.525 [FXGL Background Thread 1 ] DEBUG PhysicsWorld         - Using strategy: BRUTE_FORCE
23:07:40.527 [FXGL Background Thread 1 ] DEBUG GameScene            - Game scene initialized: 1280x720
23:07:40.712 [FXGL Background Thread 1 ] DEBUG GameApplicationServi - Application scenes initialized
23:07:40.721 [FXGL Background Thread 1 ] DEBUG SystemBundleService  - Loading FXGL system data
23:07:40.722 [FXGL Background Thread 1 ] DEBUG FileSystemAccess     - Reading from: /Users/minhtong/Desktop/OOP/bomman/system/fxgl.bundle
23:07:40.725 [FXGL Background Thread 1 ] DEBUG SystemBundleService  - Bundle FXGL: {}
23:07:40.725 [FXGL Background Thread 1 ] DEBUG UpdaterService       - Checking for updates
23:07:40.729 [FXGL Background Thread 1 ] DEBUG FXGLApplication      - Loading default localization
23:07:40.730 [FXGL Background Thread 1 ] DEBUG FXGLAssetLoaderServi - Loading from file system: jar:file:/Users/minhtong/.m2/repository/com/github/almasb/fxgl/17.1/fxgl-17.1.jar!/fxglassets/languages/english.lang
23:07:40.784 [FXGL Background Thread 1 ] INFO  FXGLApplication      - FXGL initialization took: 0.552 sec
23:07:40.785 [FXGL Background Thread 4 ] DEBUG FXGLApplication      - Loading fonts
23:07:40.786 [FXGL Background Thread 4 ] WARN  FXGLAssetLoaderServi - Asset "/assets/ui/fonts/game_font.ttf" was not found!
23:07:40.786 [FXGL Background Thread 4 ] WARN  FXGLAssetLoaderServi - Failed to load FONT
23:07:40.786 [FXGL Background Thread 4 ] DEBUG FXGLAssetLoaderServi - Loading from file system: jar:file:/Users/minhtong/.m2/repository/com/github/almasb/fxgl/17.1/fxgl-17.1.jar!/fxglassets/ui/fonts/Abel-Regular.ttf
23:07:40.788 [JavaFX Application Thread] DEBUG Input                - Registered new binding: Move Up - W
23:07:40.788 [JavaFX Application Thread] DEBUG Input                - Registered new binding: Arrow up - Up
23:07:40.788 [JavaFX Application Thread] DEBUG Input                - Registered new binding: Move Down - S
23:07:40.788 [JavaFX Application Thread] DEBUG Input                - Registered new binding: Arrow down - Down
23:07:40.788 [JavaFX Application Thread] DEBUG Input                - Registered new binding: Move Left - A
23:07:40.788 [JavaFX Application Thread] DEBUG Input                - Registered new binding: Arrow Left - Left
23:07:40.788 [JavaFX Application Thread] DEBUG Input                - Registered new binding: Move Right - D
23:07:40.788 [JavaFX Application Thread] DEBUG Input                - Registered new binding: Arrow right - Right
23:07:40.788 [JavaFX Application Thread] DEBUG Input                - Registered new binding: Place Bomb - Space
23:07:40.789 [JavaFX Application Thread] DEBUG FXGLAssetLoaderServi - Loading from file system: file:/Users/minhtong/Desktop/OOP/bomman/target/classes/assets/music/stage_theme.mp3
23:07:40.819 [FXGL Background Thread 4 ] DEBUG FXGLAssetLoaderServi - Loading from file system: jar:file:/Users/minhtong/.m2/repository/com/github/almasb/fxgl/17.1/fxgl-17.1.jar!/fxglassets/ui/fonts/TerminalLandMono-Regular.otf
23:07:40.830 [FXGL Background Thread 4 ] DEBUG FXGLAssetLoaderServi - Loading from file system: jar:file:/Users/minhtong/.m2/repository/com/github/almasb/fxgl/17.1/fxgl-17.1.jar!/fxglassets/ui/fonts/Courier-Prime.ttf
23:07:41.114 [JavaFX Application Thread] DEBUG AudioPlayer          - Playing music com.almasb.fxgl.audio.Music@b171d158
23:07:41.115 [JavaFX Application Thread] DEBUG FXGLAssetLoaderServi - Loading from file system: jar:file:/Users/minhtong/.m2/repository/com/github/almasb/fxgl/17.1/fxgl-17.1.jar!/fxglassets/textures/fxgl_icon.png
23:07:41.148 [JavaFX Application Thread] DEBUG FXGLAssetLoaderServi - Loading from file system: jar:file:/Users/minhtong/.m2/repository/com/github/almasb/fxgl/17.1/fxgl-17.1.jar!/fxglassets/textures/fxgl_default_cursor.png
23:07:41.150 [JavaFX Application Thread] DEBUG Input                - Registered new binding: Screenshot - CTRL+8
23:07:41.150 [JavaFX Application Thread] DEBUG Input                - Registered new binding: System info dump - CTRL+9
23:07:41.150 [JavaFX Application Thread] DEBUG Input                - Registered new binding: Restart - CTRL+R
23:07:41.151 [JavaFX Application Thread] DEBUG Input                - Registered new binding: Toggle Debug Camera - CTRL+7
23:07:41.152 [JavaFX Application Thread] DEBUG LoopRunner           - Starting loop
23:07:41.152 [JavaFX Application Thread] DEBUG LoopRunner           - Initializing JavaFX AnimationTimerLoop
23:07:41.153 [JavaFX Application Thread] DEBUG Input                - Clearing active input actions
23:07:41.158 [JavaFX Application Thread] DEBUG GameApplicationServi - Removing overlay from FXGLStartupScene and adding to FXGLMainMenuDummyScene
23:07:41.159 [JavaFX Application Thread] DEBUG PrimaryStageWindow   - FXGLStartupScene -> FXGLMainMenuDummyScene
23:07:41.159 [JavaFX Application Thread] DEBUG PrimaryStageWindow   - Push state: MainMenu
23:07:41.159 [JavaFX Application Thread] DEBUG Input                - Clearing active input actions
23:07:41.160 [JavaFX Application Thread] DEBUG GameApplicationServi - Removing overlay from FXGLMainMenuDummyScene and adding to MainMenu
23:07:41.160 [JavaFX Application Thread] DEBUG PrimaryStageWindow   - FXGLMainMenuDummyScene -> MainMenu
23:07:41.171 [JavaFX Application Thread] DEBUG FXGLApplication      - Registering font factories with UI factory
23:07:42.957 [JavaFX Application Thread] DEBUG Menu                 - fireNewGame()
23:07:42.957 [JavaFX Application Thread] DEBUG GameApplicationServi - Starting new game
23:07:42.958 [JavaFX Application Thread] DEBUG PrimaryStageWindow   - Pop state: MainMenu
23:07:42.958 [JavaFX Application Thread] DEBUG Input                - Clearing active input actions
23:07:42.960 [JavaFX Application Thread] DEBUG GameApplicationServi - Removing overlay from MainMenu and adding to FXGLMainMenuDummyScene
23:07:42.960 [JavaFX Application Thread] DEBUG PrimaryStageWindow   - FXGLMainMenuDummyScene <- MainMenu
23:07:42.961 [JavaFX Application Thread] DEBUG Input                - Clearing active input actions
23:07:42.975 [JavaFX Application Thread] DEBUG GameApplicationServi - Removing overlay from FXGLMainMenuDummyScene and adding to FXGLLoadingScene
23:07:42.976 [JavaFX Application Thread] DEBUG PrimaryStageWindow   - FXGLMainMenuDummyScene -> FXGLLoadingScene
23:07:42.976 [JavaFX Application Thread] DEBUG GameApplicationServi - Clearing previous game
23:07:42.976 [JavaFX Application Thread] DEBUG GameScene            - Clearing game scene
23:07:42.976 [JavaFX Application Thread] DEBUG GameWorld            - Clearing game world
23:07:42.976 [JavaFX Application Thread] DEBUG PhysicsWorld         - Clearing physics world
23:07:42.977 [FXGL Background Thread 4 ] DEBUG FXGLApplication      - Initializing game
23:07:43.004 [FXGL Background Thread 4 ] WARN  TMXLevelLoader       - TiledMap generated from 1.7.2. Supported version: 1.4.2. Some features may not be parsed fully.
23:07:43.019 [FXGL Background Thread 4 ] DEBUG TMXLevelLoader       - Parsed TiledMap: file:/Users/minhtong/Desktop/OOP/bomman/target/classes/assets/levels/level1.tmx
23:07:43.020 [FXGL Background Thread 4 ] DEBUG TMXLevelLoader       - Creating tile layer entities
23:07:43.022 [FXGL Background Thread 4 ] DEBUG TilesetLoader        - Loading view for layer Tile Layer 1
23:07:43.061 [FXGL Background Thread 4 ] DEBUG TilesetLoader        - Created buffer with size 1488.0x720.0
23:07:43.094 [FXGL Background Thread 4 ] DEBUG TMXLevelLoader       - Creating object layer entities
23:07:43.106 [FXGL Background Thread 4 ] DEBUG FXGLAssetLoaderServi - Loading from file system: file:/Users/minhtong/Desktop/OOP/bomman/target/classes/assets/textures/player_die.png
23:07:43.107 [FXGL Background Thread 4 ] DEBUG FXGLAssetLoaderServi - Loading from file system: file:/Users/minhtong/Desktop/OOP/bomman/target/classes/assets/textures/player_down.png
23:07:43.108 [FXGL Background Thread 4 ] DEBUG FXGLAssetLoaderServi - Loading from file system: file:/Users/minhtong/Desktop/OOP/bomman/target/classes/assets/textures/player_right.png
23:07:43.108 [FXGL Background Thread 4 ] DEBUG FXGLAssetLoaderServi - Loading from file system: file:/Users/minhtong/Desktop/OOP/bomman/target/classes/assets/textures/player_up.png
23:07:43.109 [FXGL Background Thread 4 ] DEBUG FXGLAssetLoaderServi - Loading from file system: file:/Users/minhtong/Desktop/OOP/bomman/target/classes/assets/textures/player_left.png
23:07:43.115 [FXGL Background Thread 4 ] DEBUG FXGLAssetLoaderServi - Loading from file system: file:/Users/minhtong/Desktop/OOP/bomman/target/classes/assets/textures/enemy1.png
23:07:43.143 [FXGL Background Thread 4 ] DEBUG FXGLAssetLoaderServi - Loading from file system: file:/Users/minhtong/Desktop/OOP/bomman/target/classes/assets/textures/enemy2.png
23:07:43.150 [FXGL Background Thread 4 ] DEBUG FXGLAssetLoaderServi - Loading from file system: file:/Users/minhtong/Desktop/OOP/bomman/target/classes/assets/textures/brick.png
23:07:43.157 [FXGL Background Thread 4 ] DEBUG FXGLAssetLoaderServi - Loading from file system: file:/Users/minhtong/Desktop/OOP/bomman/target/classes/assets/textures/powerup_speed.png
23:07:43.158 [FXGL Background Thread 4 ] DEBUG FXGLAssetLoaderServi - Loading from file system: file:/Users/minhtong/Desktop/OOP/bomman/target/classes/assets/textures/powerup_bombs.png
23:07:43.181 [FXGL Background Thread 4 ] DEBUG GameWorld            - Clearing removable entities
23:07:43.181 [FXGL Background Thread 4 ] DEBUG GameWorld            - Setting level: com.almasb.fxgl.entity.level.Level@a441eb51
23:07:43.209 [FXGL Background Thread 4 ] INFO  FXGLApplication      - Game initialization took: 0.231 sec
23:07:43.209 [JavaFX Application Thread] DEBUG Input                - Clearing active input actions
23:07:43.219 [JavaFX Application Thread] DEBUG GameApplicationServi - Removing overlay from FXGLLoadingScene and adding to GameScene
23:07:43.220 [JavaFX Application Thread] DEBUG PrimaryStageWindow   - FXGLLoadingScene -> GameScene
23:07:43.224 [JavaFX Application Thread] DEBUG FXGLAssetLoaderServi - Loading from file system: file:/Users/minhtong/Desktop/OOP/bomman/target/classes/assets/sounds/stage_start.wav
23:07:43.232 [JavaFX Application Thread] DEBUG PrimaryStageWindow   - Push state: StageStartScene
23:07:43.232 [JavaFX Application Thread] DEBUG Input                - Clearing active input actions
23:07:43.232 [JavaFX Application Thread] DEBUG GameApplicationServi - Removing overlay from GameScene and adding to StageStartScene
23:07:43.232 [JavaFX Application Thread] DEBUG PrimaryStageWindow   - GameScene -> StageStartScene
23:07:43.405 [FXGL Background Thread 2 ] INFO  UpdaterService       - Your current version:  17.1
23:07:43.405 [FXGL Background Thread 2 ] INFO  UpdaterService       - Latest stable version: 17.2
23:07:43.730 [FXGL Background Thread 3 ] DEBUG Engine               - Logging environment variables
23:07:43.731 [FXGL Background Thread 3 ] DEBUG Engine               - achievements: []
23:07:43.731 [FXGL Background Thread 3 ] DEBUG Engine               - actualHeight: 720.0
23:07:43.731 [FXGL Background Thread 3 ] DEBUG Engine               - actualHeightProperty: ReadOnlyDoubleProperty [value: 720.0]
23:07:43.731 [FXGL Background Thread 3 ] DEBUG Engine               - actualWidth: 1280.0
23:07:43.731 [FXGL Background Thread 3 ] DEBUG Engine               - actualWidthProperty: ReadOnlyDoubleProperty [value: 1280.0]
23:07:43.731 [FXGL Background Thread 3 ] DEBUG Engine               - appIcon: fxgl_icon.png
23:07:43.732 [FXGL Background Thread 3 ] DEBUG Engine               - applicationMode: DEVELOPER
23:07:43.732 [FXGL Background Thread 3 ] DEBUG Engine               - cSSList: [fxgl_dark.css]
23:07:43.732 [FXGL Background Thread 3 ] DEBUG Engine               - collisionDetectionStrategy: BRUTE_FORCE
23:07:43.732 [FXGL Background Thread 3 ] DEBUG Engine               - configClass: Optional.empty
23:07:43.732 [FXGL Background Thread 3 ] DEBUG Engine               - credits: []
23:07:43.734 [FXGL Background Thread 3 ] DEBUG Engine               - defaultCursor: CursorInfo(imageName=fxgl_default_cursor.png, hotspotX=7.0, hotspotY=6.0)
23:07:43.734 [FXGL Background Thread 3 ] DEBUG Engine               - devBBoxColorProperty: ObjectProperty [value: 0xff0000ff]
23:07:43.734 [FXGL Background Thread 3 ] DEBUG Engine               - devEnableDebugCameraProperty: BooleanProperty [value: false]
23:07:43.734 [FXGL Background Thread 3 ] DEBUG Engine               - devSensorColorProperty: ObjectProperty [value: 0xffff00ff]
23:07:43.734 [FXGL Background Thread 3 ] DEBUG Engine               - devShowBBoxProperty: BooleanProperty [value: false]
23:07:43.734 [FXGL Background Thread 3 ] DEBUG Engine               - devShowPositionProperty: BooleanProperty [value: false]
23:07:43.734 [FXGL Background Thread 3 ] DEBUG Engine               - enabledMenuItems: []
23:07:43.735 [FXGL Background Thread 3 ] DEBUG Engine               - engineServices: [class com.almasb.fxgl.app.services.FXGLAssetLoaderService, class com.almasb.fxgl.app.FXGLApplication$GameApplicationService, class com.almasb.fxgl.app.services.FXGLDialogService, class com.almasb.fxgl.app.services.IOTaskExecutorService, class com.almasb.fxgl.io.FileSystemService, class com.almasb.fxgl.localization.LocalizationService, class com.almasb.fxgl.app.services.SystemBundleService, class com.almasb.fxgl.profile.SaveLoadService, class com.almasb.fxgl.ui.FXGLUIFactoryServiceProvider, class com.almasb.fxgl.ui.FXGLDialogFactoryServiceProvider, class com.almasb.fxgl.audio.AudioPlayer, class com.almasb.fxgl.notification.impl.NotificationServiceProvider, class com.almasb.fxgl.achievement.AchievementService, class com.almasb.fxgl.cutscene.CutsceneService, class com.almasb.fxgl.minigames.MiniGameService, class com.almasb.fxgl.net.NetService, class com.almasb.fxgl.app.services.UpdaterService, class com.almasb.fxgl.dev.DevService]
23:07:43.735 [FXGL Background Thread 3 ] DEBUG Engine               - fontGame: Abel-Regular.ttf
23:07:43.735 [FXGL Background Thread 3 ] DEBUG Engine               - fontMono: TerminalLandMono-Regular.otf
23:07:43.735 [FXGL Background Thread 3 ] DEBUG Engine               - fontText: Courier-Prime.ttf
23:07:43.735 [FXGL Background Thread 3 ] DEBUG Engine               - fontUI: game_font.ttf
23:07:43.735 [FXGL Background Thread 3 ] DEBUG Engine               - fullScreen: BooleanProperty [value: false]
23:07:43.735 [FXGL Background Thread 3 ] DEBUG Engine               - gameDifficulty: MEDIUM
23:07:43.735 [FXGL Background Thread 3 ] DEBUG Engine               - gameDifficultyProperty: ObjectProperty [value: MEDIUM]
23:07:43.735 [FXGL Background Thread 3 ] DEBUG Engine               - globalMusicVolume: 0.5
23:07:43.735 [FXGL Background Thread 3 ] DEBUG Engine               - globalMusicVolumeProperty: DoubleProperty [value: 0.0]
23:07:43.735 [FXGL Background Thread 3 ] DEBUG Engine               - globalSoundVolume: 0.5
23:07:43.735 [FXGL Background Thread 3 ] DEBUG Engine               - globalSoundVolumeProperty: DoubleProperty [value: 0.5]
23:07:43.735 [FXGL Background Thread 3 ] DEBUG Engine               - height: 720
23:07:43.740 [FXGL Background Thread 3 ] DEBUG Engine               - is3D: false
23:07:43.740 [FXGL Background Thread 3 ] DEBUG Engine               - isAndroid: false
23:07:43.740 [FXGL Background Thread 3 ] DEBUG Engine               - isBrowser: false
23:07:43.740 [FXGL Background Thread 3 ] DEBUG Engine               - isClickFeedbackEnabled: false
23:07:43.740 [FXGL Background Thread 3 ] DEBUG Engine               - isCloseConfirmation: false
23:07:43.740 [FXGL Background Thread 3 ] DEBUG Engine               - isDesktop: true
23:07:43.740 [FXGL Background Thread 3 ] DEBUG Engine               - isDeveloperMenuEnabled: false
23:07:43.740 [FXGL Background Thread 3 ] DEBUG Engine               - isEmbedded: false
23:07:43.740 [FXGL Background Thread 3 ] DEBUG Engine               - isEntityPreloadEnabled: true
23:07:43.740 [FXGL Background Thread 3 ] DEBUG Engine               - isExperimentalTiledLargeMap: false
23:07:43.740 [FXGL Background Thread 3 ] DEBUG Engine               - isFileSystemWriteAllowed: true
23:07:43.740 [FXGL Background Thread 3 ] DEBUG Engine               - isFullScreenAllowed: false
23:07:43.740 [FXGL Background Thread 3 ] DEBUG Engine               - isFullScreenFromStart: false
23:07:43.740 [FXGL Background Thread 3 ] DEBUG Engine               - isGameMenuEnabled: true
23:07:43.740 [FXGL Background Thread 3 ] DEBUG Engine               - isIOS: false
23:07:43.740 [FXGL Background Thread 3 ] DEBUG Engine               - isIntroEnabled: false
23:07:43.740 [FXGL Background Thread 3 ] DEBUG Engine               - isLinux: false
23:07:43.740 [FXGL Background Thread 3 ] DEBUG Engine               - isMac: true
23:07:43.740 [FXGL Background Thread 3 ] DEBUG Engine               - isMainMenuEnabled: true
23:07:43.741 [FXGL Background Thread 3 ] DEBUG Engine               - isManualResizeEnabled: false
23:07:43.741 [FXGL Background Thread 3 ] DEBUG Engine               - isMobile: false
23:07:43.741 [FXGL Background Thread 3 ] DEBUG Engine               - isNative: false
23:07:43.741 [FXGL Background Thread 3 ] DEBUG Engine               - isPauseMusicWhenMinimized: true
23:07:43.741 [FXGL Background Thread 3 ] DEBUG Engine               - isPreserveResizeRatio: false
23:07:43.741 [FXGL Background Thread 3 ] DEBUG Engine               - isProfilingEnabled: false
23:07:43.741 [FXGL Background Thread 3 ] DEBUG Engine               - isScaleAffectedOnResize: true
23:07:43.741 [FXGL Background Thread 3 ] DEBUG Engine               - isSingleStep: false
23:07:43.741 [FXGL Background Thread 3 ] DEBUG Engine               - isUserProfileEnabled: false
23:07:43.741 [FXGL Background Thread 3 ] DEBUG Engine               - isWindows: false
23:07:43.741 [FXGL Background Thread 3 ] DEBUG Engine               - language: ObjectProperty [value: ENGLISH]
23:07:43.741 [FXGL Background Thread 3 ] DEBUG Engine               - menuKey: ESCAPE
23:07:43.741 [FXGL Background Thread 3 ] DEBUG Engine               - mouseSensitivity: 0.2
23:07:43.741 [FXGL Background Thread 3 ] DEBUG Engine               - notificationViewClass: class com.almasb.fxgl.notification.view.XboxNotificationView
23:07:43.741 [FXGL Background Thread 3 ] DEBUG Engine               - pixelsPerMeter: 50.0
23:07:43.741 [FXGL Background Thread 3 ] DEBUG Engine               - platform: MAC
23:07:43.741 [FXGL Background Thread 3 ] DEBUG Engine               - prefHeightProperty: ReadOnlyDoubleProperty [value: 720.0]
23:07:43.741 [FXGL Background Thread 3 ] DEBUG Engine               - prefWidthProperty: ReadOnlyDoubleProperty [value: 1280.0]
23:07:43.741 [FXGL Background Thread 3 ] DEBUG Engine               - profileDir: profiles/
23:07:43.741 [FXGL Background Thread 3 ] DEBUG Engine               - profileName: StringProperty [value: DEFAULT]
23:07:43.741 [FXGL Background Thread 3 ] DEBUG Engine               - randomSeed: -1
23:07:43.742 [FXGL Background Thread 3 ] DEBUG Engine               - runtimeInfo: RuntimeInfo(platform=MAC, version=17.1, build=24.03.2022 17.34)
23:07:43.742 [FXGL Background Thread 3 ] DEBUG Engine               - saveFileExt: sav
23:07:43.742 [FXGL Background Thread 3 ] DEBUG Engine               - scaledHeightProp$fxgl: DoubleProperty [bound, value: 720.0]
23:07:43.742 [FXGL Background Thread 3 ] DEBUG Engine               - scaledWidthProp$fxgl: DoubleProperty [bound, value: 1280.0]
23:07:43.742 [FXGL Background Thread 3 ] DEBUG Engine               - sceneFactory: Bomberman.BombermanApp$1@1cc5d32b
23:07:43.742 [FXGL Background Thread 3 ] DEBUG Engine               - secondsIn24h: 60
23:07:43.742 [FXGL Background Thread 3 ] DEBUG Engine               - soundMenuBack: menu/back.wav
23:07:43.742 [FXGL Background Thread 3 ] DEBUG Engine               - soundMenuPress: menu/press.wav
23:07:43.742 [FXGL Background Thread 3 ] DEBUG Engine               - soundMenuSelect: menu/select.wav
23:07:43.742 [FXGL Background Thread 3 ] DEBUG Engine               - soundNotification: core/notification.wav
23:07:43.742 [FXGL Background Thread 3 ] DEBUG Engine               - stageStyle: DECORATED
23:07:43.743 [FXGL Background Thread 3 ] DEBUG Engine               - supportedLanguages: [ENGLISH, FRENCH, GERMAN, HUNGARIAN, RUSSIAN]
23:07:43.743 [FXGL Background Thread 3 ] DEBUG Engine               - ticksPerSecond: -1
23:07:43.743 [FXGL Background Thread 3 ] DEBUG Engine               - title: BOMBER 
 MAN
23:07:43.743 [FXGL Background Thread 3 ] DEBUG Engine               - urlGithub: https://github.com/AlmasB/FXGL
23:07:43.743 [FXGL Background Thread 3 ] DEBUG Engine               - urlLeaderboard: http://fxgl-top.herokuapp.com/
23:07:43.743 [FXGL Background Thread 3 ] DEBUG Engine               - urlPOM: https://raw.githubusercontent.com/AlmasB/FXGL/release/README.md
23:07:43.743 [FXGL Background Thread 3 ] DEBUG Engine               - userAppClass: class Bomberman.BombermanApp
23:07:43.743 [FXGL Background Thread 3 ] DEBUG Engine               - version: 2.0
23:07:43.743 [FXGL Background Thread 3 ] DEBUG Engine               - versionCheckDays: 7
23:07:43.743 [FXGL Background Thread 3 ] DEBUG Engine               - width: 1280
23:07:43.743 [FXGL Background Thread 3 ] DEBUG Engine               - Logging services
23:07:43.743 [FXGL Background Thread 3 ] DEBUG Engine               - class com.almasb.fxgl.app.services.FXGLAssetLoaderService
23:07:43.743 [FXGL Background Thread 3 ] DEBUG Engine               - class com.almasb.fxgl.app.FXGLApplication$GameApplicationService
23:07:43.743 [FXGL Background Thread 3 ] DEBUG Engine               - class com.almasb.fxgl.app.services.FXGLDialogService
23:07:43.743 [FXGL Background Thread 3 ] DEBUG Engine               - class com.almasb.fxgl.app.services.IOTaskExecutorService
23:07:43.743 [FXGL Background Thread 3 ] DEBUG Engine               - class com.almasb.fxgl.io.FileSystemService
23:07:43.743 [FXGL Background Thread 3 ] DEBUG Engine               - class com.almasb.fxgl.localization.LocalizationService
23:07:43.743 [FXGL Background Thread 3 ] DEBUG Engine               - class com.almasb.fxgl.app.services.SystemBundleService
23:07:43.743 [FXGL Background Thread 3 ] DEBUG Engine               - class com.almasb.fxgl.profile.SaveLoadService
23:07:43.743 [FXGL Background Thread 3 ] DEBUG Engine               - class com.almasb.fxgl.ui.FXGLUIFactoryServiceProvider
23:07:43.743 [FXGL Background Thread 3 ] DEBUG Engine               - class com.almasb.fxgl.ui.FXGLDialogFactoryServiceProvider
23:07:43.743 [FXGL Background Thread 3 ] DEBUG Engine               - class com.almasb.fxgl.audio.AudioPlayer
23:07:43.744 [FXGL Background Thread 3 ] DEBUG Engine               - class com.almasb.fxgl.notification.impl.NotificationServiceProvider
23:07:43.744 [FXGL Background Thread 3 ] DEBUG Engine               - class com.almasb.fxgl.achievement.AchievementService
23:07:43.744 [FXGL Background Thread 3 ] DEBUG Engine               - class com.almasb.fxgl.cutscene.CutsceneService
23:07:43.744 [FXGL Background Thread 3 ] DEBUG Engine               - class com.almasb.fxgl.minigames.MiniGameService
23:07:43.744 [FXGL Background Thread 3 ] DEBUG Engine               - class com.almasb.fxgl.net.NetService
23:07:43.744 [FXGL Background Thread 3 ] DEBUG Engine               - class com.almasb.fxgl.app.services.UpdaterService
23:07:43.744 [FXGL Background Thread 3 ] DEBUG Engine               - class com.almasb.fxgl.dev.DevService
23:07:47.157 [JavaFX Application Thread] DEBUG PrimaryStageWindow   - Pop state: StageStartScene
23:07:47.157 [JavaFX Application Thread] DEBUG Input                - Clearing active input actions
23:07:47.158 [JavaFX Application Thread] DEBUG GameApplicationServi - Removing overlay from StageStartScene and adding to GameScene
23:07:47.159 [JavaFX Application Thread] DEBUG PrimaryStageWindow   - GameScene <- StageStartScene
23:07:48.351 [JavaFX Application Thread] DEBUG PrimaryStageWindow   - Push state: GameMenu
23:07:48.351 [JavaFX Application Thread] DEBUG Input                - Clearing active input actions
23:07:48.352 [JavaFX Application Thread] DEBUG GameApplicationServi - Removing overlay from GameScene and adding to GameMenu
23:07:48.352 [JavaFX Application Thread] DEBUG PrimaryStageWindow   - GameScene -> GameMenu
23:07:51.471 [JavaFX Application Thread] DEBUG Menu                 - fireExit()
23:07:51.483 [JavaFX Application Thread] DEBUG PrimaryStageWindow   - Push state: DialogSubScene
23:07:51.483 [JavaFX Application Thread] DEBUG Input                - Clearing active input actions
23:07:51.485 [JavaFX Application Thread] DEBUG GameApplicationServi - Removing overlay from GameMenu and adding to DialogSubScene
23:07:51.485 [JavaFX Application Thread] DEBUG PrimaryStageWindow   - GameMenu -> DialogSubScene
23:07:52.489 [JavaFX Application Thread] DEBUG PrimaryStageWindow   - Pop state: DialogSubScene
23:07:52.489 [JavaFX Application Thread] DEBUG Input                - Clearing active input actions
23:07:52.491 [JavaFX Application Thread] DEBUG GameApplicationServi - Removing overlay from DialogSubScene and adding to GameMenu
23:07:52.491 [JavaFX Application Thread] DEBUG PrimaryStageWindow   - GameMenu <- DialogSubScene
23:07:52.491 [JavaFX Application Thread] DEBUG FXGLApplication      - Exiting FXGL
23:07:52.491 [JavaFX Application Thread] DEBUG LoopRunner           - Stopping loop
23:07:52.491 [JavaFX Application Thread] DEBUG SystemBundleService  - Saving FXGL system data
23:07:52.496 [JavaFX Application Thread] DEBUG FileSystemAccess     - Writing to: /Users/minhtong/Desktop/OOP/bomman/system/fxgl.bundle
23:07:52.497 [JavaFX Application Thread] DEBUG Async                - Shutting down background threads
23:07:52.498 [JavaFX Application Thread] DEBUG PrimaryStageWindow   - Closing main window
23:07:52.508 [JavaFX Application Thread] DEBUG Logger               - Closing Logger
