14:07:08.628 [main                     ] DEBUG Logger               - Configured Logger
14:07:08.631 [main                     ] DEBUG GameApplication      - Logging settings
Title: BOMBER 
 MAN
Version: 2.0
Width: 1280
Height: 720
Fullscreen: true
Intro: false
Profiling: false
Single step:false
App Mode: DEVELOPER
Menu Key: ESCAPE
Stage Style: DECORATED
Scene Factory: class Bomberman.BombermanApp$1

14:07:09.200 [JavaFX Application Thread] DEBUG FXGLApplication      - Initializing FXGL
14:07:09.203 [JavaFX Application Thread] INFO  Engine               - FXGL-11.17 (16.07.2021 15.46) on WINDOWS (J:18.0.2 FX:16)
14:07:09.203 [JavaFX Application Thread] DEBUG Engine               - JRE Vendor Name: IBM Corporation
14:07:09.203 [JavaFX Application Thread] DEBUG Engine               - Running on OS: Windows 10 version 10.0
14:07:09.203 [JavaFX Application Thread] DEBUG Engine               - Architecture: amd64
14:07:09.203 [JavaFX Application Thread] INFO  Engine               - Source code and latest versions at: https://github.com/AlmasB/FXGL
14:07:09.203 [JavaFX Application Thread] INFO  Engine               -              Join the FXGL chat at: https://gitter.im/AlmasB/FXGL
14:07:09.336 [JavaFX Application Thread] DEBUG PrimaryStageWindow   - Creating a JavaFX scene
14:07:09.384 [JavaFX Application Thread] DEBUG PrimaryStageWindow   - Target settings size: 1280.0 x 720.0
14:07:09.384 [JavaFX Application Thread] DEBUG PrimaryStageWindow   - Scaled scene size:    1280.0 x 720.0
14:07:09.384 [JavaFX Application Thread] DEBUG PrimaryStageWindow   - Scaled ratio: (1.0, 1.0)
14:07:09.384 [JavaFX Application Thread] DEBUG PrimaryStageWindow   - Set initial scene to FXGLStartupScene
14:07:09.393 [JavaFX Application Thread] DEBUG PrimaryStageWindow   - Opening main window
14:07:09.471 [JavaFX Application Thread] DEBUG PrimaryStageWindow   - Window border size: (14.4000244140625, 37.5999755859375)
14:07:09.471 [JavaFX Application Thread] DEBUG PrimaryStageWindow   - Scaled size: 1280.0 x 720.0
14:07:09.471 [JavaFX Application Thread] DEBUG PrimaryStageWindow   - Scaled ratio: (1.0, 1.0)
14:07:09.471 [JavaFX Application Thread] DEBUG PrimaryStageWindow   - Scene size: 1280.0 x 720.0
14:07:09.471 [JavaFX Application Thread] DEBUG PrimaryStageWindow   - Stage size: 1294.4000244140625 x 757.5999755859375
14:07:09.566 [JavaFX Application Thread] DEBUG PrimaryStageWindow   - Going fullscreen
14:07:09.582 [FXGL Background Thread 1 ] DEBUG Engine               - Initializing environment variables
14:07:09.697 [FXGL Background Thread 1 ] DEBUG FXGLAssetLoaderServi - User app class for loading assets: class Bomberman.BombermanApp
14:07:09.697 [FXGL Background Thread 1 ] DEBUG GameApplicationServi - Applying CSS: fxgl_dark.css
14:07:09.698 [FXGL Background Thread 1 ] DEBUG FXGLAssetLoaderServi - Loading from file system: jar:file:/C:/Users/V/.m2/repository/com/github/almasb/fxgl/11.17/fxgl-11.17.jar!/fxglassets/ui/css/fxgl_dark.css
14:07:09.749 [FXGL Background Thread 1 ] DEBUG GameApplicationServi - Initializing application scenes
14:07:09.848 [FXGL Background Thread 1 ] DEBUG GameWorld            - Game world initialized
14:07:09.950 [FXGL Background Thread 1 ] DEBUG PhysicsWorld         - Physics world initialized: appHeight=720, physics.ppm=50.0
14:07:09.951 [FXGL Background Thread 1 ] DEBUG PhysicsWorld         - Using strategy: BRUTE_FORCE
14:07:09.954 [FXGL Background Thread 1 ] DEBUG GameScene            - Game scene initialized: 1280x720
14:07:10.259 [FXGL Background Thread 1 ] DEBUG GameApplicationServi - Application scenes initialized
14:07:10.317 [FXGL Background Thread 1 ] DEBUG SystemBundleService  - Loading FXGL system data
14:07:10.326 [FXGL Background Thread 1 ] DEBUG FileSystemAccess     - Reading from: C:\Users\V\Desktop\DemoBomberman\DemoBomberman\system\fxgl.bundle
14:07:10.339 [FXGL Background Thread 1 ] DEBUG SystemBundleService  - Bundle FXGL: {}
14:07:10.339 [FXGL Background Thread 1 ] DEBUG UpdaterService       - Checking for updates
14:07:10.350 [FXGL Background Thread 1 ] DEBUG FXGLApplication      - Loading default localization
14:07:10.350 [FXGL Background Thread 1 ] DEBUG FXGLAssetLoaderServi - Loading from file system: jar:file:/C:/Users/V/.m2/repository/com/github/almasb/fxgl/11.17/fxgl-11.17.jar!/fxglassets/languages/english.lang
14:07:10.360 [FXGL Background Thread 4 ] DEBUG FXGLApplication      - Loading fonts
14:07:10.361 [FXGL Background Thread 4 ] WARN  FXGLAssetLoaderServi - Asset "/assets/ui/fonts/game_font.ttf" was not found!
14:07:10.361 [FXGL Background Thread 4 ] WARN  FXGLAssetLoaderServi - Failed to load FONT
14:07:10.362 [FXGL Background Thread 4 ] DEBUG FXGLAssetLoaderServi - Loading from file system: jar:file:/C:/Users/V/.m2/repository/com/github/almasb/fxgl/11.17/fxgl-11.17.jar!/fxglassets/ui/fonts/Abel-Regular.ttf
14:07:10.427 [FXGL Background Thread 1 ] INFO  FXGLApplication      - FXGL initialization took: 0.845 sec
14:07:10.442 [JavaFX Application Thread] DEBUG Input                - Registered new binding: Move Up - W
14:07:10.442 [JavaFX Application Thread] DEBUG Input                - Registered new binding: Arrow up - Up
14:07:10.443 [JavaFX Application Thread] DEBUG Input                - Registered new binding: Move Down - S
14:07:10.444 [JavaFX Application Thread] DEBUG Input                - Registered new binding: Arrow down - Down
14:07:10.444 [JavaFX Application Thread] DEBUG Input                - Registered new binding: Move Left - A
14:07:10.444 [JavaFX Application Thread] DEBUG Input                - Registered new binding: Arrow Left - Left
14:07:10.444 [JavaFX Application Thread] DEBUG Input                - Registered new binding: Move Right - D
14:07:10.444 [JavaFX Application Thread] DEBUG Input                - Registered new binding: Arrow right - Right
14:07:10.444 [JavaFX Application Thread] DEBUG Input                - Registered new binding: Place Bomb - Space
14:07:10.446 [JavaFX Application Thread] DEBUG FXGLAssetLoaderServi - Loading from file system: file:/C:/Users/V/Desktop/DemoBomberman/DemoBomberman/target/classes/assets/music/stage_theme.mp3
14:07:10.501 [FXGL Background Thread 4 ] DEBUG FXGLAssetLoaderServi - Loading from file system: jar:file:/C:/Users/V/.m2/repository/com/github/almasb/fxgl/11.17/fxgl-11.17.jar!/fxglassets/ui/fonts/lucida_console.ttf
14:07:10.524 [FXGL Background Thread 4 ] DEBUG FXGLAssetLoaderServi - Loading from file system: jar:file:/C:/Users/V/.m2/repository/com/github/almasb/fxgl/11.17/fxgl-11.17.jar!/fxglassets/ui/fonts/Courier-Prime.ttf
14:07:10.774 [JavaFX Application Thread] DEBUG AudioPlayer          - Playing music com.almasb.fxgl.audio.Music@ebc9f287
14:07:10.774 [JavaFX Application Thread] DEBUG FXGLAssetLoaderServi - Loading from file system: jar:file:/C:/Users/V/.m2/repository/com/github/almasb/fxgl/11.17/fxgl-11.17.jar!/fxglassets/textures/fxgl_icon.png
14:07:10.816 [JavaFX Application Thread] DEBUG FXGLAssetLoaderServi - Loading from file system: jar:file:/C:/Users/V/.m2/repository/com/github/almasb/fxgl/11.17/fxgl-11.17.jar!/fxglassets/textures/fxgl_default_cursor.png
14:07:10.819 [JavaFX Application Thread] DEBUG Input                - Registered new binding: Screenshot - CTRL+8
14:07:10.819 [JavaFX Application Thread] DEBUG Input                - Registered new binding: System info dump - CTRL+9
14:07:10.819 [JavaFX Application Thread] DEBUG Input                - Registered new binding: Restart - CTRL+R
14:07:10.820 [JavaFX Application Thread] DEBUG Input                - Registered new binding: Toggle Debug Camera - CTRL+C
14:07:10.822 [JavaFX Application Thread] DEBUG LoopRunner           - Starting loop
14:07:10.822 [JavaFX Application Thread] DEBUG LoopRunner           - Initializing JavaFX AnimationTimerLoop
14:07:10.826 [JavaFX Application Thread] DEBUG Input                - Clearing active input actions
14:07:10.840 [JavaFX Application Thread] DEBUG GameApplicationServi - Removing overlay from FXGLStartupScene and adding to FXGLMainMenuDummyScene
14:07:10.841 [JavaFX Application Thread] DEBUG PrimaryStageWindow   - FXGLStartupScene -> FXGLMainMenuDummyScene
14:07:10.841 [JavaFX Application Thread] DEBUG PrimaryStageWindow   - Push state: MainMenu
14:07:10.841 [JavaFX Application Thread] DEBUG Input                - Clearing active input actions
14:07:10.845 [JavaFX Application Thread] DEBUG GameApplicationServi - Removing overlay from FXGLMainMenuDummyScene and adding to MainMenu
14:07:10.845 [JavaFX Application Thread] DEBUG PrimaryStageWindow   - FXGLMainMenuDummyScene -> MainMenu
14:07:10.852 [JavaFX Application Thread] DEBUG FXGLApplication      - Registering font factories with UI factory
14:07:11.154 [FXGL Background Thread 2 ] INFO  UpdaterService       - Your current version:  11.17
14:07:11.154 [FXGL Background Thread 2 ] INFO  UpdaterService       - Latest stable version: 17.2
14:07:12.672 [JavaFX Application Thread] DEBUG Menu                 - fireExit()
14:07:12.680 [JavaFX Application Thread] DEBUG PrimaryStageWindow   - Push state: DialogSubScene
14:07:12.680 [JavaFX Application Thread] DEBUG Input                - Clearing active input actions
14:07:12.684 [JavaFX Application Thread] DEBUG GameApplicationServi - Removing overlay from MainMenu and adding to DialogSubScene
14:07:12.684 [JavaFX Application Thread] DEBUG PrimaryStageWindow   - MainMenu -> DialogSubScene
14:07:13.346 [FXGL Background Thread 3 ] DEBUG Engine               - Logging environment variables
14:07:13.346 [FXGL Background Thread 3 ] DEBUG Engine               - achievements: []
14:07:13.346 [FXGL Background Thread 3 ] DEBUG Engine               - actualHeight: 864.0
14:07:13.346 [FXGL Background Thread 3 ] DEBUG Engine               - actualHeightProperty: ReadOnlyDoubleProperty [value: 864.0]
14:07:13.346 [FXGL Background Thread 3 ] DEBUG Engine               - actualWidth: 1536.0
14:07:13.346 [FXGL Background Thread 3 ] DEBUG Engine               - actualWidthProperty: ReadOnlyDoubleProperty [value: 1536.0]
14:07:13.346 [FXGL Background Thread 3 ] DEBUG Engine               - appIcon: fxgl_icon.png
14:07:13.346 [FXGL Background Thread 3 ] DEBUG Engine               - applicationMode: DEVELOPER
14:07:13.346 [FXGL Background Thread 3 ] DEBUG Engine               - cSSList: [fxgl_dark.css]
14:07:13.346 [FXGL Background Thread 3 ] DEBUG Engine               - collisionDetectionStrategy: BRUTE_FORCE
14:07:13.346 [FXGL Background Thread 3 ] DEBUG Engine               - configClass: Optional.empty
14:07:13.346 [FXGL Background Thread 3 ] DEBUG Engine               - credits: []
14:07:13.346 [FXGL Background Thread 3 ] DEBUG Engine               - defaultCursor: CursorInfo(imageName=fxgl_default_cursor.png, hotspotX=7.0, hotspotY=6.0)
14:07:13.347 [FXGL Background Thread 3 ] DEBUG Engine               - devBBoxColorProperty: ObjectProperty [value: 0xff0000ff]
14:07:13.347 [FXGL Background Thread 3 ] DEBUG Engine               - devEnableDebugCameraProperty: BooleanProperty [value: false]
14:07:13.347 [FXGL Background Thread 3 ] DEBUG Engine               - devSensorColorProperty: ObjectProperty [value: 0xffff00ff]
14:07:13.347 [FXGL Background Thread 3 ] DEBUG Engine               - devShowBBoxProperty: BooleanProperty [value: false]
14:07:13.347 [FXGL Background Thread 3 ] DEBUG Engine               - devShowPositionProperty: BooleanProperty [value: false]
14:07:13.347 [FXGL Background Thread 3 ] DEBUG Engine               - enabledMenuItems: []
14:07:13.347 [FXGL Background Thread 3 ] DEBUG Engine               - engineServices: [class com.almasb.fxgl.app.services.FXGLAssetLoaderService, class com.almasb.fxgl.app.FXGLApplication$GameApplicationService, class com.almasb.fxgl.app.services.FXGLDialogService, class com.almasb.fxgl.app.services.IOTaskExecutorService, class com.almasb.fxgl.io.FileSystemService, class com.almasb.fxgl.localization.LocalizationService, class com.almasb.fxgl.app.services.SystemBundleService, class com.almasb.fxgl.profile.SaveLoadService, class com.almasb.fxgl.ui.FXGLUIFactoryServiceProvider, class com.almasb.fxgl.ui.FXGLDialogFactoryServiceProvider, class com.almasb.fxgl.audio.AudioPlayer, class com.almasb.fxgl.notification.impl.NotificationServiceProvider, class com.almasb.fxgl.achievement.AchievementService, class com.almasb.fxgl.cutscene.CutsceneService, class com.almasb.fxgl.minigames.MiniGameService, class com.almasb.fxgl.net.NetService, class com.almasb.fxgl.app.services.UpdaterService, class com.almasb.fxgl.dev.DevService]
14:07:13.347 [FXGL Background Thread 3 ] DEBUG Engine               - fontGame: Abel-Regular.ttf
14:07:13.347 [FXGL Background Thread 3 ] DEBUG Engine               - fontMono: lucida_console.ttf
14:07:13.347 [FXGL Background Thread 3 ] DEBUG Engine               - fontText: Courier-Prime.ttf
14:07:13.347 [FXGL Background Thread 3 ] DEBUG Engine               - fontUI: game_font.ttf
14:07:13.347 [FXGL Background Thread 3 ] DEBUG Engine               - fullScreen: BooleanProperty [value: true]
14:07:13.347 [FXGL Background Thread 3 ] DEBUG Engine               - gameDifficulty: MEDIUM
14:07:13.347 [FXGL Background Thread 3 ] DEBUG Engine               - gameDifficultyProperty: ObjectProperty [value: MEDIUM]
14:07:13.347 [FXGL Background Thread 3 ] DEBUG Engine               - globalMusicVolume: 0.5
14:07:13.347 [FXGL Background Thread 3 ] DEBUG Engine               - globalMusicVolumeProperty: DoubleProperty [value: 0.5]
14:07:13.347 [FXGL Background Thread 3 ] DEBUG Engine               - globalSoundVolume: 0.5
14:07:13.347 [FXGL Background Thread 3 ] DEBUG Engine               - globalSoundVolumeProperty: DoubleProperty [value: 0.5]
14:07:13.347 [FXGL Background Thread 3 ] DEBUG Engine               - height: 720
14:07:13.347 [FXGL Background Thread 3 ] DEBUG Engine               - is3D: false
14:07:13.347 [FXGL Background Thread 3 ] DEBUG Engine               - isAndroid: false
14:07:13.347 [FXGL Background Thread 3 ] DEBUG Engine               - isBrowser: false
14:07:13.347 [FXGL Background Thread 3 ] DEBUG Engine               - isClickFeedbackEnabled: false
14:07:13.347 [FXGL Background Thread 3 ] DEBUG Engine               - isCloseConfirmation: false
14:07:13.347 [FXGL Background Thread 3 ] DEBUG Engine               - isDesktop: true
14:07:13.347 [FXGL Background Thread 3 ] DEBUG Engine               - isDeveloperMenuEnabled: false
14:07:13.347 [FXGL Background Thread 3 ] DEBUG Engine               - isEntityPreloadEnabled: true
14:07:13.347 [FXGL Background Thread 3 ] DEBUG Engine               - isExperimentalTiledLargeMap: false
14:07:13.347 [FXGL Background Thread 3 ] DEBUG Engine               - isFileSystemWriteAllowed: true
14:07:13.347 [FXGL Background Thread 3 ] DEBUG Engine               - isFullScreenAllowed: true
14:07:13.347 [FXGL Background Thread 3 ] DEBUG Engine               - isFullScreenFromStart: true
14:07:13.347 [FXGL Background Thread 3 ] DEBUG Engine               - isGameMenuEnabled: true
14:07:13.347 [FXGL Background Thread 3 ] DEBUG Engine               - isIOS: false
14:07:13.347 [FXGL Background Thread 3 ] DEBUG Engine               - isIntroEnabled: false
14:07:13.347 [FXGL Background Thread 3 ] DEBUG Engine               - isLinux: false
14:07:13.347 [FXGL Background Thread 3 ] DEBUG Engine               - isMac: false
14:07:13.347 [FXGL Background Thread 3 ] DEBUG Engine               - isMainMenuEnabled: true
14:07:13.347 [FXGL Background Thread 3 ] DEBUG Engine               - isManualResizeEnabled: false
14:07:13.347 [FXGL Background Thread 3 ] DEBUG Engine               - isMobile: false
14:07:13.347 [FXGL Background Thread 3 ] DEBUG Engine               - isNative: false
14:07:13.347 [FXGL Background Thread 3 ] DEBUG Engine               - isPauseMusicWhenMinimized: true
14:07:13.347 [FXGL Background Thread 3 ] DEBUG Engine               - isPreserveResizeRatio: false
14:07:13.347 [FXGL Background Thread 3 ] DEBUG Engine               - isProfilingEnabled: false
14:07:13.347 [FXGL Background Thread 3 ] DEBUG Engine               - isScaleAffectedOnResize: true
14:07:13.347 [FXGL Background Thread 3 ] DEBUG Engine               - isSingleStep: false
14:07:13.347 [FXGL Background Thread 3 ] DEBUG Engine               - isUserProfileEnabled: false
14:07:13.347 [FXGL Background Thread 3 ] DEBUG Engine               - isWindows: true
14:07:13.347 [FXGL Background Thread 3 ] DEBUG Engine               - language: ObjectProperty [value: ENGLISH]
14:07:13.348 [FXGL Background Thread 3 ] DEBUG Engine               - menuKey: ESCAPE
14:07:13.348 [FXGL Background Thread 3 ] DEBUG Engine               - mouseSensitivity: 0.2
14:07:13.348 [FXGL Background Thread 3 ] DEBUG Engine               - notificationViewClass: class com.almasb.fxgl.notification.view.XboxNotificationView
14:07:13.348 [FXGL Background Thread 3 ] DEBUG Engine               - pixelsPerMeter: 50.0
14:07:13.348 [FXGL Background Thread 3 ] DEBUG Engine               - platform: WINDOWS
14:07:13.348 [FXGL Background Thread 3 ] DEBUG Engine               - prefHeightProperty: ReadOnlyDoubleProperty [value: 720.0]
14:07:13.348 [FXGL Background Thread 3 ] DEBUG Engine               - prefWidthProperty: ReadOnlyDoubleProperty [value: 1280.0]
14:07:13.348 [FXGL Background Thread 3 ] DEBUG Engine               - profileDir: profiles/
14:07:13.348 [FXGL Background Thread 3 ] DEBUG Engine               - profileName: StringProperty [value: DEFAULT]
14:07:13.348 [FXGL Background Thread 3 ] DEBUG Engine               - randomSeed: -1
14:07:13.348 [FXGL Background Thread 3 ] DEBUG Engine               - runtimeInfo: RuntimeInfo(platform=WINDOWS, version=11.17, build=16.07.2021 15.46)
14:07:13.348 [FXGL Background Thread 3 ] DEBUG Engine               - saveFileExt: sav
14:07:13.348 [FXGL Background Thread 3 ] DEBUG Engine               - scaledHeightProp$fxgl: DoubleProperty [bound, value: 864.0]
14:07:13.348 [FXGL Background Thread 3 ] DEBUG Engine               - scaledWidthProp$fxgl: DoubleProperty [bound, value: 1536.0]
14:07:13.348 [FXGL Background Thread 3 ] DEBUG Engine               - sceneFactory: Bomberman.BombermanApp$1@1062014c
14:07:13.348 [FXGL Background Thread 3 ] DEBUG Engine               - secondsIn24h: 60
14:07:13.348 [FXGL Background Thread 3 ] DEBUG Engine               - soundMenuBack: menu/back.wav
14:07:13.348 [FXGL Background Thread 3 ] DEBUG Engine               - soundMenuPress: menu/press.wav
14:07:13.348 [FXGL Background Thread 3 ] DEBUG Engine               - soundMenuSelect: menu/select.wav
14:07:13.348 [FXGL Background Thread 3 ] DEBUG Engine               - soundNotification: core/notification.wav
14:07:13.348 [FXGL Background Thread 3 ] DEBUG Engine               - stageStyle: DECORATED
14:07:13.348 [FXGL Background Thread 3 ] DEBUG Engine               - supportedLanguages: [ENGLISH, FRENCH, GERMAN, HUNGARIAN, RUSSIAN]
14:07:13.348 [FXGL Background Thread 3 ] DEBUG Engine               - ticksPerSecond: -1
14:07:13.348 [FXGL Background Thread 3 ] DEBUG Engine               - title: BOMBER 
 MAN
14:07:13.348 [FXGL Background Thread 3 ] DEBUG Engine               - urlGithub: https://github.com/AlmasB/FXGL
14:07:13.348 [FXGL Background Thread 3 ] DEBUG Engine               - urlLeaderboard: http://fxgl-top.herokuapp.com/
14:07:13.348 [FXGL Background Thread 3 ] DEBUG Engine               - urlPOM: https://raw.githubusercontent.com/AlmasB/FXGL/release/README.md
14:07:13.348 [FXGL Background Thread 3 ] DEBUG Engine               - userAppClass: class Bomberman.BombermanApp
14:07:13.348 [FXGL Background Thread 3 ] DEBUG Engine               - version: 2.0
14:07:13.348 [FXGL Background Thread 3 ] DEBUG Engine               - versionCheckDays: 7
14:07:13.348 [FXGL Background Thread 3 ] DEBUG Engine               - width: 1280
14:07:13.348 [FXGL Background Thread 3 ] DEBUG Engine               - Logging services
14:07:13.348 [FXGL Background Thread 3 ] DEBUG Engine               - class com.almasb.fxgl.app.services.FXGLAssetLoaderService
14:07:13.348 [FXGL Background Thread 3 ] DEBUG Engine               - class com.almasb.fxgl.app.FXGLApplication$GameApplicationService
14:07:13.348 [FXGL Background Thread 3 ] DEBUG Engine               - class com.almasb.fxgl.app.services.FXGLDialogService
14:07:13.348 [FXGL Background Thread 3 ] DEBUG Engine               - class com.almasb.fxgl.app.services.IOTaskExecutorService
14:07:13.348 [FXGL Background Thread 3 ] DEBUG Engine               - class com.almasb.fxgl.io.FileSystemService
14:07:13.348 [FXGL Background Thread 3 ] DEBUG Engine               - class com.almasb.fxgl.localization.LocalizationService
14:07:13.348 [FXGL Background Thread 3 ] DEBUG Engine               - class com.almasb.fxgl.app.services.SystemBundleService
14:07:13.348 [FXGL Background Thread 3 ] DEBUG Engine               - class com.almasb.fxgl.profile.SaveLoadService
14:07:13.348 [FXGL Background Thread 3 ] DEBUG Engine               - class com.almasb.fxgl.ui.FXGLUIFactoryServiceProvider
14:07:13.348 [FXGL Background Thread 3 ] DEBUG Engine               - class com.almasb.fxgl.ui.FXGLDialogFactoryServiceProvider
14:07:13.348 [FXGL Background Thread 3 ] DEBUG Engine               - class com.almasb.fxgl.audio.AudioPlayer
14:07:13.348 [FXGL Background Thread 3 ] DEBUG Engine               - class com.almasb.fxgl.notification.impl.NotificationServiceProvider
14:07:13.348 [FXGL Background Thread 3 ] DEBUG Engine               - class com.almasb.fxgl.achievement.AchievementService
14:07:13.348 [FXGL Background Thread 3 ] DEBUG Engine               - class com.almasb.fxgl.cutscene.CutsceneService
14:07:13.348 [FXGL Background Thread 3 ] DEBUG Engine               - class com.almasb.fxgl.minigames.MiniGameService
14:07:13.348 [FXGL Background Thread 3 ] DEBUG Engine               - class com.almasb.fxgl.net.NetService
14:07:13.348 [FXGL Background Thread 3 ] DEBUG Engine               - class com.almasb.fxgl.app.services.UpdaterService
14:07:13.348 [FXGL Background Thread 3 ] DEBUG Engine               - class com.almasb.fxgl.dev.DevService
14:07:13.480 [JavaFX Application Thread] DEBUG PrimaryStageWindow   - Pop state: DialogSubScene
14:07:13.481 [JavaFX Application Thread] DEBUG Input                - Clearing active input actions
14:07:13.482 [JavaFX Application Thread] DEBUG GameApplicationServi - Removing overlay from DialogSubScene and adding to MainMenu
14:07:13.482 [JavaFX Application Thread] DEBUG PrimaryStageWindow   - MainMenu <- DialogSubScene
14:07:13.482 [JavaFX Application Thread] DEBUG FXGLApplication      - Exiting FXGL
14:07:13.483 [JavaFX Application Thread] DEBUG LoopRunner           - Stopping loop
14:07:13.483 [JavaFX Application Thread] DEBUG SystemBundleService  - Saving FXGL system data
14:07:13.485 [JavaFX Application Thread] DEBUG FileSystemAccess     - Writing to: C:\Users\V\Desktop\DemoBomberman\DemoBomberman\system\fxgl.bundle
14:07:13.486 [JavaFX Application Thread] DEBUG Async                - Shutting down background threads
14:07:13.486 [JavaFX Application Thread] DEBUG PrimaryStageWindow   - Closing main window
14:07:13.504 [JavaFX Application Thread] DEBUG Logger               - Closing Logger
